
Options: -R -B -M 7 -N 9 -L -A 

J48 pruned tree
------------------

make = volvo: -1 (10.0/3.0)
make != volvo
|   height <= 50.2: 3 (17.0/2.0)
|   height > 50.2
|   |   num-of-doors = four
|   |   |   height <= 51.6: 1 (9.6/1.0)
|   |   |   height > 51.6
|   |   |   |   make = volkswagen: 2 (8.0/3.0)
|   |   |   |   make != volkswagen
|   |   |   |   |   num-of-cylinders = five: -1 (7.0/4.0)
|   |   |   |   |   num-of-cylinders != five
|   |   |   |   |   |   curb-weight <= 2050.0: 1 (10.0/4.0)
|   |   |   |   |   |   curb-weight > 2050.0: 0 (59.6/13.0)
|   |   num-of-doors != four: 1 (61.79/33.4)

Number of Leaves  : 	8

Size of the tree : 	15


Time taken to build model: 0.23 seconds
Time taken to test model on training data: 0.06 seconds

=== Error on training data ===

Correctly Classified Instances         134               65.3659 %
Incorrectly Classified Instances        71               34.6341 %
Kappa statistic                          0.5351
Mean absolute error                      0.1582
Root mean squared error                  0.266 
Relative absolute error                 71.6059 %
Root relative squared error             80.1908 %
Total Number of Instances              205     


=== Confusion Matrix ===

  a  b  c  d  e  f  g   <-- classified as
  0  0  0  0  0  0  0 |  a = -3
  0  0  3  0  0  0  0 |  b = -2
  0  0 11 10  1  0  0 |  c = -1
  0  0  0 53 10  3  1 |  d = 0
  0  0  3  1 49  0  1 |  e = 1
  0  0  1  4 22  5  0 |  f = 2
  0  0  0  0 11  0 16 |  g = 3



=== Stratified cross-validation ===

Correctly Classified Instances         130               63.4146 %
Incorrectly Classified Instances        75               36.5854 %
Kappa statistic                          0.5092
Mean absolute error                      0.1643
Root mean squared error                  0.276 
Relative absolute error                 74.3157 %
Root relative squared error             83.1507 %
Total Number of Instances              205     


=== Confusion Matrix ===

  a  b  c  d  e  f  g   <-- classified as
  0  0  0  0  0  0  0 |  a = -3
  0  0  3  0  0  0  0 |  b = -2
  0  0 12  9  1  0  0 |  c = -1
  0  0  0 57  4  3  3 |  d = 0
  0  0  2  9 38  1  4 |  e = 1
  0  0  0 10 16  5  1 |  f = 2
  0  0  0  1  6  2 18 |  g = 3

