
Options: -R -M 2 -N 7 -A 

J48 pruned tree
------------------

num-of-doors = four
|   make = alfa-romero: 0 (0.0)
|   make = audi: 1 (4.0/1.0)
|   make = bmw: 0 (3.0/1.0)
|   make = chevrolet: 0 (1.0)
|   make = dodge: 1 (4.0/1.0)
|   make = honda: 0 (4.0)
|   make = isuzu: 0 (2.0)
|   make = jaguar: 0 (2.0)
|   make = mazda: 0 (7.57/2.0)
|   make = mercedes-benz: -1 (5.0/1.0)
|   make = mercury: 0 (0.0)
|   make = mitsubishi: 1 (3.0/1.0)
|   make = nissan: 0 (9.0/4.0)
|   make = peugot: 0 (10.0)
|   make = plymouth: 1 (4.0/1.0)
|   make = porsche: 0 (0.0)
|   make = renault: 0 (1.0)
|   make = saab: 2 (3.0)
|   make = subaru: 0 (8.0)
|   make = toyota
|   |   wheel-base <= 98.8: 0 (9.0/1.0)
|   |   wheel-base > 98.8: -1 (5.0)
|   make = volkswagen
|   |   wheel-base <= 98.8: 2 (4.0)
|   |   wheel-base > 98.8: 0 (2.0)
|   make = volvo
|   |   normalized-losses <= 98: -1 (7.0)
|   |   normalized-losses > 98: -2 (2.0)
num-of-doors = two
|   city-mpg <= 22
|   |   wheel-base <= 99.1: 3 (20.0/2.0)
|   |   wheel-base > 99.1: 0 (10.0/6.0)
|   city-mpg > 22
|   |   compression-ratio <= 8.5
|   |   |   wheel-base <= 93.7: 1 (2.0)
|   |   |   wheel-base > 93.7: 3 (4.0)
|   |   compression-ratio > 8.5
|   |   |   bore <= 3.39
|   |   |   |   width <= 64.2
|   |   |   |   |   wheel-base <= 89.5: 2 (2.0)
|   |   |   |   |   wheel-base > 89.5: 1 (19.0/1.0)
|   |   |   |   width > 64.2
|   |   |   |   |   engine-size <= 109: 2 (5.0)
|   |   |   |   |   engine-size > 109: 1 (3.43/1.43)
|   |   |   bore > 3.39: 2 (11.0)

Number of Leaves  : 	34

Size of the tree : 	47


Time taken to build model: 0.15 seconds
Time taken to test model on training data: 0.06 seconds

=== Error on training data ===

Correctly Classified Instances         180               87.8049 %
Incorrectly Classified Instances        25               12.1951 %
Kappa statistic                          0.8402
Mean absolute error                      0.1461
Root mean squared error                  0.2268
Relative absolute error                 66.1179 %
Root relative squared error             68.3708 %
Total Number of Instances              205     


=== Confusion Matrix ===

  a  b  c  d  e  f  g   <-- classified as
  0  0  0  0  0  0  0 |  a = -3
  0  3  0  0  0  0  0 |  b = -2
  0  0 19  0  3  0  0 |  c = -1
  0  0  1 64  2  0  0 |  d = 0
  0  0  0 11 41  0  2 |  e = 1
  0  0  0  1  3 28  0 |  f = 2
  0  0  0  2  0  0 25 |  g = 3



=== Stratified cross-validation ===

Correctly Classified Instances         143               69.7561 %
Incorrectly Classified Instances        62               30.2439 %
Kappa statistic                          0.6056
Mean absolute error                      0.1722
Root mean squared error                  0.2726
Relative absolute error                 77.895  %
Root relative squared error             82.1208 %
Total Number of Instances              205     


=== Confusion Matrix ===

  a  b  c  d  e  f  g   <-- classified as
  0  0  0  0  0  0  0 |  a = -3
  0  0  3  0  0  0  0 |  b = -2
  0  0 18  1  2  1  0 |  c = -1
  0  0  1 53  7  3  3 |  d = 0
  0  0  1  5 39  2  7 |  e = 1
  0  0  0  4 13 12  3 |  f = 2
  0  0  1  1  3  1 21 |  g = 3

