
Options: -R -M 5 -N 4 -L -A 

J48 pruned tree
------------------

num-of-doors = four
|   make = alfa-romero: 0 (0.0)
|   make = audi: 1 (4.0/2.0)
|   make = bmw: 0 (4.0)
|   make = chevrolet: 0 (1.0)
|   make = dodge: 1 (3.0/1.0)
|   make = honda: 0 (2.0)
|   make = isuzu: 0 (1.0)
|   make = jaguar: 0 (2.0)
|   make = mazda: 0 (4.56/2.0)
|   make = mercedes-benz: -1 (3.0/1.0)
|   make = mercury: 0 (0.0)
|   make = mitsubishi: 1 (3.0/1.0)
|   make = nissan: 0 (8.0/4.0)
|   make = peugot: 0 (9.0)
|   make = plymouth: 1 (3.0/1.0)
|   make = porsche: 0 (0.0)
|   make = renault: 0 (1.0)
|   make = saab: 2 (2.0)
|   make = subaru: 0 (6.0)
|   make = toyota
|   |   wheel-base <= 98.8: 0 (9.0/1.0)
|   |   wheel-base > 98.8: -1 (6.0)
|   make = volkswagen: 2 (6.0/2.0)
|   make = volvo: -1 (8.0/2.0)
num-of-doors = two
|   city-mpg <= 22: 3 (24.0/7.0)
|   city-mpg > 22
|   |   bore <= 3.39: 1 (35.44/13.44)
|   |   bore > 3.39: 2 (9.0)

Number of Leaves  : 	26

Size of the tree : 	31


Time taken to build model: 0.11 seconds
Time taken to test model on training data: 0.05 seconds

=== Error on training data ===

Correctly Classified Instances         158               77.0732 %
Incorrectly Classified Instances        47               22.9268 %
Kappa statistic                          0.7017
Mean absolute error                      0.1658
Root mean squared error                  0.2593
Relative absolute error                 75.0689 %
Root relative squared error             78.1616 %
Total Number of Instances              205     


=== Confusion Matrix ===

  a  b  c  d  e  f  g   <-- classified as
  0  0  0  0  0  0  0 |  a = -3
  0  0  3  0  0  0  0 |  b = -2
  0  0 19  0  3  0  0 |  c = -1
  0  0  1 55  3  3  5 |  d = 0
  0  0  0  8 41  0  5 |  e = 1
  0  0  0  0 11 20  1 |  f = 2
  0  0  0  0  4  0 23 |  g = 3



=== Stratified cross-validation ===

Correctly Classified Instances         139               67.8049 %
Incorrectly Classified Instances        66               32.1951 %
Kappa statistic                          0.5794
Mean absolute error                      0.1732
Root mean squared error                  0.276 
Relative absolute error                 78.3493 %
Root relative squared error             83.1596 %
Total Number of Instances              205     


=== Confusion Matrix ===

  a  b  c  d  e  f  g   <-- classified as
  0  0  0  0  0  0  0 |  a = -3
  0  0  3  0  0  0  0 |  b = -2
  0  0 17  3  2  0  0 |  c = -1
  0  0  2 49  8  3  5 |  d = 0
  0  0  2  5 41  1  5 |  e = 1
  0  0  0  5 14 11  2 |  f = 2
  0  0  1  0  5  0 21 |  g = 3

