
Options: -R -M 4 -N 3 -L -A 

J48 pruned tree
------------------

num-of-doors = four
|   make = alfa-romero: 0 (0.0)
|   make = audi: 1 (4.0/1.0)
|   make = bmw: 0 (3.0)
|   make = chevrolet: 0 (1.0)
|   make = dodge: 1 (2.58)
|   make = honda: 0 (4.0)
|   make = isuzu: 0 (1.0)
|   make = jaguar: 0 (2.0)
|   make = mazda: 0 (5.0/1.0)
|   make = mercedes-benz: -1 (4.0/1.0)
|   make = mercury: 0 (0.0)
|   make = mitsubishi: 1 (3.0/1.0)
|   make = nissan: 0 (6.0/3.0)
|   make = peugot: 0 (7.0)
|   make = plymouth: 1 (3.0/1.0)
|   make = porsche: 0 (0.0)
|   make = renault: 0 (1.0)
|   make = saab: 2 (2.0)
|   make = subaru: 0 (6.0)
|   make = toyota
|   |   wheel-base <= 98.8: 0 (8.0/1.0)
|   |   wheel-base > 98.8: -1 (5.0)
|   make = volkswagen: 2 (5.0/2.0)
|   make = volvo: -1 (7.0/2.0)
num-of-doors = two
|   city-mpg <= 22
|   |   drive-wheels = 4wd: 0 (1.0)
|   |   drive-wheels = fwd: 3 (5.0/1.0)
|   |   drive-wheels = rwd
|   |   |   body-style = hardtop: 1 (2.0/1.0)
|   |   |   body-style = wagon: 3 (0.0)
|   |   |   body-style = sedan: 0 (1.0)
|   |   |   body-style = hatchback: 3 (10.0/3.0)
|   |   |   body-style = convertible: 3 (4.0)
|   city-mpg > 22
|   |   bore <= 3.39
|   |   |   engine-size <= 103
|   |   |   |   bore <= 2.97
|   |   |   |   |   normalized-losses <= 119: 1 (4.0)
|   |   |   |   |   normalized-losses > 119: 2 (5.0)
|   |   |   |   bore > 2.97: 1 (12.42)
|   |   |   engine-size > 103: 3 (5.0/3.0)
|   |   bore > 3.39: 2 (8.0)

Number of Leaves  : 	35

Size of the tree : 	45


Time taken to build model: 0.07 seconds
Time taken to test model on training data: 0.06 seconds

=== Error on training data ===

Correctly Classified Instances         169               82.439  %
Incorrectly Classified Instances        36               17.561  %
Kappa statistic                          0.7723
Mean absolute error                      0.1655
Root mean squared error                  0.2506
Relative absolute error                 74.9273 %
Root relative squared error             75.5253 %
Total Number of Instances              205     


=== Confusion Matrix ===

  a  b  c  d  e  f  g   <-- classified as
  0  0  0  0  0  0  0 |  a = -3
  0  0  3  0  0  0  0 |  b = -2
  0  0 19  0  3  0  0 |  c = -1
  0  0  1 60  1  3  2 |  d = 0
  0  0  0  8 39  0  7 |  e = 1
  0  0  0  0  4 26  2 |  f = 2
  0  0  0  0  2  0 25 |  g = 3



=== Stratified cross-validation ===

Correctly Classified Instances         136               66.3415 %
Incorrectly Classified Instances        69               33.6585 %
Kappa statistic                          0.5593
Mean absolute error                      0.1842
Root mean squared error                  0.2903
Relative absolute error                 83.3133 %
Root relative squared error             87.4693 %
Total Number of Instances              205     


=== Confusion Matrix ===

  a  b  c  d  e  f  g   <-- classified as
  0  0  0  0  0  0  0 |  a = -3
  0  0  3  0  0  0  0 |  b = -2
  0  1 19  2  0  0  0 |  c = -1
  0  0  2 53  6  3  3 |  d = 0
  0  0  4  8 35  3  4 |  e = 1
  0  0  0  7 13 12  0 |  f = 2
  0  0  1  1  6  2 17 |  g = 3

