
Options: -R -B -M 3 -N 3 

J48 pruned tree
------------------

make = volvo: -1 (7.0/2.0)
make != volvo
|   num-of-doors = four
|   |   height <= 51.6: 1 (7.56/1.0)
|   |   height > 51.6
|   |   |   make = audi: 1 (4.0/1.0)
|   |   |   make != audi
|   |   |   |   curb-weight <= 2050.0: 1 (9.0/4.0)
|   |   |   |   curb-weight > 2050.0
|   |   |   |   |   make = volkswagen: 2 (5.0/2.0)
|   |   |   |   |   make != volkswagen
|   |   |   |   |   |   num-of-cylinders = five: -1 (3.0)
|   |   |   |   |   |   num-of-cylinders != five
|   |   |   |   |   |   |   normalized-losses <= 74.0: -1 (4.89/0.78)
|   |   |   |   |   |   |   normalized-losses > 74.0: 0 (39.11/3.89)
|   num-of-doors != four
|   |   city-mpg <= 22.0
|   |   |   engine-type = ohc
|   |   |   |   num-of-cylinders = four: 3 (5.0)
|   |   |   |   num-of-cylinders != four: 0 (3.0/1.0)
|   |   |   engine-type != ohc: 3 (15.0/4.0)
|   |   city-mpg > 22.0
|   |   |   compression-ratio <= 8.5: 3 (3.44/1.44)
|   |   |   compression-ratio > 8.5
|   |   |   |   bore <= 3.39: 1 (23.0/7.0)
|   |   |   |   bore > 3.39: 2 (8.0)

Number of Leaves  : 	14

Size of the tree : 	27


Time taken to build model: 0.12 seconds
Time taken to test model on training data: 0.03 seconds

=== Error on training data ===

Correctly Classified Instances         163               79.5122 %
Incorrectly Classified Instances        42               20.4878 %
Kappa statistic                          0.7322
Mean absolute error                      0.0889
Root mean squared error                  0.2121
Relative absolute error                 40.2246 %
Root relative squared error             63.9195 %
Total Number of Instances              205     


=== Confusion Matrix ===

  a  b  c  d  e  f  g   <-- classified as
  0  0  0  0  0  0  0 |  a = -3
  0  0  3  0  0  0  0 |  b = -2
  0  0 17  4  1  0  0 |  c = -1
  0  0  0 57  6  3  1 |  d = 0
  0  0  0  1 45  0  8 |  e = 1
  0  0  0  4 11 17  0 |  f = 2
  0  0  0  0  0  0 27 |  g = 3



=== Stratified cross-validation ===

Correctly Classified Instances         131               63.9024 %
Incorrectly Classified Instances        74               36.0976 %
Kappa statistic                          0.527 
Mean absolute error                      0.125 
Root mean squared error                  0.2849
Relative absolute error                 56.5555 %
Root relative squared error             85.8525 %
Total Number of Instances              205     


=== Confusion Matrix ===

  a  b  c  d  e  f  g   <-- classified as
  0  0  0  0  0  0  0 |  a = -3
  0  0  3  0  0  0  0 |  b = -2
  0  1 16  5  0  0  0 |  c = -1
  0  0  4 49  7  3  4 |  d = 0
  0  0  1 10 35  1  7 |  e = 1
  0  0  0  5 13 14  0 |  f = 2
  0  0  1  4  2  3 17 |  g = 3

