
Options: -R -B -M 5 -N 3 

J48 pruned tree
------------------

make = volvo: -1 (7.0/2.0)
make != volvo
|   num-of-doors = four
|   |   height <= 51.6: 1 (7.56/1.0)
|   |   height > 51.6
|   |   |   make = volkswagen: 2 (5.0/2.0)
|   |   |   make != volkswagen
|   |   |   |   num-of-cylinders = five: -1 (6.0/3.0)
|   |   |   |   num-of-cylinders != five
|   |   |   |   |   horsepower <= 69.0: 1 (8.15/3.15)
|   |   |   |   |   horsepower > 69.0
|   |   |   |   |   |   make = toyota: -1 (9.0/4.0)
|   |   |   |   |   |   make != toyota: 0 (36.85/4.0)
|   num-of-doors != four
|   |   city-mpg <= 22.0
|   |   |   wheel-base <= 99.1: 3 (17.0/2.0)
|   |   |   wheel-base > 99.1: 0 (6.0/4.0)
|   |   city-mpg > 22.0
|   |   |   bore <= 3.39: 1 (26.44/9.0)
|   |   |   bore > 3.39: 2 (8.0)

Number of Leaves  : 	11

Size of the tree : 	21


Time taken to build model: 0.17 seconds
Time taken to test model on training data: 0.07 seconds

=== Error on training data ===

Correctly Classified Instances         152               74.1463 %
Incorrectly Classified Instances        53               25.8537 %
Kappa statistic                          0.6619
Mean absolute error                      0.1028
Root mean squared error                  0.2295
Relative absolute error                 46.5473 %
Root relative squared error             69.1876 %
Total Number of Instances              205     


=== Confusion Matrix ===

  a  b  c  d  e  f  g   <-- classified as
  0  0  0  0  0  0  0 |  a = -3
  0  0  3  0  0  0  0 |  b = -2
  0  0 18  3  1  0  0 |  c = -1
  0  0  5 51  8  3  0 |  d = 0
  0  0  3  4 45  0  2 |  e = 1
  0  0  1  5  9 17  0 |  f = 2
  0  0  0  2  4  0 21 |  g = 3



=== Stratified cross-validation ===

Correctly Classified Instances         123               60      %
Incorrectly Classified Instances        82               40      %
Kappa statistic                          0.4698
Mean absolute error                      0.1438
Root mean squared error                  0.2998
Relative absolute error                 65.0474 %
Root relative squared error             90.315  %
Total Number of Instances              205     


=== Confusion Matrix ===

  a  b  c  d  e  f  g   <-- classified as
  0  0  0  0  0  0  0 |  a = -3
  0  0  3  0  0  0  0 |  b = -2
  0  0 10 12  0  0  0 |  c = -1
  0  0  2 52  4  4  5 |  d = 0
  0  0  2  9 33  4  6 |  e = 1
  0  0  0  8 14  9  1 |  f = 2
  0  0  0  3  1  4 19 |  g = 3

