
Options: -R -B -M 8 -N 8 -L -A 

J48 pruned tree
------------------

make = volvo: -1 (10.0/3.0)
make != volvo
|   num-of-doors = four
|   |   wheel-base <= 95.1: 1 (12.52/2.0)
|   |   wheel-base > 95.1
|   |   |   wheel-base <= 101.2
|   |   |   |   width <= 65.4: 0 (28.0/4.0)
|   |   |   |   width > 65.4
|   |   |   |   |   engine-size <= 121.0: 2 (9.0/2.0)
|   |   |   |   |   engine-size > 121.0: 0 (8.52/1.0)
|   |   |   wheel-base > 101.2: 0 (30.0/14.0)
|   num-of-doors != four
|   |   city-mpg <= 22.0: 3 (30.0/10.0)
|   |   city-mpg > 22.0
|   |   |   bore <= 3.39: 1 (40.96/15.48)
|   |   |   bore > 3.39: 2 (11.0)

Number of Leaves  : 	9

Size of the tree : 	17


Time taken to build model: 0.16 seconds
Time taken to test model on training data: 0.05 seconds

=== Error on training data ===

Correctly Classified Instances         148               72.1951 %
Incorrectly Classified Instances        57               27.8049 %
Kappa statistic                          0.6316
Mean absolute error                      0.1515
Root mean squared error                  0.2526
Relative absolute error                 68.5554 %
Root relative squared error             76.1258 %
Total Number of Instances              205     


=== Confusion Matrix ===

  a  b  c  d  e  f  g   <-- classified as
  0  0  0  0  0  0  0 |  a = -3
  0  0  3  0  0  0  0 |  b = -2
  0  0  8 14  0  0  0 |  c = -1
  0  0  0 55  5  2  5 |  d = 0
  0  0  0  8 41  0  5 |  e = 1
  0  0  0  1  9 21  1 |  f = 2
  0  0  0  0  4  0 23 |  g = 3



=== Stratified cross-validation ===

Correctly Classified Instances         129               62.9268 %
Incorrectly Classified Instances        76               37.0732 %
Kappa statistic                          0.5075
Mean absolute error                      0.1668
Root mean squared error                  0.28  
Relative absolute error                 75.4647 %
Root relative squared error             84.3562 %
Total Number of Instances              205     


=== Confusion Matrix ===

  a  b  c  d  e  f  g   <-- classified as
  0  0  0  0  0  0  0 |  a = -3
  0  0  3  0  0  0  0 |  b = -2
  0  0 12  9  1  0  0 |  c = -1
  0  0  0 55  6  2  4 |  d = 0
  0  0  5  7 37  1  4 |  e = 1
  0  0  1  8 15  5  3 |  f = 2
  0  0  0  0  6  1 20 |  g = 3

