
Options: -R -B -M 4 -N 6 -S -A 

J48 pruned tree
------------------

make = volvo: -1 (9.0/2.0)
make != volvo
|   num-of-doors = four
|   |   wheel-base <= 95.1: 1 (12.55/2.0)
|   |   wheel-base > 95.1
|   |   |   make = audi: 1 (5.0/2.0)
|   |   |   make != audi
|   |   |   |   make = volkswagen: 2 (7.0/3.0)
|   |   |   |   make != volkswagen
|   |   |   |   |   make = mercedes-benz: -1 (4.0/1.0)
|   |   |   |   |   make != mercedes-benz
|   |   |   |   |   |   bore <= 3.35
|   |   |   |   |   |   |   wheel-base <= 101.2: 0 (21.0/4.0)
|   |   |   |   |   |   |   wheel-base > 101.2: -1 (8.0)
|   |   |   |   |   |   bore > 3.35: 0 (31.0/3.0)
|   num-of-doors != four
|   |   height <= 50.2: 3 (16.0/2.0)
|   |   height > 50.2
|   |   |   length <= 177.8
|   |   |   |   make = volkswagen: 2 (4.0/2.0)
|   |   |   |   make != volkswagen
|   |   |   |   |   engine-type = ohcf: 2 (4.0/2.0)
|   |   |   |   |   engine-type != ohcf
|   |   |   |   |   |   width <= 64.2: 1 (24.45/3.0)
|   |   |   |   |   |   width > 64.2: 2 (15.0/5.0)
|   |   |   length > 177.8: 3 (10.0/5.0)

Number of Leaves  : 	14

Size of the tree : 	27


Time taken to build model: 0.14 seconds
Time taken to test model on training data: 0.04 seconds

=== Error on training data ===

Correctly Classified Instances         160               78.0488 %
Incorrectly Classified Instances        45               21.9512 %
Kappa statistic                          0.7173
Mean absolute error                      0.1384
Root mean squared error                  0.2333
Relative absolute error                 62.6356 %
Root relative squared error             70.3127 %
Total Number of Instances              205     


=== Confusion Matrix ===

  a  b  c  d  e  f  g   <-- classified as
  0  0  0  0  0  0  0 |  a = -3
  0  0  3  0  0  0  0 |  b = -2
  0  0 21  1  0  0  0 |  c = -1
  0  0  1 53  3  6  4 |  d = 0
  0  0  1  4 41  5  3 |  e = 1
  0  0  0  3  6 23  0 |  f = 2
  0  0  0  0  0  5 22 |  g = 3



=== Stratified cross-validation ===

Correctly Classified Instances         136               66.3415 %
Incorrectly Classified Instances        69               33.6585 %
Kappa statistic                          0.5587
Mean absolute error                      0.1622
Root mean squared error                  0.2742
Relative absolute error                 73.3731 %
Root relative squared error             82.6202 %
Total Number of Instances              205     


=== Confusion Matrix ===

  a  b  c  d  e  f  g   <-- classified as
  0  0  0  0  0  0  0 |  a = -3
  0  0  3  0  0  0  0 |  b = -2
  0  0 14  6  2  0  0 |  c = -1
  0  0  1 51  5  5  5 |  d = 0
  0  0  2  6 38  3  5 |  e = 1
  0  0  0  5 11 15  1 |  f = 2
  0  0  0  1  5  3 18 |  g = 3

