
Options: -R -B -M 4 -N 8 -A 

J48 pruned tree
------------------

make = volvo: -1 (10.0/3.0)
make != volvo
|   num-of-doors = four
|   |   wheel-base <= 95.1: 1 (12.52/2.0)
|   |   wheel-base > 95.1
|   |   |   make = audi: 1 (4.0/2.0)
|   |   |   make != audi
|   |   |   |   make = volkswagen: 2 (7.0/3.0)
|   |   |   |   make != volkswagen: 0 (64.52/18.0)
|   num-of-doors != four
|   |   city-mpg <= 22.0: 3 (30.0/10.0)
|   |   city-mpg > 22.0
|   |   |   bore <= 3.39: 1 (40.96/15.48)
|   |   |   bore > 3.39: 2 (11.0)

Number of Leaves  : 	8

Size of the tree : 	15


Time taken to build model: 0.25 seconds
Time taken to test model on training data: 0.05 seconds

=== Error on training data ===

Correctly Classified Instances         146               71.2195 %
Incorrectly Classified Instances        59               28.7805 %
Kappa statistic                          0.6182
Mean absolute error                      0.1522
Root mean squared error                  0.2588
Relative absolute error                 68.8882 %
Root relative squared error             78.0076 %
Total Number of Instances              205     


=== Confusion Matrix ===

  a  b  c  d  e  f  g   <-- classified as
  0  0  0  0  0  0  0 |  a = -3
  0  0  3  0  0  0  0 |  b = -2
  0  0  8 14  0  0  0 |  c = -1
  0  0  0 54  5  3  5 |  d = 0
  0  0  0  5 44  0  5 |  e = 1
  0  0  0  3 11 17  1 |  f = 2
  0  0  0  0  4  0 23 |  g = 3



=== Stratified cross-validation ===

Correctly Classified Instances         131               63.9024 %
Incorrectly Classified Instances        74               36.0976 %
Kappa statistic                          0.5269
Mean absolute error                      0.1649
Root mean squared error                  0.2788
Relative absolute error                 74.5844 %
Root relative squared error             83.9874 %
Total Number of Instances              205     


=== Confusion Matrix ===

  a  b  c  d  e  f  g   <-- classified as
  0  0  0  0  0  0  0 |  a = -3
  0  0  3  0  0  0  0 |  b = -2
  0  1 12  8  1  0  0 |  c = -1
  0  0  3 50  5  4  5 |  d = 0
  0  0  2 10 35  3  4 |  e = 1
  0  0  0  6  9 13  4 |  f = 2
  0  0  0  0  5  1 21 |  g = 3

