
Options: -R -B -M 3 -N 7 -L -S 

J48 pruned tree
------------------

make = volvo: -1 (9.0/2.0)
make != volvo
|   num-of-doors = four
|   |   wheel-base <= 95.1: 1 (15.0/3.0)
|   |   wheel-base > 95.1
|   |   |   make = saab: 2 (3.0)
|   |   |   make != saab
|   |   |   |   make = audi: 1 (4.0/1.0)
|   |   |   |   make != audi
|   |   |   |   |   make = volkswagen
|   |   |   |   |   |   curb-weight <= 2304.0: 2 (3.0)
|   |   |   |   |   |   curb-weight > 2304.0: 0 (3.0/1.0)
|   |   |   |   |   make != volkswagen
|   |   |   |   |   |   make = mitsubishi: 1 (3.0/1.0)
|   |   |   |   |   |   make != mitsubishi
|   |   |   |   |   |   |   num-of-cylinders = five: -1 (3.0)
|   |   |   |   |   |   |   num-of-cylinders != five
|   |   |   |   |   |   |   |   normalized-losses <= 74.0: -1 (7.54/2.41)
|   |   |   |   |   |   |   |   normalized-losses > 74.0: 0 (49.0/3.73)
|   num-of-doors != four
|   |   city-mpg <= 22.0
|   |   |   body-style = sedan: 0 (3.0/1.0)
|   |   |   body-style != sedan: 3 (27.0/7.0)
|   |   city-mpg > 22.0
|   |   |   compression-ratio <= 8.5
|   |   |   |   aspiration = std: 3 (3.0)
|   |   |   |   aspiration != std: 1 (3.0/1.0)
|   |   |   compression-ratio > 8.5
|   |   |   |   bore <= 3.39: 1 (29.46/9.46)
|   |   |   |   bore > 3.39: 2 (11.0)

Number of Leaves  : 	16

Size of the tree : 	31


Time taken to build model: 0.17 seconds
Time taken to test model on training data: 0.03 seconds

=== Error on training data ===

Correctly Classified Instances         169               82.439  %
Incorrectly Classified Instances        36               17.561  %
Kappa statistic                          0.7698
Mean absolute error                      0.0827
Root mean squared error                  0.1999
Relative absolute error                 37.4524 %
Root relative squared error             60.2461 %
Total Number of Instances              205     


=== Confusion Matrix ===

  a  b  c  d  e  f  g   <-- classified as
  0  0  0  0  0  0  0 |  a = -3
  0  0  3  0  0  0  0 |  b = -2
  0  0 17  4  1  0  0 |  c = -1
  0  0  0 60  5  0  2 |  d = 0
  0  0  1  1 47  0  5 |  e = 1
  0  0  0  2 11 19  0 |  f = 2
  0  0  0  0  1  0 26 |  g = 3



=== Stratified cross-validation ===

Correctly Classified Instances         138               67.3171 %
Incorrectly Classified Instances        67               32.6829 %
Kappa statistic                          0.5707
Mean absolute error                      0.1138
Root mean squared error                  0.2611
Relative absolute error                 51.478  %
Root relative squared error             78.6566 %
Total Number of Instances              205     


=== Confusion Matrix ===

  a  b  c  d  e  f  g   <-- classified as
  0  0  0  0  0  0  0 |  a = -3
  0  0  3  0  0  0  0 |  b = -2
  0  0 12  9  1  0  0 |  c = -1
  0  0  3 52  5  3  4 |  d = 0
  0  0  2  4 41  2  5 |  e = 1
  0  0  1  8  9 11  3 |  f = 2
  0  0  0  0  3  2 22 |  g = 3

