
Options: -R -B -M 4 -N 3 

J48 pruned tree
------------------

make = volvo: -1 (7.0/2.0)
make != volvo
|   num-of-doors = four
|   |   height <= 51.6: 1 (7.56/1.0)
|   |   height > 51.6
|   |   |   make = audi: 1 (4.0/1.0)
|   |   |   make != audi
|   |   |   |   curb-weight <= 2050.0: 1 (9.0/4.0)
|   |   |   |   curb-weight > 2050.0
|   |   |   |   |   make = volkswagen: 2 (5.0/2.0)
|   |   |   |   |   make != volkswagen
|   |   |   |   |   |   make = mercedes-benz: -1 (4.0/1.0)
|   |   |   |   |   |   make != mercedes-benz
|   |   |   |   |   |   |   normalized-losses <= 74.0: -1 (4.78/0.67)
|   |   |   |   |   |   |   normalized-losses > 74.0: 0 (38.22/3.89)
|   num-of-doors != four
|   |   city-mpg <= 22.0
|   |   |   wheel-base <= 99.1: 3 (17.0/2.0)
|   |   |   wheel-base > 99.1: 0 (6.0/4.0)
|   |   city-mpg > 22.0
|   |   |   bore <= 3.39
|   |   |   |   engine-size <= 103.0
|   |   |   |   |   bore <= 2.97
|   |   |   |   |   |   normalized-losses <= 119.0: 1 (4.0)
|   |   |   |   |   |   normalized-losses > 119.0: 2 (5.0)
|   |   |   |   |   bore > 2.97: 1 (12.44)
|   |   |   |   engine-size > 103.0: 3 (5.0/3.0)
|   |   |   bore > 3.39: 2 (8.0)

Number of Leaves  : 	15

Size of the tree : 	29


Time taken to build model: 0.13 seconds
Time taken to test model on training data: 0.08 seconds

=== Error on training data ===

Correctly Classified Instances         168               81.9512 %
Incorrectly Classified Instances        37               18.0488 %
Kappa statistic                          0.7645
Mean absolute error                      0.0765
Root mean squared error                  0.1965
Relative absolute error                 34.6314 %
Root relative squared error             59.225  %
Total Number of Instances              205     


=== Confusion Matrix ===

  a  b  c  d  e  f  g   <-- classified as
  0  0  0  0  0  0  0 |  a = -3
  0  0  3  0  0  0  0 |  b = -2
  0  0 18  3  1  0  0 |  c = -1
  0  0  1 57  4  3  2 |  d = 0
  0  0  0  4 45  0  5 |  e = 1
  0  0  0  4  4 23  1 |  f = 2
  0  0  0  2  0  0 25 |  g = 3



=== Stratified cross-validation ===

Correctly Classified Instances         122               59.5122 %
Incorrectly Classified Instances        83               40.4878 %
Kappa statistic                          0.4644
Mean absolute error                      0.1395
Root mean squared error                  0.2953
Relative absolute error                 63.0782 %
Root relative squared error             88.9746 %
Total Number of Instances              205     


=== Confusion Matrix ===

  a  b  c  d  e  f  g   <-- classified as
  0  0  0  0  0  0  0 |  a = -3
  0  0  3  0  0  0  0 |  b = -2
  0  1 12  8  1  0  0 |  c = -1
  0  0  3 51  6  3  4 |  d = 0
  0  0  4 10 34  0  6 |  e = 1
  0  0  0  8 15  9  0 |  f = 2
  0  0  1  2  4  4 16 |  g = 3

