
Options: -R -M 2 -N 3 -S -A 

J48 pruned tree
------------------

num-of-doors = four
|   make = alfa-romero: 0 (0.0)
|   make = audi: 1 (4.0/1.0)
|   make = bmw: 0 (3.0)
|   make = chevrolet: 0 (1.0)
|   make = dodge: 1 (2.58)
|   make = honda: 0 (4.0)
|   make = isuzu: 0 (1.0)
|   make = jaguar: 0 (2.0)
|   make = mazda: 0 (5.0/1.0)
|   make = mercedes-benz: -1 (4.0/1.0)
|   make = mercury: 0 (0.0)
|   make = mitsubishi: 1 (3.0/1.0)
|   make = nissan
|   |   compression-ratio <= 9.2: 0 (3.0)
|   |   compression-ratio > 9.2: 1 (3.0)
|   make = peugot: 0 (7.0)
|   make = plymouth: 1 (3.0/1.0)
|   make = porsche: 0 (0.0)
|   make = renault: 0 (1.0)
|   make = saab: 2 (2.0)
|   make = subaru: 0 (6.0)
|   make = toyota
|   |   wheel-base <= 98.8: 0 (8.0/1.0)
|   |   wheel-base > 98.8: -1 (5.0)
|   make = volkswagen
|   |   wheel-base <= 98.8: 2 (3.0)
|   |   wheel-base > 98.8: 0 (2.0)
|   make = volvo
|   |   normalized-losses <= 98: -1 (5.0)
|   |   normalized-losses > 98: -2 (2.0)
num-of-doors = two
|   city-mpg <= 22
|   |   drive-wheels = 4wd: 0 (1.0)
|   |   drive-wheels = fwd: 3 (5.0/1.0)
|   |   drive-wheels = rwd
|   |   |   height <= 52: 3 (14.0/2.0)
|   |   |   height > 52: 1 (3.0/1.0)
|   city-mpg > 22
|   |   bore <= 3.39: 1 (26.42/9.0)
|   |   bore > 3.39: 2 (8.0)

Number of Leaves  : 	32

Size of the tree : 	42


Time taken to build model: 0.06 seconds
Time taken to test model on training data: 0.02 seconds

=== Error on training data ===

Correctly Classified Instances         172               83.9024 %
Incorrectly Classified Instances        33               16.0976 %
Kappa statistic                          0.7892
Mean absolute error                      0.163 
Root mean squared error                  0.2497
Relative absolute error                 73.7785 %
Root relative squared error             75.2695 %
Total Number of Instances              205     


=== Confusion Matrix ===

  a  b  c  d  e  f  g   <-- classified as
  0  0  0  0  0  0  0 |  a = -3
  0  3  0  0  0  0  0 |  b = -2
  0  0 19  0  3  0  0 |  c = -1
  0  0  1 59  6  0  1 |  d = 0
  0  0  0  4 48  0  2 |  e = 1
  0  0  0  0 11 20  1 |  f = 2
  0  0  0  0  4  0 23 |  g = 3



=== Stratified cross-validation ===

Correctly Classified Instances         133               64.878  %
Incorrectly Classified Instances        72               35.122  %
Kappa statistic                          0.5383
Mean absolute error                      0.1846
Root mean squared error                  0.2881
Relative absolute error                 83.4947 %
Root relative squared error             86.8132 %
Total Number of Instances              205     


=== Confusion Matrix ===

  a  b  c  d  e  f  g   <-- classified as
  0  0  0  0  0  0  0 |  a = -3
  0  0  3  0  0  0  0 |  b = -2
  0  0 19  3  0  0  0 |  c = -1
  0  0  0 55  5  3  4 |  d = 0
  0  1  2 11 29  3  8 |  e = 1
  0  0  0  8 12 12  0 |  f = 2
  0  0  0  4  3  2 18 |  g = 3

