
Options: -R -M 7 -N 2 -L -S 

J48 pruned tree
------------------

num-of-doors = four
|   wheel-base <= 101.2
|   |   curb-weight <= 2050: 1 (9.0/2.0)
|   |   curb-weight > 2050
|   |   |   height <= 55.6: 0 (18.0/2.0)
|   |   |   height > 55.6: 2 (7.0/2.0)
|   wheel-base > 101.2
|   |   compression-ratio <= 8.4: 0 (13.0/3.0)
|   |   compression-ratio > 8.4: -1 (12.0/2.0)
num-of-doors = two
|   city-mpg <= 22: 3 (17.0/5.0)
|   city-mpg > 22
|   |   normalized-losses <= 129: 1 (16.0/4.0)
|   |   normalized-losses > 129: 2 (11.0/4.0)

Number of Leaves  : 	8

Size of the tree : 	15


Time taken to build model: 0.07 seconds
Time taken to test model on training data: 0.02 seconds

=== Error on training data ===

Correctly Classified Instances         144               70.2439 %
Incorrectly Classified Instances        61               29.7561 %
Kappa statistic                          0.6188
Mean absolute error                      0.1189
Root mean squared error                  0.2571
Relative absolute error                 53.823  %
Root relative squared error             77.4992 %
Total Number of Instances              205     


=== Confusion Matrix ===

  a  b  c  d  e  f  g   <-- classified as
  0  0  0  0  0  0  0 |  a = -3
  0  0  2  1  0  0  0 |  b = -2
  0  0 19  3  0  0  0 |  c = -1
  0  0  6 46  6  4  5 |  d = 0
  0  0  3  6 35  5  5 |  e = 1
  0  0  0  2  8 21  1 |  f = 2
  0  0  0  0  1  3 23 |  g = 3



=== Stratified cross-validation ===

Correctly Classified Instances         127               61.9512 %
Incorrectly Classified Instances        78               38.0488 %
Kappa statistic                          0.5046
Mean absolute error                      0.1329
Root mean squared error                  0.2767
Relative absolute error                 60.1259 %
Root relative squared error             83.3756 %
Total Number of Instances              205     


=== Confusion Matrix ===

  a  b  c  d  e  f  g   <-- classified as
  0  0  0  0  0  0  0 |  a = -3
  0  0  3  0  0  0  0 |  b = -2
  0  0 15  6  1  0  0 |  c = -1
  0  0  5 48  7  2  5 |  d = 0
  0  0  4  7 32  6  5 |  e = 1
  0  0  0  9 11 10  2 |  f = 2
  0  0  1  0  3  1 22 |  g = 3

