
Options: -B -C 0.20 -M 4 

J48 pruned tree
------------------

make = volvo: -1 (11.0/3.0)
make != volvo
|   num-of-doors = four
|   |   height <= 51.6: 1 (10.54/1.0)
|   |   height > 51.6
|   |   |   make = audi: 1 (5.0/2.0)
|   |   |   make != audi
|   |   |   |   make = volkswagen
|   |   |   |   |   curb-weight <= 2304.0: 2 (4.0)
|   |   |   |   |   curb-weight > 2304.0: 0 (4.0/1.0)
|   |   |   |   make != volkswagen
|   |   |   |   |   curb-weight <= 2050.0
|   |   |   |   |   |   horsepower <= 69.0: 1 (7.0)
|   |   |   |   |   |   horsepower > 69.0: 0 (4.0)
|   |   |   |   |   curb-weight > 2050.0
|   |   |   |   |   |   make = mercedes-benz: -1 (5.0/1.0)
|   |   |   |   |   |   make != mercedes-benz
|   |   |   |   |   |   |   normalized-losses <= 74.0: -1 (7.45/1.33)
|   |   |   |   |   |   |   normalized-losses > 74.0: 0 (57.09/6.77)
|   num-of-doors != four
|   |   city-mpg <= 22.0
|   |   |   wheel-base <= 99.1: 3 (23.0/2.0)
|   |   |   wheel-base > 99.1: 0 (11.0/6.0)
|   |   city-mpg > 22.0
|   |   |   bore <= 3.39
|   |   |   |   make = volkswagen: 2 (4.0/2.0)
|   |   |   |   make != volkswagen
|   |   |   |   |   make = mitsubishi: 2 (6.0/3.0)
|   |   |   |   |   make != mitsubishi
|   |   |   |   |   |   curb-weight <= 1837.0: 2 (4.0/1.0)
|   |   |   |   |   |   curb-weight > 1837.0: 1 (29.93/3.46)
|   |   |   bore > 3.39: 2 (12.0)

Number of Leaves  : 	17

Size of the tree : 	33


Time taken to build model: 0.25 seconds
Time taken to test model on training data: 0.12 seconds

=== Error on training data ===

Correctly Classified Instances         173               84.3902 %
Incorrectly Classified Instances        32               15.6098 %
Kappa statistic                          0.7945
Mean absolute error                      0.0709
Root mean squared error                  0.185 
Relative absolute error                 32.099  %
Root relative squared error             55.7743 %
Total Number of Instances              205     


=== Confusion Matrix ===

  a  b  c  d  e  f  g   <-- classified as
  0  0  0  0  0  0  0 |  a = -3
  0  0  3  0  0  0  0 |  b = -2
  0  0 18  3  1  0  0 |  c = -1
  0  0  1 64  2  0  0 |  d = 0
  0  0  0  4 46  2  2 |  e = 1
  0  0  0  5  3 24  0 |  f = 2
  0  0  0  2  0  4 21 |  g = 3



=== Stratified cross-validation ===

Correctly Classified Instances         145               70.7317 %
Incorrectly Classified Instances        60               29.2683 %
Kappa statistic                          0.6178
Mean absolute error                      0.1049
Root mean squared error                  0.2553
Relative absolute error                 47.4669 %
Root relative squared error             76.9263 %
Total Number of Instances              205     


=== Confusion Matrix ===

  a  b  c  d  e  f  g   <-- classified as
  0  0  0  0  0  0  0 |  a = -3
  0  0  3  0  0  0  0 |  b = -2
  0  0 18  3  1  0  0 |  c = -1
  0  0  2 52  5  4  4 |  d = 0
  0  0  3  7 38  2  4 |  e = 1
  0  0  1  8  7 16  0 |  f = 2
  0  0  0  3  1  2 21 |  g = 3

