
Options: -C 0.10 -M 8 -S 

J48 pruned tree
------------------

num-of-doors = four
|   wheel-base <= 101.2
|   |   height <= 51.6: 1 (10.56/1.0)
|   |   height > 51.6
|   |   |   curb-weight <= 2050: 1 (11.0/4.0)
|   |   |   curb-weight > 2050
|   |   |   |   height <= 55.6: 0 (35.56/2.0)
|   |   |   |   height > 55.6: 2 (12.0/4.0)
|   wheel-base > 101.2
|   |   make = alfa-romero: -1 (0.0)
|   |   make = audi: 1 (3.0)
|   |   make = bmw: 0 (3.0/1.0)
|   |   make = chevrolet: -1 (0.0)
|   |   make = dodge: -1 (1.0)
|   |   make = honda: -1 (0.0)
|   |   make = isuzu: -1 (0.0)
|   |   make = jaguar: 0 (2.0)
|   |   make = mazda: 0 (2.0)
|   |   make = mercedes-benz: -1 (5.0/1.0)
|   |   make = mercury: -1 (0.0)
|   |   make = mitsubishi: -1 (0.0)
|   |   make = nissan: -1 (0.0)
|   |   make = peugot: 0 (11.0)
|   |   make = plymouth: -1 (1.0)
|   |   make = porsche: -1 (0.0)
|   |   make = renault: -1 (0.0)
|   |   make = saab: -1 (0.0)
|   |   make = subaru: -1 (0.0)
|   |   make = toyota: -1 (7.0)
|   |   make = volkswagen: -1 (0.0)
|   |   make = volvo: -1 (11.0/3.0)
num-of-doors = two
|   city-mpg <= 22
|   |   wheel-base <= 99.1: 3 (23.0/2.0)
|   |   wheel-base > 99.1: 0 (11.0/6.0)
|   city-mpg > 22
|   |   bore <= 3.39: 1 (43.88/15.44)
|   |   bore > 3.39: 2 (12.0)

Number of Leaves  : 	30

Size of the tree : 	39


Time taken to build model: 0.2 seconds
Time taken to test model on training data: 0.06 seconds

=== Error on training data ===

Correctly Classified Instances         166               80.9756 %
Incorrectly Classified Instances        39               19.0244 %
Kappa statistic                          0.7506
Mean absolute error                      0.0802
Root mean squared error                  0.1996
Relative absolute error                 36.2831 %
Root relative squared error             60.1667 %
Total Number of Instances              205     


=== Confusion Matrix ===

  a  b  c  d  e  f  g   <-- classified as
  0  0  0  0  0  0  0 |  a = -3
  0  0  3  0  0  0  0 |  b = -2
  0  0 21  0  1  0  0 |  c = -1
  0  0  1 56  6  4  0 |  d = 0
  0  0  0  4 48  0  2 |  e = 1
  0  0  0  3  9 20  0 |  f = 2
  0  0  0  2  4  0 21 |  g = 3



=== Stratified cross-validation ===

Correctly Classified Instances         134               65.3659 %
Incorrectly Classified Instances        71               34.6341 %
Kappa statistic                          0.5444
Mean absolute error                      0.1256
Root mean squared error                  0.2672
Relative absolute error                 56.7926 %
Root relative squared error             80.5197 %
Total Number of Instances              205     


=== Confusion Matrix ===

  a  b  c  d  e  f  g   <-- classified as
  0  0  0  0  0  0  0 |  a = -3
  0  0  3  0  0  0  0 |  b = -2
  0  0 12  8  2  0  0 |  c = -1
  0  0  4 56  2  3  2 |  d = 0
  0  0  2 13 29  4  6 |  e = 1
  0  0  0  4 10 17  1 |  f = 2
  0  0  1  1  3  2 20 |  g = 3

