
Options: -R -M 9 -N 4 -S 

J48 pruned tree
------------------

num-of-doors = four
|   width <= 64.2
|   |   curb-weight <= 1989: 1 (9.0/2.0)
|   |   curb-weight > 1989: 0 (9.0/4.0)
|   width > 64.2
|   |   make = alfa-romero: 0 (0.0)
|   |   make = audi: 1 (4.0/2.0)
|   |   make = bmw: 0 (4.0)
|   |   make = chevrolet: 0 (0.0)
|   |   make = dodge: -1 (1.0)
|   |   make = honda: 0 (0.0)
|   |   make = isuzu: 0 (0.0)
|   |   make = jaguar: 0 (2.0)
|   |   make = mazda: 0 (2.56)
|   |   make = mercedes-benz: -1 (3.0/1.0)
|   |   make = mercury: 0 (0.0)
|   |   make = mitsubishi: 1 (3.0/1.0)
|   |   make = nissan: 0 (4.0)
|   |   make = peugot: 0 (9.0)
|   |   make = plymouth: -1 (1.0)
|   |   make = porsche: 0 (0.0)
|   |   make = renault: 0 (1.0)
|   |   make = saab: 2 (2.0)
|   |   make = subaru: 0 (6.0)
|   |   make = toyota: -1 (11.0/5.0)
|   |   make = volkswagen: 2 (6.0/2.0)
|   |   make = volvo: -1 (8.0/2.0)
num-of-doors = two
|   city-mpg <= 22: 3 (24.0/7.0)
|   city-mpg > 22
|   |   bore <= 3.39: 1 (35.44/13.44)
|   |   bore > 3.39: 2 (9.0)

Number of Leaves  : 	27

Size of the tree : 	33


Time taken to build model: 0.14 seconds
Time taken to test model on training data: 0.04 seconds

=== Error on training data ===

Correctly Classified Instances         155               75.6098 %
Incorrectly Classified Instances        50               24.3902 %
Kappa statistic                          0.6868
Mean absolute error                      0.1007
Root mean squared error                  0.2245
Relative absolute error                 45.6029 %
Root relative squared error             67.6678 %
Total Number of Instances              205     


=== Confusion Matrix ===

  a  b  c  d  e  f  g   <-- classified as
  0  0  0  0  0  0  0 |  a = -3
  0  0  3  0  0  0  0 |  b = -2
  0  0 21  0  1  0  0 |  c = -1
  0  0  8 47  4  3  5 |  d = 0
  0  0  0  5 44  0  5 |  e = 1
  0  0  0  0 11 20  1 |  f = 2
  0  0  0  0  4  0 23 |  g = 3



=== Stratified cross-validation ===

Correctly Classified Instances         117               57.0732 %
Incorrectly Classified Instances        88               42.9268 %
Kappa statistic                          0.4367
Mean absolute error                      0.1448
Root mean squared error                  0.2858
Relative absolute error                 65.4788 %
Root relative squared error             86.1182 %
Total Number of Instances              205     


=== Confusion Matrix ===

  a  b  c  d  e  f  g   <-- classified as
  0  0  0  0  0  0  0 |  a = -3
  0  0  2  1  0  0  0 |  b = -2
  0  0 11 10  1  0  0 |  c = -1
  0  0  8 46  5  3  5 |  d = 0
  0  0  4 10 32  3  5 |  e = 1
  0  0  0 10 12  8  2 |  f = 2
  0  0  1  0  3  3 20 |  g = 3

