
Options: -R -B -M 7 -N 7 -S 

J48 pruned tree
------------------

make = volvo: -1 (9.0/2.0)
make != volvo
|   num-of-doors = four
|   |   height <= 51.6: 1 (9.0/1.0)
|   |   height > 51.6
|   |   |   wheel-base <= 101.2: 0 (50.54/15.0)
|   |   |   wheel-base > 101.2
|   |   |   |   bore <= 3.39: -1 (11.0/4.0)
|   |   |   |   bore > 3.39: 0 (20.0/4.0)
|   num-of-doors != four
|   |   city-mpg <= 22.0
|   |   |   wheel-base <= 99.1: 3 (20.0/2.0)
|   |   |   wheel-base > 99.1: 0 (10.0/6.0)
|   |   city-mpg > 22.0: 1 (46.46/24.46)

Number of Leaves  : 	8

Size of the tree : 	15


Time taken to build model: 0.22 seconds
Time taken to test model on training data: 0.06 seconds

=== Error on training data ===

Correctly Classified Instances         141               68.7805 %
Incorrectly Classified Instances        64               31.2195 %
Kappa statistic                          0.5788
Mean absolute error                      0.126 
Root mean squared error                  0.2493
Relative absolute error                 57.0216 %
Root relative squared error             75.1441 %
Total Number of Instances              205     


=== Confusion Matrix ===

  a  b  c  d  e  f  g   <-- classified as
  0  0  0  0  0  0  0 |  a = -3
  0  0  3  0  0  0  0 |  b = -2
  0  0 17  4  1  0  0 |  c = -1
  0  0  0 65  2  0  0 |  d = 0
  0  0  4 10 38  0  2 |  e = 1
  0  0  0 11 21  0  0 |  f = 2
  0  0  0  2  4  0 21 |  g = 3



=== Stratified cross-validation ===

Correctly Classified Instances         122               59.5122 %
Incorrectly Classified Instances        83               40.4878 %
Kappa statistic                          0.4542
Mean absolute error                      0.1397
Root mean squared error                  0.281 
Relative absolute error                 63.1749 %
Root relative squared error             84.6596 %
Total Number of Instances              205     


=== Confusion Matrix ===

  a  b  c  d  e  f  g   <-- classified as
  0  0  0  0  0  0  0 |  a = -3
  0  0  3  0  0  0  0 |  b = -2
  0  0  9 12  1  0  0 |  c = -1
  0  0  1 55  7  2  2 |  d = 0
  0  0  1 10 36  3  4 |  e = 1
  0  0  0 11 14  5  2 |  f = 2
  0  0  0  2  6  2 17 |  g = 3

