
Options: -R -M 7 -N 6 -S 

J48 pruned tree
------------------

num-of-doors = four
|   make = alfa-romero: 0 (0.0)
|   make = audi: 1 (5.0/2.0)
|   make = bmw: 0 (4.0)
|   make = chevrolet: 0 (1.0)
|   make = dodge: 1 (4.57/1.0)
|   make = honda: 0 (5.0)
|   make = isuzu: 0 (1.0)
|   make = jaguar: 0 (2.0)
|   make = mazda: 0 (6.0/2.0)
|   make = mercedes-benz: -1 (4.0/1.0)
|   make = mercury: 0 (0.0)
|   make = mitsubishi: 1 (3.0/1.0)
|   make = nissan: 0 (7.0/3.0)
|   make = peugot: 0 (9.0)
|   make = plymouth: 1 (3.0/1.0)
|   make = porsche: 0 (0.0)
|   make = renault: 0 (1.0)
|   make = saab: 2 (3.0)
|   make = subaru: 0 (7.0)
|   make = toyota: 0 (16.0/7.0)
|   make = volkswagen: 2 (7.0/3.0)
|   make = volvo: -1 (9.0/2.0)
num-of-doors = two
|   height <= 50.2: 3 (16.0/2.0)
|   height > 50.2
|   |   length <= 177.8
|   |   |   engine-size <= 103: 1 (27.43/6.0)
|   |   |   engine-size > 103
|   |   |   |   length <= 169: 3 (7.0/3.0)
|   |   |   |   length > 169: 2 (13.0/4.0)
|   |   length > 177.8: 3 (10.0/5.0)

Number of Leaves  : 	27

Size of the tree : 	33


Time taken to build model: 0.12 seconds
Time taken to test model on training data: 0.03 seconds

=== Error on training data ===

Correctly Classified Instances         152               74.1463 %
Incorrectly Classified Instances        53               25.8537 %
Kappa statistic                          0.6624
Mean absolute error                      0.1004
Root mean squared error                  0.2271
Relative absolute error                 45.4549 %
Root relative squared error             68.4616 %
Total Number of Instances              205     


=== Confusion Matrix ===

  a  b  c  d  e  f  g   <-- classified as
  0  0  0  0  0  0  0 |  a = -3
  0  0  3  0  0  0  0 |  b = -2
  0  0 12  7  3  0  0 |  c = -1
  0  0  1 56  0  4  6 |  d = 0
  0  0  0  8 38  5  3 |  e = 1
  0  0  0  0 11 19  2 |  f = 2
  0  0  0  0  0  0 27 |  g = 3



=== Stratified cross-validation ===

Correctly Classified Instances         142               69.2683 %
Incorrectly Classified Instances        63               30.7317 %
Kappa statistic                          0.5999
Mean absolute error                      0.1146
Root mean squared error                  0.2554
Relative absolute error                 51.8302 %
Root relative squared error             76.9368 %
Total Number of Instances              205     


=== Confusion Matrix ===

  a  b  c  d  e  f  g   <-- classified as
  0  0  0  0  0  0  0 |  a = -3
  0  0  3  0  0  0  0 |  b = -2
  0  0 14  6  1  1  0 |  c = -1
  0  0  5 52  3  3  4 |  d = 0
  0  0  3  6 39  1  5 |  e = 1
  0  0  0  2 12 16  2 |  f = 2
  0  0  1  0  4  1 21 |  g = 3

