
Options: -R -B -M 8 -N 7 

J48 pruned tree
------------------

make = volvo: -1 (9.0/2.0)
make != volvo
|   num-of-doors = four
|   |   height <= 51.6: 1 (9.0/1.0)
|   |   height > 51.6
|   |   |   wheel-base <= 101.2: 0 (50.54/15.0)
|   |   |   wheel-base > 101.2
|   |   |   |   bore <= 3.39: -1 (11.0/4.0)
|   |   |   |   bore > 3.39: 0 (20.0/4.0)
|   num-of-doors != four
|   |   city-mpg <= 22.0
|   |   |   wheel-base <= 99.1: 3 (20.0/2.0)
|   |   |   wheel-base > 99.1: 0 (10.0/6.0)
|   |   city-mpg > 22.0
|   |   |   bore <= 3.39: 1 (35.46/13.46)
|   |   |   bore > 3.39: 2 (11.0)

Number of Leaves  : 	9

Size of the tree : 	17


Time taken to build model: 0.12 seconds
Time taken to test model on training data: 0.05 seconds

=== Error on training data ===

Correctly Classified Instances         153               74.6341 %
Incorrectly Classified Instances        52               25.3659 %
Kappa statistic                          0.6606
Mean absolute error                      0.1124
Root mean squared error                  0.2348
Relative absolute error                 50.8683 %
Root relative squared error             70.7816 %
Total Number of Instances              205     


=== Confusion Matrix ===

  a  b  c  d  e  f  g   <-- classified as
  0  0  0  0  0  0  0 |  a = -3
  0  0  3  0  0  0  0 |  b = -2
  0  0 17  4  1  0  0 |  c = -1
  0  0  0 65  2  0  0 |  d = 0
  0  0  4 10 38  0  2 |  e = 1
  0  0  0 11  9 12  0 |  f = 2
  0  0  0  2  4  0 21 |  g = 3



=== Stratified cross-validation ===

Correctly Classified Instances         117               57.0732 %
Incorrectly Classified Instances        88               42.9268 %
Kappa statistic                          0.4226
Mean absolute error                      0.1485
Root mean squared error                  0.2891
Relative absolute error                 67.1775 %
Root relative squared error             87.1182 %
Total Number of Instances              205     


=== Confusion Matrix ===

  a  b  c  d  e  f  g   <-- classified as
  0  0  0  0  0  0  0 |  a = -3
  0  0  3  0  0  0  0 |  b = -2
  0  0  9 12  1  0  0 |  c = -1
  0  0  2 54  6  3  2 |  d = 0
  0  0  2 11 33  4  4 |  e = 1
  0  0  0 11 16  3  2 |  f = 2
  0  0  0  2  6  1 18 |  g = 3

