
Options: -R -M 8 -N 3 -L -A 

J48 pruned tree
------------------

num-of-doors = four
|   wheel-base <= 101.2
|   |   wheel-base <= 96.3
|   |   |   normalized-losses <= 95: 0 (9.87/1.0)
|   |   |   normalized-losses > 95: 1 (12.71/2.13)
|   |   wheel-base > 96.3: 0 (26.0/6.0)
|   wheel-base > 101.2
|   |   normalized-losses <= 98: -1 (17.52/3.96)
|   |   normalized-losses > 98: 0 (13.48/4.87)
num-of-doors = two
|   city-mpg <= 22: 3 (23.0/7.0)
|   city-mpg > 22
|   |   bore <= 3.39: 1 (26.42/9.0)
|   |   bore > 3.39: 2 (8.0)

Number of Leaves  : 	8

Size of the tree : 	15


Time taken to build model: 0.12 seconds
Time taken to test model on training data: 0.06 seconds

=== Error on training data ===

Correctly Classified Instances         147               71.7073 %
Incorrectly Classified Instances        58               28.2927 %
Kappa statistic                          0.6317
Mean absolute error                      0.1525
Root mean squared error                  0.2503
Relative absolute error                 69.0316 %
Root relative squared error             75.4536 %
Total Number of Instances              205     


=== Confusion Matrix ===

  a  b  c  d  e  f  g   <-- classified as
  0  0  0  0  0  0  0 |  a = -3
  0  0  0  3  0  0  0 |  b = -2
  0  0 20  1  1  0  0 |  c = -1
  0  0  9 48  5  0  5 |  d = 0
  0  0  2  3 44  0  5 |  e = 1
  0  0  0 10  9 12  1 |  f = 2
  0  0  0  0  4  0 23 |  g = 3



=== Stratified cross-validation ===

Correctly Classified Instances         116               56.5854 %
Incorrectly Classified Instances        89               43.4146 %
Kappa statistic                          0.4272
Mean absolute error                      0.177 
Root mean squared error                  0.2912
Relative absolute error                 80.0357 %
Root relative squared error             87.7382 %
Total Number of Instances              205     


=== Confusion Matrix ===

  a  b  c  d  e  f  g   <-- classified as
  0  0  0  0  0  0  0 |  a = -3
  0  0  0  3  0  0  0 |  b = -2
  0  0 12 10  0  0  0 |  c = -1
  0  0  7 48  5  2  5 |  d = 0
  0  0  3 10 29  5  7 |  e = 1
  0  0  0 11 15  5  1 |  f = 2
  0  0  0  1  1  3 22 |  g = 3

