
Options: -R -M 1 -N 5 -L -A 

J48 pruned tree
------------------

num-of-doors = four
|   wheel-base <= 101.2
|   |   height <= 51.6: 1 (6.55)
|   |   height > 51.6
|   |   |   curb-weight <= 2050
|   |   |   |   horsepower <= 69: 1 (6.0)
|   |   |   |   horsepower > 69: 0 (3.0)
|   |   |   curb-weight > 2050
|   |   |   |   width <= 65.4: 0 (23.0)
|   |   |   |   width > 65.4
|   |   |   |   |   width <= 66.4: 2 (6.0)
|   |   |   |   |   width > 66.4
|   |   |   |   |   |   stroke <= 3.16: 2 (2.0)
|   |   |   |   |   |   stroke > 3.16: 0 (7.55)
|   wheel-base > 101.2
|   |   make = alfa-romero: -1 (0.0)
|   |   make = audi: 1 (2.0)
|   |   make = bmw: 0 (2.0)
|   |   make = chevrolet: -1 (0.0)
|   |   make = dodge: -1 (1.0)
|   |   make = honda: -1 (0.0)
|   |   make = isuzu: -1 (0.0)
|   |   make = jaguar: 0 (1.0)
|   |   make = mazda: 0 (1.0)
|   |   make = mercedes-benz: -1 (5.0/1.0)
|   |   make = mercury: -1 (0.0)
|   |   make = mitsubishi: -1 (0.0)
|   |   make = nissan: -1 (0.0)
|   |   make = peugot: 0 (9.0)
|   |   make = plymouth: -1 (0.0)
|   |   make = porsche: -1 (0.0)
|   |   make = renault: -1 (0.0)
|   |   make = saab: -1 (0.0)
|   |   make = subaru: -1 (0.0)
|   |   make = toyota: -1 (7.0)
|   |   make = volkswagen: -1 (0.0)
|   |   make = volvo
|   |   |   normalized-losses <= 98: -1 (6.0)
|   |   |   normalized-losses > 98: -2 (2.0)
num-of-doors = two
|   city-mpg <= 22: 3 (28.0/9.0)
|   city-mpg > 22
|   |   bore <= 3.39
|   |   |   engine-size <= 103
|   |   |   |   wheel-base <= 89.5: 2 (3.0)
|   |   |   |   wheel-base > 89.5
|   |   |   |   |   width <= 64.2: 1 (21.45)
|   |   |   |   |   width > 64.2: 2 (3.0)
|   |   |   engine-size > 103
|   |   |   |   fuel-system = 1bbl: 0 (1.0)
|   |   |   |   fuel-system = 2bbl: 1 (3.0)
|   |   |   |   fuel-system = 4bbl: 1 (0.0)
|   |   |   |   fuel-system = idi: 0 (0.45)
|   |   |   |   fuel-system = mfi: 1 (0.0)
|   |   |   |   fuel-system = mpfi: 3 (3.0/1.0)
|   |   |   |   fuel-system = spdi: 3 (1.0)
|   |   |   |   fuel-system = spfi: 1 (0.0)
|   |   bore > 3.39: 2 (10.0)

Number of Leaves  : 	43

Size of the tree : 	59


Time taken to build model: 0.07 seconds
Time taken to test model on training data: 0.03 seconds

=== Error on training data ===

Correctly Classified Instances         188               91.7073 %
Incorrectly Classified Instances        17                8.2927 %
Kappa statistic                          0.8933
Mean absolute error                      0.128 
Root mean squared error                  0.2071
Relative absolute error                 57.9263 %
Root relative squared error             62.4241 %
Total Number of Instances              205     


=== Confusion Matrix ===

  a  b  c  d  e  f  g   <-- classified as
  0  0  0  0  0  0  0 |  a = -3
  0  3  0  0  0  0  0 |  b = -2
  0  0 21  0  1  0  0 |  c = -1
  0  0  1 61  0  0  5 |  d = 0
  0  0  0  1 48  0  5 |  e = 1
  0  0  0  0  1 29  2 |  f = 2
  0  0  0  0  1  0 26 |  g = 3



=== Stratified cross-validation ===

Correctly Classified Instances         152               74.1463 %
Incorrectly Classified Instances        53               25.8537 %
Kappa statistic                          0.6643
Mean absolute error                      0.1694
Root mean squared error                  0.2697
Relative absolute error                 76.623  %
Root relative squared error             81.2455 %
Total Number of Instances              205     


=== Confusion Matrix ===

  a  b  c  d  e  f  g   <-- classified as
  0  0  0  0  0  0  0 |  a = -3
  0  0  3  0  0  0  0 |  b = -2
  0  0 19  2  1  0  0 |  c = -1
  0  0  1 52  6  5  3 |  d = 0
  0  0  1  8 40  1  4 |  e = 1
  0  0  0  4  6 18  4 |  f = 2
  0  0  2  1  1  0 23 |  g = 3

