
Options: -R -M 7 -N 8 -S -A 

J48 pruned tree
------------------

num-of-doors = four
|   width <= 64.2
|   |   normalized-losses <= 95: 0 (7.4/1.0)
|   |   normalized-losses > 95: 1 (11.15/0.6)
|   width > 64.2
|   |   make = alfa-romero: 0 (0.0)
|   |   make = audi: 1 (4.0/2.0)
|   |   make = bmw: 0 (5.0/1.0)
|   |   make = chevrolet: 0 (0.0)
|   |   make = dodge: -1 (1.0)
|   |   make = honda: 0 (1.0)
|   |   make = isuzu: 0 (0.0)
|   |   make = jaguar: 0 (2.0)
|   |   make = mazda: 0 (4.54)
|   |   make = mercedes-benz: -1 (3.0/1.0)
|   |   make = mercury: 0 (0.0)
|   |   make = mitsubishi: 1 (3.0/1.0)
|   |   make = nissan: 0 (4.0)
|   |   make = peugot: 0 (10.0)
|   |   make = plymouth: -1 (1.0)
|   |   make = porsche: 0 (0.0)
|   |   make = renault: 0 (1.0)
|   |   make = saab: 2 (2.0)
|   |   make = subaru: 0 (8.0)
|   |   make = toyota: -1 (13.0/6.0)
|   |   make = volkswagen: 2 (7.0/3.0)
|   |   make = volvo: -1 (10.0/3.0)
num-of-doors = two
|   city-mpg <= 22: 3 (30.0/10.0)
|   city-mpg > 22
|   |   bore <= 3.39: 1 (40.91/15.46)
|   |   bore > 3.39: 2 (11.0)

Number of Leaves  : 	27

Size of the tree : 	33


Time taken to build model: 0.11 seconds
Time taken to test model on training data: 0.07 seconds

=== Error on training data ===

Correctly Classified Instances         156               76.0976 %
Incorrectly Classified Instances        49               23.9024 %
Kappa statistic                          0.6937
Mean absolute error                      0.1587
Root mean squared error                  0.2524
Relative absolute error                 71.8402 %
Root relative squared error             76.0808 %
Total Number of Instances              205     


=== Confusion Matrix ===

  a  b  c  d  e  f  g   <-- classified as
  0  0  0  0  0  0  0 |  a = -3
  0  0  3  0  0  0  0 |  b = -2
  0  0 21  0  1  0  0 |  c = -1
  0  0  8 45  6  3  5 |  d = 0
  0  0  0  2 47  0  5 |  e = 1
  0  0  0  0 11 20  1 |  f = 2
  0  0  0  0  4  0 23 |  g = 3



=== Stratified cross-validation ===

Correctly Classified Instances         138               67.3171 %
Incorrectly Classified Instances        67               32.6829 %
Kappa statistic                          0.5714
Mean absolute error                      0.1763
Root mean squared error                  0.2804
Relative absolute error                 79.7406 %
Root relative squared error             84.4777 %
Total Number of Instances              205     


=== Confusion Matrix ===

  a  b  c  d  e  f  g   <-- classified as
  0  0  0  0  0  0  0 |  a = -3
  0  0  3  0  0  0  0 |  b = -2
  0  0 16  3  3  0  0 |  c = -1
  0  0  3 54  3  3  4 |  d = 0
  0  0  1  9 38  2  4 |  e = 1
  0  0  0  5 14  9  4 |  f = 2
  0  0  1  0  3  2 21 |  g = 3

