
Options: -R -B -M 8 -N 9 -L -A 

J48 pruned tree
------------------

make = volvo: -1 (10.0/3.0)
make != volvo
|   height <= 50.2: 3 (17.0/2.0)
|   height > 50.2
|   |   num-of-doors = four
|   |   |   height <= 51.6: 1 (9.6/1.0)
|   |   |   height > 51.6
|   |   |   |   make = volkswagen: 2 (8.0/3.0)
|   |   |   |   make != volkswagen
|   |   |   |   |   bore <= 3.19
|   |   |   |   |   |   normalized-losses <= 95.0: 0 (13.09/1.55)
|   |   |   |   |   |   normalized-losses > 95.0: 1 (10.91/3.45)
|   |   |   |   |   bore > 3.19
|   |   |   |   |   |   make = toyota: -1 (8.0/2.0)
|   |   |   |   |   |   make != toyota: 0 (44.6/9.0)
|   |   num-of-doors != four: 1 (61.79/33.4)

Number of Leaves  : 	9

Size of the tree : 	17


Time taken to build model: 0.2 seconds
Time taken to test model on training data: 0.07 seconds

=== Error on training data ===

Correctly Classified Instances         140               68.2927 %
Incorrectly Classified Instances        65               31.7073 %
Kappa statistic                          0.5756
Mean absolute error                      0.1572
Root mean squared error                  0.2607
Relative absolute error                 71.1769 %
Root relative squared error             78.5868 %
Total Number of Instances              205     


=== Confusion Matrix ===

  a  b  c  d  e  f  g   <-- classified as
  0  0  0  0  0  0  0 |  a = -3
  0  0  3  0  0  0  0 |  b = -2
  0  0 15  6  1  0  0 |  c = -1
  0  0  2 54  7  3  1 |  d = 0
  0  0  0  3 50  0  1 |  e = 1
  0  0  0  3 24  5  0 |  f = 2
  0  0  0  0 11  0 16 |  g = 3



=== Stratified cross-validation ===

Correctly Classified Instances         134               65.3659 %
Incorrectly Classified Instances        71               34.6341 %
Kappa statistic                          0.5433
Mean absolute error                      0.1633
Root mean squared error                  0.2745
Relative absolute error                 73.8524 %
Root relative squared error             82.7044 %
Total Number of Instances              205     


=== Confusion Matrix ===

  a  b  c  d  e  f  g   <-- classified as
  0  0  0  0  0  0  0 |  a = -3
  0  0  3  0  0  0  0 |  b = -2
  0  0 15  5  2  0  0 |  c = -1
  0  0  2 54  6  1  4 |  d = 0
  0  0  4  7 36  1  6 |  e = 1
  0  0  0 10 12  9  1 |  f = 2
  0  0  0  1  3  3 20 |  g = 3

