
Options: -R -B -M 9 -N 3 -S 

J48 pruned tree
------------------

num-of-doors = four
|   drive-wheels = rwd
|   |   normalized-losses <= 98.0: -1 (12.32/2.84)
|   |   normalized-losses > 98.0: 0 (13.68/2.53)
|   drive-wheels != rwd
|   |   wheel-base <= 97.2
|   |   |   normalized-losses <= 110.0: 0 (23.39/3.0)
|   |   |   normalized-losses > 110.0: 1 (10.19/1.61)
|   |   wheel-base > 97.2
|   |   |   wheel-base <= 99.8: 2 (9.0/3.0)
|   |   |   wheel-base > 99.8: -1 (11.0/7.0)
num-of-doors != four
|   city-mpg <= 22.0: 3 (23.0/7.0)
|   city-mpg > 22.0
|   |   engine-size <= 103.0: 1 (21.42/5.0)
|   |   engine-size > 103.0: 2 (13.0/4.0)

Number of Leaves  : 	9

Size of the tree : 	17


Time taken to build model: 0.09 seconds
Time taken to test model on training data: 0.06 seconds

=== Error on training data ===

Correctly Classified Instances         153               74.6341 %
Incorrectly Classified Instances        52               25.3659 %
Kappa statistic                          0.6747
Mean absolute error                      0.114 
Root mean squared error                  0.2368
Relative absolute error                 51.617  %
Root relative squared error             71.3827 %
Total Number of Instances              205     


=== Confusion Matrix ===

  a  b  c  d  e  f  g   <-- classified as
  0  0  0  0  0  0  0 |  a = -3
  0  0  0  3  0  0  0 |  b = -2
  0  0 19  2  1  0  0 |  c = -1
  0  0  6 50  0  6  5 |  d = 0
  0  0  3  4 39  3  5 |  e = 1
  0  0  0  0  9 22  1 |  f = 2
  0  0  0  0  0  4 23 |  g = 3



=== Stratified cross-validation ===

Correctly Classified Instances         114               55.6098 %
Incorrectly Classified Instances        91               44.3902 %
Kappa statistic                          0.4092
Mean absolute error                      0.1571
Root mean squared error                  0.3013
Relative absolute error                 71.0569 %
Root relative squared error             90.7877 %
Total Number of Instances              205     


=== Confusion Matrix ===

  a  b  c  d  e  f  g   <-- classified as
  0  0  0  0  0  0  0 |  a = -3
  0  0  0  3  0  0  0 |  b = -2
  0  0  9 13  0  0  0 |  c = -1
  0  0  3 52  6  0  6 |  d = 0
  0  0  2 10 27  5 10 |  e = 1
  0  0  0 11 15  4  2 |  f = 2
  0  0  0  1  1  3 22 |  g = 3

