
Options: -R -B -M 8 -N 4 -L -S -A 

J48 pruned tree
------------------

make = volvo: -1 (8.0/2.0)
make != volvo
|   height <= 50.2: 3 (15.0/2.0)
|   height > 50.2
|   |   wheel-base <= 95.1: 1 (43.0/14.0)
|   |   wheel-base > 95.1
|   |   |   num-of-doors = four
|   |   |   |   wheel-base <= 101.2: 0 (39.75/12.0)
|   |   |   |   wheel-base > 101.2
|   |   |   |   |   bore <= 3.39: -1 (10.0/2.0)
|   |   |   |   |   bore > 3.39: 0 (16.0/2.0)
|   |   |   num-of-doors != four
|   |   |   |   city-mpg <= 22.0: 3 (8.0/4.0)
|   |   |   |   city-mpg > 22.0: 2 (14.25/6.25)

Number of Leaves  : 	8

Size of the tree : 	15


Time taken to build model: 0.16 seconds
Time taken to test model on training data: 0.06 seconds

=== Error on training data ===

Correctly Classified Instances         144               70.2439 %
Incorrectly Classified Instances        61               29.7561 %
Kappa statistic                          0.6092
Mean absolute error                      0.1562
Root mean squared error                  0.2603
Relative absolute error                 70.6842 %
Root relative squared error             78.4713 %
Total Number of Instances              205     


=== Confusion Matrix ===

  a  b  c  d  e  f  g   <-- classified as
  0  0  0  0  0  0  0 |  a = -3
  0  0  3  0  0  0  0 |  b = -2
  0  0 17  5  0  0  0 |  c = -1
  0  0  0 57  3  2  5 |  d = 0
  0  0  4  4 37  5  4 |  e = 1
  0  0  0 10 10 11  1 |  f = 2
  0  0  0  0  5  0 22 |  g = 3



=== Stratified cross-validation ===

Correctly Classified Instances         126               61.4634 %
Incorrectly Classified Instances        79               38.5366 %
Kappa statistic                          0.494 
Mean absolute error                      0.1695
Root mean squared error                  0.2828
Relative absolute error                 76.6772 %
Root relative squared error             85.2054 %
Total Number of Instances              205     


=== Confusion Matrix ===

  a  b  c  d  e  f  g   <-- classified as
  0  0  0  0  0  0  0 |  a = -3
  0  0  2  1  0  0  0 |  b = -2
  0  0 12  9  1  0  0 |  c = -1
  0  0  2 48  7  5  5 |  d = 0
  0  0  3  8 34  3  6 |  e = 1
  0  0  0  7 12 10  3 |  f = 2
  0  0  0  0  4  1 22 |  g = 3

