
Options: -B -C 0.60 -M 4 -L -A 

J48 pruned tree
------------------

make = volvo: -1 (11.0/3.0)
make != volvo
|   num-of-doors = four
|   |   height <= 51.6: 1 (10.54/1.0)
|   |   height > 51.6
|   |   |   make = audi: 1 (5.0/2.0)
|   |   |   make != audi
|   |   |   |   make = volkswagen
|   |   |   |   |   curb-weight <= 2304.0: 2 (4.0)
|   |   |   |   |   curb-weight > 2304.0: 0 (4.0/1.0)
|   |   |   |   make != volkswagen
|   |   |   |   |   curb-weight <= 2050.0
|   |   |   |   |   |   horsepower <= 69.0: 1 (7.0)
|   |   |   |   |   |   horsepower > 69.0: 0 (4.0)
|   |   |   |   |   curb-weight > 2050.0
|   |   |   |   |   |   make = mercedes-benz: -1 (5.0/1.0)
|   |   |   |   |   |   make != mercedes-benz
|   |   |   |   |   |   |   normalized-losses <= 74.0: -1 (7.45/1.33)
|   |   |   |   |   |   |   normalized-losses > 74.0: 0 (57.09/6.77)
|   num-of-doors != four
|   |   city-mpg <= 22.0
|   |   |   body-style = sedan: 0 (4.0/1.0)
|   |   |   body-style != sedan
|   |   |   |   wheel-base <= 99.1: 3 (23.0/2.0)
|   |   |   |   wheel-base > 99.1: 1 (7.0/4.0)
|   |   city-mpg > 22.0
|   |   |   bore <= 3.39
|   |   |   |   make = volkswagen: 2 (4.0/2.0)
|   |   |   |   make != volkswagen
|   |   |   |   |   make = mitsubishi: 2 (6.0/3.0)
|   |   |   |   |   make != mitsubishi
|   |   |   |   |   |   curb-weight <= 1837.0: 2 (4.0/1.0)
|   |   |   |   |   |   curb-weight > 1837.0: 1 (29.93/3.46)
|   |   |   bore > 3.39: 2 (12.0)

Number of Leaves  : 	18

Size of the tree : 	35


Time taken to build model: 0.33 seconds
Time taken to test model on training data: 0.06 seconds

=== Error on training data ===

Correctly Classified Instances         174               84.878  %
Incorrectly Classified Instances        31               15.122  %
Kappa statistic                          0.8015
Mean absolute error                      0.1222
Root mean squared error                  0.2117
Relative absolute error                 55.3218 %
Root relative squared error             63.8093 %
Total Number of Instances              205     


=== Confusion Matrix ===

  a  b  c  d  e  f  g   <-- classified as
  0  0  0  0  0  0  0 |  a = -3
  0  0  3  0  0  0  0 |  b = -2
  0  0 18  3  1  0  0 |  c = -1
  0  0  1 62  4  0  0 |  d = 0
  0  0  0  1 49  2  2 |  e = 1
  0  0  0  5  3 24  0 |  f = 2
  0  0  0  0  2  4 21 |  g = 3



=== Stratified cross-validation ===

Correctly Classified Instances         142               69.2683 %
Incorrectly Classified Instances        63               30.7317 %
Kappa statistic                          0.601 
Mean absolute error                      0.1476
Root mean squared error                  0.2559
Relative absolute error                 66.7594 %
Root relative squared error             77.0977 %
Total Number of Instances              205     


=== Confusion Matrix ===

  a  b  c  d  e  f  g   <-- classified as
  0  0  0  0  0  0  0 |  a = -3
  0  0  3  0  0  0  0 |  b = -2
  0  3 15  3  1  0  0 |  c = -1
  0  0  3 49  6  5  4 |  d = 0
  0  0  3  4 41  2  4 |  e = 1
  0  0  1  7  7 17  0 |  f = 2
  0  0  0  4  1  2 20 |  g = 3

