
Options: -R -B -M 2 -N 8 -L 

J48 pruned tree
------------------

make = volvo: -1 (10.0/3.0)
make != volvo
|   num-of-doors = four
|   |   wheel-base <= 95.1: 1 (12.52/2.0)
|   |   wheel-base > 95.1
|   |   |   make = saab: 2 (2.0)
|   |   |   make != saab
|   |   |   |   make = audi: 1 (4.0/2.0)
|   |   |   |   make != audi
|   |   |   |   |   make = volkswagen: 2 (7.0/3.0)
|   |   |   |   |   make != volkswagen
|   |   |   |   |   |   make = mitsubishi: 1 (3.0/1.0)
|   |   |   |   |   |   make != mitsubishi
|   |   |   |   |   |   |   num-of-cylinders = five: -1 (2.0)
|   |   |   |   |   |   |   num-of-cylinders != five: 0 (57.52/11.0)
|   num-of-doors != four
|   |   city-mpg <= 22.0: 3 (30.0/10.0)
|   |   city-mpg > 22.0
|   |   |   bore <= 3.39: 1 (40.96/15.48)
|   |   |   bore > 3.39: 2 (11.0)

Number of Leaves  : 	11

Size of the tree : 	21


Time taken to build model: 0.18 seconds
Time taken to test model on training data: 0.04 seconds

=== Error on training data ===

Correctly Classified Instances         155               75.6098 %
Incorrectly Classified Instances        50               24.3902 %
Kappa statistic                          0.6794
Mean absolute error                      0.1092
Root mean squared error                  0.232 
Relative absolute error                 49.4442 %
Root relative squared error             69.9406 %
Total Number of Instances              205     


=== Confusion Matrix ===

  a  b  c  d  e  f  g   <-- classified as
  0  0  0  0  0  0  0 |  a = -3
  0  0  3  0  0  0  0 |  b = -2
  0  0 11 10  1  0  0 |  c = -1
  0  0  0 54  5  3  5 |  d = 0
  0  0  0  2 47  0  5 |  e = 1
  0  0  0  0 11 20  1 |  f = 2
  0  0  0  0  4  0 23 |  g = 3



=== Stratified cross-validation ===

Correctly Classified Instances         143               69.7561 %
Incorrectly Classified Instances        62               30.2439 %
Kappa statistic                          0.6011
Mean absolute error                      0.1112
Root mean squared error                  0.2619
Relative absolute error                 50.289  %
Root relative squared error             78.9135 %
Total Number of Instances              205     


=== Confusion Matrix ===

  a  b  c  d  e  f  g   <-- classified as
  0  0  0  0  0  0  0 |  a = -3
  0  0  3  0  0  0  0 |  b = -2
  0  0 11 10  1  0  0 |  c = -1
  0  0  1 54  7  2  3 |  d = 0
  0  0  1  4 42  2  5 |  e = 1
  0  0  0  4 11 14  3 |  f = 2
  0  0  0  0  3  2 22 |  g = 3

