
Options: -R -B -M 4 -N 2 

J48 pruned tree
------------------

make = volvo: -1 (6.0/2.0)
make != volvo
|   num-of-doors = four
|   |   make = volkswagen: 2 (4.0/1.0)
|   |   make != volkswagen
|   |   |   curb-weight <= 2050.0: 1 (9.0/2.0)
|   |   |   curb-weight > 2050.0
|   |   |   |   num-of-cylinders = five: 1 (4.0/2.0)
|   |   |   |   num-of-cylinders != five
|   |   |   |   |   bore <= 3.35
|   |   |   |   |   |   wheel-base <= 99.8: 0 (8.0/1.0)
|   |   |   |   |   |   wheel-base > 99.8: -1 (6.0)
|   |   |   |   |   bore > 3.35: 0 (22.0/2.0)
|   num-of-doors != four
|   |   city-mpg <= 22.0: 3 (17.0/5.0)
|   |   city-mpg > 22.0
|   |   |   compression-ratio <= 8.6: 1 (4.0/2.0)
|   |   |   compression-ratio > 8.6
|   |   |   |   wheel-base <= 96.9
|   |   |   |   |   wheel-base <= 93.7
|   |   |   |   |   |   normalized-losses <= 119.0: 1 (5.0/1.0)
|   |   |   |   |   |   normalized-losses > 119.0: 2 (4.0)
|   |   |   |   |   wheel-base > 93.7: 1 (9.0/1.0)
|   |   |   |   wheel-base > 96.9: 2 (5.0)

Number of Leaves  : 	13

Size of the tree : 	25


Time taken to build model: 0.24 seconds
Time taken to test model on training data: 0.06 seconds

=== Error on training data ===

Correctly Classified Instances         154               75.122  %
Incorrectly Classified Instances        51               24.878  %
Kappa statistic                          0.6763
Mean absolute error                      0.0939
Root mean squared error                  0.2316
Relative absolute error                 42.5143 %
Root relative squared error             69.809  %
Total Number of Instances              205     


=== Confusion Matrix ===

  a  b  c  d  e  f  g   <-- classified as
  0  0  0  0  0  0  0 |  a = -3
  0  0  3  0  0  0  0 |  b = -2
  0  0 17  2  3  0  0 |  c = -1
  0  0  1 51  6  4  5 |  d = 0
  0  0  1  5 43  0  5 |  e = 1
  0  0  0  4  7 20  1 |  f = 2
  0  0  0  0  4  0 23 |  g = 3



=== Stratified cross-validation ===

Correctly Classified Instances         124               60.4878 %
Incorrectly Classified Instances        81               39.5122 %
Kappa statistic                          0.4784
Mean absolute error                      0.1361
Root mean squared error                  0.2911
Relative absolute error                 61.5571 %
Root relative squared error             87.701  %
Total Number of Instances              205     


=== Confusion Matrix ===

  a  b  c  d  e  f  g   <-- classified as
  0  0  0  0  0  0  0 |  a = -3
  0  0  1  2  0  0  0 |  b = -2
  0  1 12  6  2  0  1 |  c = -1
  0  0  4 53  1  5  4 |  d = 0
  0  0  1 12 31  4  6 |  e = 1
  0  0  0 11 10  8  3 |  f = 2
  0  0  0  1  3  3 20 |  g = 3

