
Options: -R -B -M 5 -N 4 -S -A 

J48 pruned tree
------------------

make = volvo: -1 (8.0/2.0)
make != volvo
|   height <= 50.2: 3 (15.0/2.0)
|   height > 50.2
|   |   wheel-base <= 95.1
|   |   |   engine-size <= 108.0: 1 (38.0/10.0)
|   |   |   engine-size > 108.0: 3 (5.0/1.0)
|   |   wheel-base > 95.1
|   |   |   make = saab: 3 (5.0/2.0)
|   |   |   make != saab
|   |   |   |   engine-type = dohc: -1 (5.0/3.0)
|   |   |   |   engine-type != dohc
|   |   |   |   |   engine-type = ohc
|   |   |   |   |   |   wheel-base <= 101.2
|   |   |   |   |   |   |   fuel-system = 2bbl: 0 (16.0/6.0)
|   |   |   |   |   |   |   fuel-system != 2bbl
|   |   |   |   |   |   |   |   fuel-system = mpfi
|   |   |   |   |   |   |   |   |   length <= 176.6: 2 (9.0)
|   |   |   |   |   |   |   |   |   length > 176.6: 0 (7.0/2.0)
|   |   |   |   |   |   |   |   fuel-system != mpfi: 0 (13.0/5.0)
|   |   |   |   |   |   wheel-base > 101.2
|   |   |   |   |   |   |   city-mpg <= 20.0: 0 (6.0/3.0)
|   |   |   |   |   |   |   city-mpg > 20.0: -1 (9.0/1.0)
|   |   |   |   |   engine-type != ohc: 0 (18.0)

Number of Leaves  : 	13

Size of the tree : 	25


Time taken to build model: 0.18 seconds
Time taken to test model on training data: 0.04 seconds

=== Error on training data ===

Correctly Classified Instances         150               73.1707 %
Incorrectly Classified Instances        55               26.8293 %
Kappa statistic                          0.6467
Mean absolute error                      0.1493
Root mean squared error                  0.2478
Relative absolute error                 67.5993 %
Root relative squared error             74.6856 %
Total Number of Instances              205     


=== Confusion Matrix ===

  a  b  c  d  e  f  g   <-- classified as
  0  0  0  0  0  0  0 |  a = -3
  0  0  3  0  0  0  0 |  b = -2
  0  0 20  2  0  0  0 |  c = -1
  0  0  4 58  2  1  2 |  d = 0
  0  0  0 16 36  0  2 |  e = 1
  0  0  0  7 10 12  3 |  f = 2
  0  0  2  1  0  0 24 |  g = 3



=== Stratified cross-validation ===

Correctly Classified Instances         138               67.3171 %
Incorrectly Classified Instances        67               32.6829 %
Kappa statistic                          0.5678
Mean absolute error                      0.163 
Root mean squared error                  0.2713
Relative absolute error                 73.7348 %
Root relative squared error             81.7442 %
Total Number of Instances              205     


=== Confusion Matrix ===

  a  b  c  d  e  f  g   <-- classified as
  0  0  0  0  0  0  0 |  a = -3
  0  0  3  0  0  0  0 |  b = -2
  0  0 14  7  1  0  0 |  c = -1
  0  0  0 55  4  4  4 |  d = 0
  0  0  2  9 37  0  6 |  e = 1
  0  0  0  8 11 10  3 |  f = 2
  0  0  0  1  4  0 22 |  g = 3

