
Options: -R -M 7 -N 7 

J48 pruned tree
------------------

num-of-doors = four
|   make = alfa-romero: 0 (0.0)
|   make = audi: 1 (4.0/1.0)
|   make = bmw: 0 (3.0/1.0)
|   make = chevrolet: 0 (1.0)
|   make = dodge: 1 (4.0/1.0)
|   make = honda: 0 (4.0)
|   make = isuzu: 0 (2.0)
|   make = jaguar: 0 (2.0)
|   make = mazda: 0 (7.57/2.0)
|   make = mercedes-benz: -1 (5.0/1.0)
|   make = mercury: 0 (0.0)
|   make = mitsubishi: 1 (3.0/1.0)
|   make = nissan: 0 (9.0/4.0)
|   make = peugot: 0 (10.0)
|   make = plymouth: 1 (4.0/1.0)
|   make = porsche: 0 (0.0)
|   make = renault: 0 (1.0)
|   make = saab: 2 (3.0)
|   make = subaru: 0 (8.0)
|   make = toyota
|   |   normalized-losses <= 90: -1 (7.0/2.0)
|   |   normalized-losses > 90: 0 (7.0)
|   make = volkswagen: 2 (6.0/2.0)
|   make = volvo: -1 (9.0/2.0)
num-of-doors = two
|   city-mpg <= 22
|   |   wheel-base <= 99.1: 3 (20.0/2.0)
|   |   wheel-base > 99.1: 0 (10.0/6.0)
|   city-mpg > 22: 1 (46.43/24.43)

Number of Leaves  : 	26

Size of the tree : 	31


Time taken to build model: 0.16 seconds
Time taken to test model on training data: 0.04 seconds

=== Error on training data ===

Correctly Classified Instances         147               71.7073 %
Incorrectly Classified Instances        58               28.2927 %
Kappa statistic                          0.6246
Mean absolute error                      0.1054
Root mean squared error                  0.2296
Relative absolute error                 47.7168 %
Root relative squared error             69.2121 %
Total Number of Instances              205     


=== Confusion Matrix ===

  a  b  c  d  e  f  g   <-- classified as
  0  0  0  0  0  0  0 |  a = -3
  0  0  3  0  0  0  0 |  b = -2
  0  0 18  1  3  0  0 |  c = -1
  0  0  3 59  2  3  0 |  d = 0
  0  0  1 10 41  0  2 |  e = 1
  0  0  0  1 23  8  0 |  f = 2
  0  0  0  2  4  0 21 |  g = 3



=== Stratified cross-validation ===

Correctly Classified Instances         132               64.3902 %
Incorrectly Classified Instances        73               35.6098 %
Kappa statistic                          0.5353
Mean absolute error                      0.1235
Root mean squared error                  0.2683
Relative absolute error                 55.8696 %
Root relative squared error             80.8413 %
Total Number of Instances              205     


=== Confusion Matrix ===

  a  b  c  d  e  f  g   <-- classified as
  0  0  0  0  0  0  0 |  a = -3
  0  0  2  1  0  0  0 |  b = -2
  0  0 16  3  2  1  0 |  c = -1
  0  0  5 49  6  3  4 |  d = 0
  0  0  1  8 35  3  7 |  e = 1
  0  0  0  6 13 11  2 |  f = 2
  0  0  1  1  3  1 21 |  g = 3

