
Options: -R -B -M 7 -N 8 -L -A 

J48 pruned tree
------------------

make = volvo: -1 (10.0/3.0)
make != volvo
|   num-of-doors = four
|   |   wheel-base <= 95.1: 1 (12.52/2.0)
|   |   wheel-base > 95.1
|   |   |   make = volkswagen: 2 (7.0/3.0)
|   |   |   make != volkswagen
|   |   |   |   normalized-losses <= 74.0: -1 (8.41/2.29)
|   |   |   |   normalized-losses > 74.0
|   |   |   |   |   city-mpg <= 25.0
|   |   |   |   |   |   bore <= 3.39: 1 (11.63/6.88)
|   |   |   |   |   |   bore > 3.39: 0 (24.02/4.0)
|   |   |   |   |   city-mpg > 25.0: 0 (24.45)
|   num-of-doors != four
|   |   city-mpg <= 22.0: 3 (30.0/10.0)
|   |   city-mpg > 22.0
|   |   |   bore <= 3.39: 1 (40.96/15.48)
|   |   |   bore > 3.39: 2 (11.0)

Number of Leaves  : 	10

Size of the tree : 	19


Time taken to build model: 0.17 seconds
Time taken to test model on training data: 0.06 seconds

=== Error on training data ===

Correctly Classified Instances         154               75.122  %
Incorrectly Classified Instances        51               24.878  %
Kappa statistic                          0.6745
Mean absolute error                      0.1449
Root mean squared error                  0.2441
Relative absolute error                 65.5881 %
Root relative squared error             73.5914 %
Total Number of Instances              205     


=== Confusion Matrix ===

  a  b  c  d  e  f  g   <-- classified as
  0  0  0  0  0  0  0 |  a = -3
  0  0  3  0  0  0  0 |  b = -2
  0  0 14  4  4  0  0 |  c = -1
  0  0  0 52  7  3  5 |  d = 0
  0  0  1  0 48  0  5 |  e = 1
  0  0  0  3 11 17  1 |  f = 2
  0  0  0  0  4  0 23 |  g = 3



=== Stratified cross-validation ===

Correctly Classified Instances         125               60.9756 %
Incorrectly Classified Instances        80               39.0244 %
Kappa statistic                          0.4785
Mean absolute error                      0.1708
Root mean squared error                  0.2865
Relative absolute error                 77.2398 %
Root relative squared error             86.3089 %
Total Number of Instances              205     


=== Confusion Matrix ===

  a  b  c  d  e  f  g   <-- classified as
  0  0  0  0  0  0  0 |  a = -3
  0  0  3  0  0  0  0 |  b = -2
  0  0 11 10  1  0  0 |  c = -1
  0  0  2 54  6  1  4 |  d = 0
  0  0  1 13 34  2  4 |  e = 1
  0  0  0 10 13  6  3 |  f = 2
  0  0  0  0  5  2 20 |  g = 3

