
Options: -R -M 5 -N 3 -L -S 

J48 pruned tree
------------------

num-of-doors = four
|   make = alfa-romero: 0 (0.0)
|   make = audi: 1 (4.0/1.0)
|   make = bmw: 0 (3.0)
|   make = chevrolet: 0 (1.0)
|   make = dodge: 1 (2.58)
|   make = honda: 0 (4.0)
|   make = isuzu: 0 (1.0)
|   make = jaguar: 0 (2.0)
|   make = mazda: 0 (5.0/1.0)
|   make = mercedes-benz: -1 (4.0/1.0)
|   make = mercury: 0 (0.0)
|   make = mitsubishi: 1 (3.0/1.0)
|   make = nissan: 0 (6.0/3.0)
|   make = peugot: 0 (7.0)
|   make = plymouth: 1 (3.0/1.0)
|   make = porsche: 0 (0.0)
|   make = renault: 0 (1.0)
|   make = saab: 2 (2.0)
|   make = subaru: 0 (6.0)
|   make = toyota
|   |   wheel-base <= 98.8: 0 (8.0/1.0)
|   |   wheel-base > 98.8: -1 (5.0)
|   make = volkswagen: 2 (5.0/2.0)
|   make = volvo: -1 (7.0/2.0)
num-of-doors = two
|   city-mpg <= 22
|   |   wheel-base <= 99.1: 3 (17.0/2.0)
|   |   wheel-base > 99.1: 0 (6.0/4.0)
|   city-mpg > 22
|   |   bore <= 3.39: 1 (26.42/9.0)
|   |   bore > 3.39: 2 (8.0)

Number of Leaves  : 	27

Size of the tree : 	33


Time taken to build model: 0.11 seconds
Time taken to test model on training data: 0.05 seconds

=== Error on training data ===

Correctly Classified Instances         162               79.0244 %
Incorrectly Classified Instances        43               20.9756 %
Kappa statistic                          0.7232
Mean absolute error                      0.0859
Root mean squared error                  0.2097
Relative absolute error                 38.8834 %
Root relative squared error             63.2202 %
Total Number of Instances              205     


=== Confusion Matrix ===

  a  b  c  d  e  f  g   <-- classified as
  0  0  0  0  0  0  0 |  a = -3
  0  0  3  0  0  0  0 |  b = -2
  0  0 19  0  3  0  0 |  c = -1
  0  0  1 61  2  3  0 |  d = 0
  0  0  0 11 41  0  2 |  e = 1
  0  0  0  1 11 20  0 |  f = 2
  0  0  0  2  4  0 21 |  g = 3



=== Stratified cross-validation ===

Correctly Classified Instances         134               65.3659 %
Incorrectly Classified Instances        71               34.6341 %
Kappa statistic                          0.5507
Mean absolute error                      0.1193
Root mean squared error                  0.2731
Relative absolute error                 53.9723 %
Root relative squared error             82.2859 %
Total Number of Instances              205     


=== Confusion Matrix ===

  a  b  c  d  e  f  g   <-- classified as
  0  0  0  0  0  0  0 |  a = -3
  0  0  3  0  0  0  0 |  b = -2
  0  0 19  2  0  1  0 |  c = -1
  0  0  5 51  4  3  4 |  d = 0
  0  0  4  8 33  4  5 |  e = 1
  0  0  0  7 12 12  1 |  f = 2
  0  0  1  1  2  4 19 |  g = 3

