
Options: -R -M 3 -N 6 -L -A 

J48 pruned tree
------------------

num-of-doors = four
|   make = alfa-romero: 0 (0.0)
|   make = audi: 1 (5.0/2.0)
|   make = bmw: 0 (4.0)
|   make = chevrolet: 0 (1.0)
|   make = dodge: 1 (4.57/1.0)
|   make = honda: 0 (5.0)
|   make = isuzu: 0 (1.0)
|   make = jaguar: 0 (2.0)
|   make = mazda: 0 (6.0/2.0)
|   make = mercedes-benz: -1 (4.0/1.0)
|   make = mercury: 0 (0.0)
|   make = mitsubishi: 1 (3.0/1.0)
|   make = nissan
|   |   wheel-base <= 95.7: 1 (3.0)
|   |   wheel-base > 95.7: 0 (4.0)
|   make = peugot: 0 (9.0)
|   make = plymouth: 1 (3.0/1.0)
|   make = porsche: 0 (0.0)
|   make = renault: 0 (1.0)
|   make = saab: 2 (3.0)
|   make = subaru: 0 (7.0)
|   make = toyota
|   |   wheel-base <= 98.8: 0 (10.0/1.0)
|   |   wheel-base > 98.8: -1 (6.0)
|   make = volkswagen: 2 (7.0/3.0)
|   make = volvo: -1 (9.0/2.0)
num-of-doors = two
|   height <= 50.2: 3 (16.0/2.0)
|   height > 50.2
|   |   num-of-cylinders = eight: 1 (3.0/1.0)
|   |   num-of-cylinders = five: 0 (3.0/1.0)
|   |   num-of-cylinders = four
|   |   |   height <= 55.2
|   |   |   |   bore <= 3.39
|   |   |   |   |   bore <= 2.97
|   |   |   |   |   |   normalized-losses <= 128: 1 (5.0)
|   |   |   |   |   |   normalized-losses > 128: 2 (4.0)
|   |   |   |   |   bore > 2.97
|   |   |   |   |   |   fuel-system = 1bbl: 0 (1.0)
|   |   |   |   |   |   fuel-system = 2bbl: 1 (13.0)
|   |   |   |   |   |   fuel-system = 4bbl: 1 (0.0)
|   |   |   |   |   |   fuel-system = idi: 1 (1.0)
|   |   |   |   |   |   fuel-system = mfi: 1 (0.0)
|   |   |   |   |   |   fuel-system = mpfi: 1 (3.43/1.0)
|   |   |   |   |   |   fuel-system = spdi: 1 (2.0)
|   |   |   |   |   |   fuel-system = spfi: 1 (0.0)
|   |   |   |   bore > 3.39: 2 (9.0/1.0)
|   |   |   height > 55.2: 3 (7.0/3.0)
|   |   num-of-cylinders = six: 3 (5.0/2.0)
|   |   num-of-cylinders = three: 2 (1.0)
|   |   num-of-cylinders = twelve: 1 (0.0)
|   |   num-of-cylinders = two: 1 (0.0)

Number of Leaves  : 	43

Size of the tree : 	54


Time taken to build model: 0.17 seconds
Time taken to test model on training data: 0.06 seconds

=== Error on training data ===

Correctly Classified Instances         176               85.8537 %
Incorrectly Classified Instances        29               14.1463 %
Kappa statistic                          0.8164
Mean absolute error                      0.1572
Root mean squared error                  0.2404
Relative absolute error                 71.177  %
Root relative squared error             72.4751 %
Total Number of Instances              205     


=== Confusion Matrix ===

  a  b  c  d  e  f  g   <-- classified as
  0  0  0  0  0  0  0 |  a = -3
  0  0  3  0  0  0  0 |  b = -2
  0  0 19  0  3  0  0 |  c = -1
  0  0  1 60  0  3  3 |  d = 0
  0  0  0  4 47  1  2 |  e = 1
  0  0  0  1  3 25  3 |  f = 2
  0  0  0  0  2  0 25 |  g = 3



=== Stratified cross-validation ===

Correctly Classified Instances         144               70.2439 %
Incorrectly Classified Instances        61               29.7561 %
Kappa statistic                          0.6117
Mean absolute error                      0.1722
Root mean squared error                  0.2727
Relative absolute error                 77.8665 %
Root relative squared error             82.1562 %
Total Number of Instances              205     


=== Confusion Matrix ===

  a  b  c  d  e  f  g   <-- classified as
  0  0  0  0  0  0  0 |  a = -3
  0  0  3  0  0  0  0 |  b = -2
  0  0 17  3  2  0  0 |  c = -1
  0  0  1 53  6  3  4 |  d = 0
  0  0  3  8 37  1  5 |  e = 1
  0  0  0  1 12 16  3 |  f = 2
  0  0  1  3  2  0 21 |  g = 3

