
Options: -R -M 9 -N 6 -L 

J48 pruned tree
------------------

num-of-doors = four
|   make = alfa-romero: 0 (0.0)
|   make = audi: 1 (5.0/2.0)
|   make = bmw: 0 (4.0)
|   make = chevrolet: 0 (1.0)
|   make = dodge: 1 (4.57/1.0)
|   make = honda: 0 (5.0)
|   make = isuzu: 0 (1.0)
|   make = jaguar: 0 (2.0)
|   make = mazda: 0 (6.0/2.0)
|   make = mercedes-benz: -1 (4.0/1.0)
|   make = mercury: 0 (0.0)
|   make = mitsubishi: 1 (3.0/1.0)
|   make = nissan: 0 (7.0/3.0)
|   make = peugot: 0 (9.0)
|   make = plymouth: 1 (3.0/1.0)
|   make = porsche: 0 (0.0)
|   make = renault: 0 (1.0)
|   make = saab: 2 (3.0)
|   make = subaru: 0 (7.0)
|   make = toyota: 0 (16.0/7.0)
|   make = volkswagen: 2 (7.0/3.0)
|   make = volvo: -1 (9.0/2.0)
num-of-doors = two
|   height <= 50.2: 3 (16.0/2.0)
|   height > 50.2
|   |   length <= 177.8
|   |   |   engine-size <= 103: 1 (27.43/6.0)
|   |   |   engine-size > 103: 2 (20.0/9.0)
|   |   length > 177.8: 3 (10.0/5.0)

Number of Leaves  : 	26

Size of the tree : 	31


Time taken to build model: 0.11 seconds
Time taken to test model on training data: 0.01 seconds

=== Error on training data ===

Correctly Classified Instances         149               72.6829 %
Incorrectly Classified Instances        56               27.3171 %
Kappa statistic                          0.6428
Mean absolute error                      0.1054
Root mean squared error                  0.2324
Relative absolute error                 47.6925 %
Root relative squared error             70.0399 %
Total Number of Instances              205     


=== Confusion Matrix ===

  a  b  c  d  e  f  g   <-- classified as
  0  0  0  0  0  0  0 |  a = -3
  0  0  3  0  0  0  0 |  b = -2
  0  0 12  7  3  0  0 |  c = -1
  0  0  1 56  0  6  4 |  d = 0
  0  0  0  8 38  5  3 |  e = 1
  0  0  0  0 11 21  0 |  f = 2
  0  0  0  0  0  5 22 |  g = 3



=== Stratified cross-validation ===

Correctly Classified Instances         128               62.439  %
Incorrectly Classified Instances        77               37.561  %
Kappa statistic                          0.5085
Mean absolute error                      0.1284
Root mean squared error                  0.2754
Relative absolute error                 58.0949 %
Root relative squared error             82.9748 %
Total Number of Instances              205     


=== Confusion Matrix ===

  a  b  c  d  e  f  g   <-- classified as
  0  0  0  0  0  0  0 |  a = -3
  0  0  2  1  0  0  0 |  b = -2
  0  0 13  7  1  1  0 |  c = -1
  0  0  7 49  5  2  4 |  d = 0
  0  0  5  6 37  1  5 |  e = 1
  0  0  0  7 13  9  3 |  f = 2
  0  0  1  0  5  1 20 |  g = 3

