
Options: -R -B -M 5 -N 2 -L -A 

J48 pruned tree
------------------

make = volvo: -1 (6.0/2.0)
make != volvo
|   num-of-doors = four
|   |   curb-weight <= 2050.0: 1 (9.0/2.0)
|   |   curb-weight > 2050.0
|   |   |   wheel-base <= 101.2
|   |   |   |   fuel-system = 2bbl: 0 (12.0/1.0)
|   |   |   |   fuel-system != 2bbl
|   |   |   |   |   height <= 55.4: 0 (8.0/1.0)
|   |   |   |   |   height > 55.4: 2 (5.0)
|   |   |   wheel-base > 101.2: 0 (19.0/9.0)
|   num-of-doors != four
|   |   city-mpg <= 22.0
|   |   |   wheel-base <= 99.1: 3 (12.0/1.0)
|   |   |   wheel-base > 99.1: 0 (5.0/3.0)
|   |   city-mpg > 22.0
|   |   |   bore <= 3.43: 1 (22.0/8.0)
|   |   |   bore > 3.43: 2 (5.0)

Number of Leaves  : 	10

Size of the tree : 	19


Time taken to build model: 0.09 seconds
Time taken to test model on training data: 0.05 seconds

=== Error on training data ===

Correctly Classified Instances         147               71.7073 %
Incorrectly Classified Instances        58               28.2927 %
Kappa statistic                          0.6192
Mean absolute error                      0.164 
Root mean squared error                  0.2596
Relative absolute error                 74.252  %
Root relative squared error             78.2523 %
Total Number of Instances              205     


=== Confusion Matrix ===

  a  b  c  d  e  f  g   <-- classified as
  0  0  0  0  0  0  0 |  a = -3
  0  0  3  0  0  0  0 |  b = -2
  0  0  8 14  0  0  0 |  c = -1
  0  0  0 59  6  2  0 |  d = 0
  0  0  0 12 40  0  2 |  e = 1
  0  0  0  3 10 19  0 |  f = 2
  0  0  0  2  4  0 21 |  g = 3



=== Stratified cross-validation ===

Correctly Classified Instances         122               59.5122 %
Incorrectly Classified Instances        83               40.4878 %
Kappa statistic                          0.4604
Mean absolute error                      0.1796
Root mean squared error                  0.2911
Relative absolute error                 81.2415 %
Root relative squared error             87.7177 %
Total Number of Instances              205     


=== Confusion Matrix ===

  a  b  c  d  e  f  g   <-- classified as
  0  0  0  0  0  0  0 |  a = -3
  0  0  2  1  0  0  0 |  b = -2
  0  0 11 10  1  0  0 |  c = -1
  0  0  5 55  1  2  4 |  d = 0
  0  0  0 15 29  5  5 |  e = 1
  0  0  0 11 12  7  2 |  f = 2
  0  0  0  1  3  3 20 |  g = 3

