
Options: -R -B -M 2 -N 7 -S 

J48 pruned tree
------------------

make = volvo
|   normalized-losses <= 98.0: -1 (7.0)
|   normalized-losses > 98.0: -2 (2.0)
make != volvo
|   num-of-doors = four
|   |   wheel-base <= 95.1: 1 (15.0/3.0)
|   |   wheel-base > 95.1
|   |   |   make = saab: 2 (3.0)
|   |   |   make != saab
|   |   |   |   make = audi: 1 (4.0/1.0)
|   |   |   |   make != audi
|   |   |   |   |   make = volkswagen
|   |   |   |   |   |   wheel-base <= 98.8: 2 (4.0)
|   |   |   |   |   |   wheel-base > 98.8: 0 (2.0)
|   |   |   |   |   make != volkswagen
|   |   |   |   |   |   make = mitsubishi: 1 (3.0/1.0)
|   |   |   |   |   |   make != mitsubishi
|   |   |   |   |   |   |   num-of-cylinders = five: -1 (3.0)
|   |   |   |   |   |   |   num-of-cylinders != five
|   |   |   |   |   |   |   |   normalized-losses <= 74.0
|   |   |   |   |   |   |   |   |   make = toyota: -1 (5.0/1.0)
|   |   |   |   |   |   |   |   |   make != toyota: 0 (2.54/1.27)
|   |   |   |   |   |   |   |   normalized-losses > 74.0: 0 (49.0/3.73)
|   num-of-doors != four
|   |   city-mpg <= 22.0
|   |   |   body-style = sedan: 0 (3.0/1.0)
|   |   |   body-style != sedan: 3 (27.0/7.0)
|   |   city-mpg > 22.0
|   |   |   compression-ratio <= 8.5
|   |   |   |   wheel-base <= 93.7: 1 (2.0)
|   |   |   |   wheel-base > 93.7: 3 (4.0)
|   |   |   compression-ratio > 8.5
|   |   |   |   bore <= 3.39
|   |   |   |   |   make = mitsubishi: 2 (3.0)
|   |   |   |   |   make != mitsubishi
|   |   |   |   |   |   make = volkswagen: 2 (2.0)
|   |   |   |   |   |   make != volkswagen
|   |   |   |   |   |   |   wheel-base <= 89.5: 2 (2.0)
|   |   |   |   |   |   |   wheel-base > 89.5
|   |   |   |   |   |   |   |   fuel-system = 2bbl: 1 (16.0/1.0)
|   |   |   |   |   |   |   |   fuel-system != 2bbl
|   |   |   |   |   |   |   |   |   height <= 52.8: 1 (4.0)
|   |   |   |   |   |   |   |   |   height > 52.8: 0 (2.46/1.0)
|   |   |   |   bore > 3.39: 2 (11.0)

Number of Leaves  : 	23

Size of the tree : 	45


Time taken to build model: 0.22 seconds
Time taken to test model on training data: 0.08 seconds

=== Error on training data ===

Correctly Classified Instances         182               88.7805 %
Incorrectly Classified Instances        23               11.2195 %
Kappa statistic                          0.8539
Mean absolute error                      0.0526
Root mean squared error                  0.1593
Relative absolute error                 23.7959 %
Root relative squared error             48.0228 %
Total Number of Instances              205     


=== Confusion Matrix ===

  a  b  c  d  e  f  g   <-- classified as
  0  0  0  0  0  0  0 |  a = -3
  0  3  0  0  0  0  0 |  b = -2
  0  0 16  5  1  0  0 |  c = -1
  0  0  0 62  3  0  2 |  d = 0
  0  0  1  2 46  0  5 |  e = 1
  0  0  0  1  3 28  0 |  f = 2
  0  0  0  0  0  0 27 |  g = 3



=== Stratified cross-validation ===

Correctly Classified Instances         140               68.2927 %
Incorrectly Classified Instances        65               31.7073 %
Kappa statistic                          0.5812
Mean absolute error                      0.1121
Root mean squared error                  0.262 
Relative absolute error                 50.7187 %
Root relative squared error             78.9379 %
Total Number of Instances              205     


=== Confusion Matrix ===

  a  b  c  d  e  f  g   <-- classified as
  0  0  0  0  0  0  0 |  a = -3
  0  0  3  0  0  0  0 |  b = -2
  0  0  9 12  1  0  0 |  c = -1
  0  0  4 52  5  3  3 |  d = 0
  0  0  1  3 43  2  5 |  e = 1
  0  0  0  7 10 14  1 |  f = 2
  0  0  0  0  4  1 22 |  g = 3

