
Options: -C 0.40 -M 6 -L 

J48 pruned tree
------------------

num-of-doors = four
|   wheel-base <= 101.2
|   |   height <= 51.6: 1 (10.56/1.0)
|   |   height > 51.6
|   |   |   curb-weight <= 2050: 1 (11.0/4.0)
|   |   |   curb-weight > 2050
|   |   |   |   width <= 65.4: 0 (27.0)
|   |   |   |   width > 65.4
|   |   |   |   |   width <= 66.4: 2 (7.0)
|   |   |   |   |   width > 66.4: 0 (13.56/3.0)
|   wheel-base > 101.2
|   |   make = alfa-romero: -1 (0.0)
|   |   make = audi: 1 (3.0)
|   |   make = bmw: 0 (3.0/1.0)
|   |   make = chevrolet: -1 (0.0)
|   |   make = dodge: -1 (1.0)
|   |   make = honda: -1 (0.0)
|   |   make = isuzu: -1 (0.0)
|   |   make = jaguar: 0 (2.0)
|   |   make = mazda: 0 (2.0)
|   |   make = mercedes-benz: -1 (5.0/1.0)
|   |   make = mercury: -1 (0.0)
|   |   make = mitsubishi: -1 (0.0)
|   |   make = nissan: -1 (0.0)
|   |   make = peugot: 0 (11.0)
|   |   make = plymouth: -1 (1.0)
|   |   make = porsche: -1 (0.0)
|   |   make = renault: -1 (0.0)
|   |   make = saab: -1 (0.0)
|   |   make = subaru: -1 (0.0)
|   |   make = toyota: -1 (7.0)
|   |   make = volkswagen: -1 (0.0)
|   |   make = volvo: -1 (11.0/3.0)
num-of-doors = two
|   city-mpg <= 22
|   |   wheel-base <= 99.1: 3 (23.0/2.0)
|   |   wheel-base > 99.1: 0 (11.0/6.0)
|   city-mpg > 22
|   |   bore <= 3.39
|   |   |   engine-size <= 103
|   |   |   |   bore <= 3.01
|   |   |   |   |   normalized-losses <= 119: 1 (6.0)
|   |   |   |   |   normalized-losses > 119: 2 (8.0/1.0)
|   |   |   |   bore > 3.01: 1 (19.44/1.0)
|   |   |   engine-size > 103: 3 (10.44/6.44)
|   |   bore > 3.39: 2 (12.0)

Number of Leaves  : 	34

Size of the tree : 	47


Time taken to build model: 0.19 seconds
Time taken to test model on training data: 0.05 seconds

=== Error on training data ===

Correctly Classified Instances         176               85.8537 %
Incorrectly Classified Instances        29               14.1463 %
Kappa statistic                          0.8161
Mean absolute error                      0.0571
Root mean squared error                  0.1688
Relative absolute error                 25.8679 %
Root relative squared error             50.8668 %
Total Number of Instances              205     


=== Confusion Matrix ===

  a  b  c  d  e  f  g   <-- classified as
  0  0  0  0  0  0  0 |  a = -3
  0  0  3  0  0  0  0 |  b = -2
  0  0 21  0  1  0  0 |  c = -1
  0  0  1 60  4  0  2 |  d = 0
  0  0  0  4 44  1  5 |  e = 1
  0  0  0  4  1 26  1 |  f = 2
  0  0  0  2  0  0 25 |  g = 3



=== Stratified cross-validation ===

Correctly Classified Instances         146               71.2195 %
Incorrectly Classified Instances        59               28.7805 %
Kappa statistic                          0.625 
Mean absolute error                      0.0999
Root mean squared error                  0.2455
Relative absolute error                 45.1996 %
Root relative squared error             73.9663 %
Total Number of Instances              205     


=== Confusion Matrix ===

  a  b  c  d  e  f  g   <-- classified as
  0  0  0  0  0  0  0 |  a = -3
  0  0  3  0  0  0  0 |  b = -2
  0  0 18  1  3  0  0 |  c = -1
  0  0  3 54  1  4  5 |  d = 0
  0  0  2  8 38  1  5 |  e = 1
  0  0  0  2 12 17  1 |  f = 2
  0  0  1  3  3  1 19 |  g = 3

