
Options: -R -M 4 -N 5 -L -S 

J48 pruned tree
------------------

num-of-doors = four
|   wheel-base <= 101.2
|   |   height <= 51.6: 1 (6.55)
|   |   height > 51.6
|   |   |   curb-weight <= 2050
|   |   |   |   length <= 163.4: 0 (4.0/1.0)
|   |   |   |   length > 163.4: 1 (5.0)
|   |   |   curb-weight > 2050
|   |   |   |   width <= 65.4: 0 (23.0)
|   |   |   |   width > 65.4
|   |   |   |   |   width <= 66.4: 2 (6.0)
|   |   |   |   |   width > 66.4: 0 (9.55/2.0)
|   wheel-base > 101.2
|   |   make = alfa-romero: -1 (0.0)
|   |   make = audi: 1 (2.0)
|   |   make = bmw: 0 (2.0)
|   |   make = chevrolet: -1 (0.0)
|   |   make = dodge: -1 (1.0)
|   |   make = honda: -1 (0.0)
|   |   make = isuzu: -1 (0.0)
|   |   make = jaguar: 0 (1.0)
|   |   make = mazda: 0 (1.0)
|   |   make = mercedes-benz: -1 (5.0/1.0)
|   |   make = mercury: -1 (0.0)
|   |   make = mitsubishi: -1 (0.0)
|   |   make = nissan: -1 (0.0)
|   |   make = peugot: 0 (9.0)
|   |   make = plymouth: -1 (0.0)
|   |   make = porsche: -1 (0.0)
|   |   make = renault: -1 (0.0)
|   |   make = saab: -1 (0.0)
|   |   make = subaru: -1 (0.0)
|   |   make = toyota: -1 (7.0)
|   |   make = volkswagen: -1 (0.0)
|   |   make = volvo: -1 (8.0/2.0)
num-of-doors = two
|   city-mpg <= 22: 3 (28.0/9.0)
|   city-mpg > 22
|   |   bore <= 3.39
|   |   |   engine-size <= 103
|   |   |   |   bore <= 3.01
|   |   |   |   |   normalized-losses <= 119: 1 (4.0)
|   |   |   |   |   normalized-losses > 119: 2 (7.0/1.0)
|   |   |   |   bore > 3.01: 1 (16.45)
|   |   |   engine-size > 103
|   |   |   |   width <= 65.4: 3 (4.0/1.0)
|   |   |   |   width > 65.4: 1 (4.45/1.45)
|   |   bore > 3.39: 2 (10.0)

Number of Leaves  : 	35

Size of the tree : 	49


Time taken to build model: 0.18 seconds
Time taken to test model on training data: 0.06 seconds

=== Error on training data ===

Correctly Classified Instances         179               87.3171 %
Incorrectly Classified Instances        26               12.6829 %
Kappa statistic                          0.8365
Mean absolute error                      0.0543
Root mean squared error                  0.1713
Relative absolute error                 24.5929 %
Root relative squared error             51.6418 %
Total Number of Instances              205     


=== Confusion Matrix ===

  a  b  c  d  e  f  g   <-- classified as
  0  0  0  0  0  0  0 |  a = -3
  0  0  3  0  0  0  0 |  b = -2
  0  0 21  0  1  0  0 |  c = -1
  0  0  1 59  0  0  7 |  d = 0
  0  0  0  2 46  1  5 |  e = 1
  0  0  0  3  2 26  1 |  f = 2
  0  0  0  0  0  0 27 |  g = 3



=== Stratified cross-validation ===

Correctly Classified Instances         139               67.8049 %
Incorrectly Classified Instances        66               32.1951 %
Kappa statistic                          0.5809
Mean absolute error                      0.1079
Root mean squared error                  0.2559
Relative absolute error                 48.8166 %
Root relative squared error             77.0878 %
Total Number of Instances              205     


=== Confusion Matrix ===

  a  b  c  d  e  f  g   <-- classified as
  0  0  0  0  0  0  0 |  a = -3
  0  0  3  0  0  0  0 |  b = -2
  0  0 18  2  2  0  0 |  c = -1
  0  0  1 51  5  5  5 |  d = 0
  0  0  3  7 38  0  6 |  e = 1
  0  0  0  4 14 11  3 |  f = 2
  0  0  2  0  4  0 21 |  g = 3

