
Options: -R -B -M 7 -N 2 -S 

J48 pruned tree
------------------

num-of-doors = four
|   wheel-base <= 101.2
|   |   fuel-system = 2bbl
|   |   |   curb-weight <= 2050.0: 1 (8.0/1.0)
|   |   |   curb-weight > 2050.0: 0 (12.0/1.0)
|   |   fuel-system != 2bbl
|   |   |   height <= 55.1: 0 (7.0/1.0)
|   |   |   height > 55.1: 2 (7.0/2.0)
|   wheel-base > 101.2
|   |   compression-ratio <= 8.4: 0 (13.0/3.0)
|   |   compression-ratio > 8.4: -1 (12.0/2.0)
num-of-doors != four
|   city-mpg <= 22.0: 3 (17.0/5.0)
|   city-mpg > 22.0: 1 (27.0/13.0)

Number of Leaves  : 	8

Size of the tree : 	15


Time taken to build model: 0.18 seconds
Time taken to test model on training data: 0.05 seconds

=== Error on training data ===

Correctly Classified Instances         138               67.3171 %
Incorrectly Classified Instances        67               32.6829 %
Kappa statistic                          0.575 
Mean absolute error                      0.1235
Root mean squared error                  0.2601
Relative absolute error                 55.8912 %
Root relative squared error             78.3999 %
Total Number of Instances              205     


=== Confusion Matrix ===

  a  b  c  d  e  f  g   <-- classified as
  0  0  0  0  0  0  0 |  a = -3
  0  0  2  1  0  0  0 |  b = -2
  0  0 19  3  0  0  0 |  c = -1
  0  0  6 48  4  4  5 |  d = 0
  0  0  3  6 40  0  5 |  e = 1
  0  0  0  2 21  8  1 |  f = 2
  0  0  0  0  4  0 23 |  g = 3



=== Stratified cross-validation ===

Correctly Classified Instances         119               58.0488 %
Incorrectly Classified Instances        86               41.9512 %
Kappa statistic                          0.4502
Mean absolute error                      0.1491
Root mean squared error                  0.2914
Relative absolute error                 67.4529 %
Root relative squared error             87.8111 %
Total Number of Instances              205     


=== Confusion Matrix ===

  a  b  c  d  e  f  g   <-- classified as
  0  0  0  0  0  0  0 |  a = -3
  0  0  1  2  0  0  0 |  b = -2
  0  0 13  9  0  0  0 |  c = -1
  0  0  5 46  8  4  4 |  d = 0
  0  0  5  9 30  6  4 |  e = 1
  0  0  1 11 10  8  2 |  f = 2
  0  0  0  1  1  3 22 |  g = 3

