
Options: -R -M 5 -N 6 -S 

J48 pruned tree
------------------

num-of-doors = four
|   make = alfa-romero: 0 (0.0)
|   make = audi: 1 (5.0/2.0)
|   make = bmw: 0 (4.0)
|   make = chevrolet: 0 (1.0)
|   make = dodge: 1 (4.57/1.0)
|   make = honda: 0 (5.0)
|   make = isuzu: 0 (1.0)
|   make = jaguar: 0 (2.0)
|   make = mazda: 0 (6.0/2.0)
|   make = mercedes-benz: -1 (4.0/1.0)
|   make = mercury: 0 (0.0)
|   make = mitsubishi: 1 (3.0/1.0)
|   make = nissan: 0 (7.0/3.0)
|   make = peugot: 0 (9.0)
|   make = plymouth: 1 (3.0/1.0)
|   make = porsche: 0 (0.0)
|   make = renault: 0 (1.0)
|   make = saab: 2 (3.0)
|   make = subaru: 0 (7.0)
|   make = toyota
|   |   wheel-base <= 98.8: 0 (10.0/1.0)
|   |   wheel-base > 98.8: -1 (6.0)
|   make = volkswagen: 2 (7.0/3.0)
|   make = volvo: -1 (9.0/2.0)
num-of-doors = two
|   height <= 50.2: 3 (16.0/2.0)
|   height > 50.2
|   |   num-of-cylinders = eight: 1 (3.0/1.0)
|   |   num-of-cylinders = five: 0 (3.0/1.0)
|   |   num-of-cylinders = four
|   |   |   engine-size <= 103
|   |   |   |   bore <= 3.01
|   |   |   |   |   normalized-losses <= 119: 1 (5.0)
|   |   |   |   |   normalized-losses > 119: 2 (6.0/1.0)
|   |   |   |   bore > 3.01: 1 (15.43)
|   |   |   engine-size > 103: 2 (19.0/9.0)
|   |   num-of-cylinders = six: 3 (5.0/2.0)
|   |   num-of-cylinders = three: 2 (1.0)
|   |   num-of-cylinders = twelve: 1 (0.0)
|   |   num-of-cylinders = two: 1 (0.0)

Number of Leaves  : 	34

Size of the tree : 	42


Time taken to build model: 0.11 seconds
Time taken to test model on training data: 0.05 seconds

=== Error on training data ===

Correctly Classified Instances         164               80      %
Incorrectly Classified Instances        41               20      %
Kappa statistic                          0.741 
Mean absolute error                      0.0799
Root mean squared error                  0.2041
Relative absolute error                 36.1784 %
Root relative squared error             61.5222 %
Total Number of Instances              205     


=== Confusion Matrix ===

  a  b  c  d  e  f  g   <-- classified as
  0  0  0  0  0  0  0 |  a = -3
  0  0  3  0  0  0  0 |  b = -2
  0  0 19  0  3  0  0 |  c = -1
  0  0  1 58  0  5  3 |  d = 0
  0  0  0  8 39  5  2 |  e = 1
  0  0  0  1  4 27  0 |  f = 2
  0  0  0  0  1  5 21 |  g = 3



=== Stratified cross-validation ===

Correctly Classified Instances         147               71.7073 %
Incorrectly Classified Instances        58               28.2927 %
Kappa statistic                          0.6294
Mean absolute error                      0.1075
Root mean squared error                  0.2477
Relative absolute error                 48.6174 %
Root relative squared error             74.6369 %
Total Number of Instances              205     


=== Confusion Matrix ===

  a  b  c  d  e  f  g   <-- classified as
  0  0  0  0  0  0  0 |  a = -3
  0  0  3  0  0  0  0 |  b = -2
  0  0 17  3  2  0  0 |  c = -1
  0  0  1 55  6  1  4 |  d = 0
  0  0  3  6 40  1  4 |  e = 1
  0  0  0  2 12 16  2 |  f = 2
  0  0  1  1  5  1 19 |  g = 3

