
Options: -R -M 7 -N 4 -S -A 

J48 pruned tree
------------------

num-of-doors = four
|   wheel-base <= 101.2
|   |   width <= 65.4
|   |   |   height <= 51.6: 1 (7.0/1.0)
|   |   |   height > 51.6: 0 (29.0/7.0)
|   |   width > 65.4
|   |   |   engine-size <= 121: 2 (8.0/1.0)
|   |   |   engine-size > 121: 0 (7.56/1.0)
|   wheel-base > 101.2
|   |   make = alfa-romero: -1 (0.0)
|   |   make = audi: 1 (2.0)
|   |   make = bmw: 0 (2.0)
|   |   make = chevrolet: -1 (0.0)
|   |   make = dodge: -1 (1.0)
|   |   make = honda: -1 (0.0)
|   |   make = isuzu: -1 (0.0)
|   |   make = jaguar: 0 (2.0)
|   |   make = mazda: -1 (0.0)
|   |   make = mercedes-benz: -1 (3.0/1.0)
|   |   make = mercury: -1 (0.0)
|   |   make = mitsubishi: -1 (0.0)
|   |   make = nissan: -1 (0.0)
|   |   make = peugot: 0 (9.0)
|   |   make = plymouth: -1 (1.0)
|   |   make = porsche: -1 (0.0)
|   |   make = renault: -1 (0.0)
|   |   make = saab: -1 (0.0)
|   |   make = subaru: -1 (0.0)
|   |   make = toyota: -1 (6.0)
|   |   make = volkswagen: -1 (0.0)
|   |   make = volvo: -1 (8.0/2.0)
num-of-doors = two
|   city-mpg <= 22: 3 (24.0/7.0)
|   city-mpg > 22
|   |   bore <= 3.39: 1 (35.44/13.44)
|   |   bore > 3.39: 2 (9.0)

Number of Leaves  : 	29

Size of the tree : 	37


Time taken to build model: 0.14 seconds
Time taken to test model on training data: 0.03 seconds

=== Error on training data ===

Correctly Classified Instances         161               78.5366 %
Incorrectly Classified Instances        44               21.4634 %
Kappa statistic                          0.7217
Mean absolute error                      0.1518
Root mean squared error                  0.2456
Relative absolute error                 68.7033 %
Root relative squared error             74.0391 %
Total Number of Instances              205     


=== Confusion Matrix ===

  a  b  c  d  e  f  g   <-- classified as
  0  0  0  0  0  0  0 |  a = -3
  0  0  3  0  0  0  0 |  b = -2
  0  0 21  0  1  0  0 |  c = -1
  0  0  3 55  2  2  5 |  d = 0
  0  0  0  8 41  0  5 |  e = 1
  0  0  0  1  9 21  1 |  f = 2
  0  0  0  0  4  0 23 |  g = 3



=== Stratified cross-validation ===

Correctly Classified Instances         136               66.3415 %
Incorrectly Classified Instances        69               33.6585 %
Kappa statistic                          0.5588
Mean absolute error                      0.1743
Root mean squared error                  0.279 
Relative absolute error                 78.8427 %
Root relative squared error             84.0614 %
Total Number of Instances              205     


=== Confusion Matrix ===

  a  b  c  d  e  f  g   <-- classified as
  0  0  0  0  0  0  0 |  a = -3
  0  0  3  0  0  0  0 |  b = -2
  0  0 16  3  3  0  0 |  c = -1
  0  0  3 48 10  1  5 |  d = 0
  0  0  1  6 41  1  5 |  e = 1
  0  0  0  6 14 10  2 |  f = 2
  0  0  1  0  5  0 21 |  g = 3

