
Options: -R -M 4 -N 7 -L -A 

J48 pruned tree
------------------

num-of-doors = four
|   make = alfa-romero: 0 (0.0)
|   make = audi: 1 (4.0/1.0)
|   make = bmw: 0 (3.0/1.0)
|   make = chevrolet: 0 (1.0)
|   make = dodge: 1 (4.0/1.0)
|   make = honda: 0 (4.0)
|   make = isuzu: 0 (2.0)
|   make = jaguar: 0 (2.0)
|   make = mazda: 0 (7.57/2.0)
|   make = mercedes-benz: -1 (5.0/1.0)
|   make = mercury: 0 (0.0)
|   make = mitsubishi: 1 (3.0/1.0)
|   make = nissan: 0 (9.0/4.0)
|   make = peugot: 0 (10.0)
|   make = plymouth: 1 (4.0/1.0)
|   make = porsche: 0 (0.0)
|   make = renault: 0 (1.0)
|   make = saab: 2 (3.0)
|   make = subaru: 0 (8.0)
|   make = toyota
|   |   wheel-base <= 98.8: 0 (9.0/1.0)
|   |   wheel-base > 98.8: -1 (5.0)
|   make = volkswagen: 2 (6.0/2.0)
|   make = volvo: -1 (9.0/2.0)
num-of-doors = two
|   city-mpg <= 22: 3 (30.0/10.0)
|   city-mpg > 22: 1 (46.43/24.43)

Number of Leaves  : 	25

Size of the tree : 	29


Time taken to build model: 0.14 seconds
Time taken to test model on training data: 0.06 seconds

=== Error on training data ===

Correctly Classified Instances         146               71.2195 %
Incorrectly Classified Instances        59               28.7805 %
Kappa statistic                          0.6224
Mean absolute error                      0.1686
Root mean squared error                  0.2649
Relative absolute error                 76.3264 %
Root relative squared error             79.8561 %
Total Number of Instances              205     


=== Confusion Matrix ===

  a  b  c  d  e  f  g   <-- classified as
  0  0  0  0  0  0  0 |  a = -3
  0  0  3  0  0  0  0 |  b = -2
  0  0 19  0  3  0  0 |  c = -1
  0  0  1 55  3  3  5 |  d = 0
  0  0  0  8 41  0  5 |  e = 1
  0  0  0  0 23  8  1 |  f = 2
  0  0  0  0  4  0 23 |  g = 3



=== Stratified cross-validation ===

Correctly Classified Instances         137               66.8293 %
Incorrectly Classified Instances        68               33.1707 %
Kappa statistic                          0.5651
Mean absolute error                      0.1758
Root mean squared error                  0.2778
Relative absolute error                 79.5181 %
Root relative squared error             83.7128 %
Total Number of Instances              205     


=== Confusion Matrix ===

  a  b  c  d  e  f  g   <-- classified as
  0  0  0  0  0  0  0 |  a = -3
  0  0  3  0  0  0  0 |  b = -2
  0  0 18  1  3  0  0 |  c = -1
  0  0  1 53  7  3  3 |  d = 0
  0  0  1  8 36  3  6 |  e = 1
  0  0  0  5 12 12  3 |  f = 2
  0  0  1  2  5  1 18 |  g = 3

