
Options: -B -C 0.50 -M 8 -A 

J48 pruned tree
------------------

make = volvo: -1 (11.0/3.0)
make != volvo
|   num-of-doors = four
|   |   height <= 51.6: 1 (10.54/1.0)
|   |   height > 51.6
|   |   |   make = volkswagen: 2 (8.0/3.0)
|   |   |   make != volkswagen
|   |   |   |   curb-weight <= 2050.0: 1 (11.0/4.0)
|   |   |   |   curb-weight > 2050.0
|   |   |   |   |   wheel-base <= 101.2: 0 (39.54/5.0)
|   |   |   |   |   wheel-base > 101.2
|   |   |   |   |   |   bore <= 3.39: -1 (13.0/4.0)
|   |   |   |   |   |   bore > 3.39: 0 (22.0/4.0)
|   num-of-doors != four
|   |   city-mpg <= 22.0
|   |   |   wheel-base <= 99.1: 3 (23.0/2.0)
|   |   |   wheel-base > 99.1: 0 (11.0/6.0)
|   |   city-mpg > 22.0
|   |   |   bore <= 3.39
|   |   |   |   engine-size <= 103.0: 1 (33.46/8.0)
|   |   |   |   engine-size > 103.0: 3 (10.46/6.46)
|   |   |   bore > 3.39: 2 (12.0)

Number of Leaves  : 	12

Size of the tree : 	23


Time taken to build model: 0.17 seconds
Time taken to test model on training data: 0.02 seconds

=== Error on training data ===

Correctly Classified Instances         159               77.561  %
Incorrectly Classified Instances        46               22.439  %
Kappa statistic                          0.7063
Mean absolute error                      0.1324
Root mean squared error                  0.2285
Relative absolute error                 59.9398 %
Root relative squared error             68.8792 %
Total Number of Instances              205     


=== Confusion Matrix ===

  a  b  c  d  e  f  g   <-- classified as
  0  0  0  0  0  0  0 |  a = -3
  0  0  3  0  0  0  0 |  b = -2
  0  0 17  4  1  0  0 |  c = -1
  0  0  0 58  4  3  2 |  d = 0
  0  0  4  3 42  0  5 |  e = 1
  0  0  0  6  8 17  1 |  f = 2
  0  0  0  2  0  0 25 |  g = 3



=== Stratified cross-validation ===

Correctly Classified Instances         143               69.7561 %
Incorrectly Classified Instances        62               30.2439 %
Kappa statistic                          0.6066
Mean absolute error                      0.1542
Root mean squared error                  0.2594
Relative absolute error                 69.733  %
Root relative squared error             78.1565 %
Total Number of Instances              205     


=== Confusion Matrix ===

  a  b  c  d  e  f  g   <-- classified as
  0  0  0  0  0  0  0 |  a = -3
  0  0  3  0  0  0  0 |  b = -2
  0  0 17  3  1  1  0 |  c = -1
  0  0  2 55  5  3  2 |  d = 0
  0  0  4  7 31  7  5 |  e = 1
  0  0  0  5  5 21  1 |  f = 2
  0  0  0  2  5  1 19 |  g = 3

