
Options: -R -M 8 -N 6 -L -S 

J48 pruned tree
------------------

num-of-doors = four
|   make = alfa-romero: 0 (0.0)
|   make = audi: 1 (5.0/2.0)
|   make = bmw: 0 (4.0)
|   make = chevrolet: 0 (1.0)
|   make = dodge: 1 (4.57/1.0)
|   make = honda: 0 (5.0)
|   make = isuzu: 0 (1.0)
|   make = jaguar: 0 (2.0)
|   make = mazda: 0 (6.0/2.0)
|   make = mercedes-benz: -1 (4.0/1.0)
|   make = mercury: 0 (0.0)
|   make = mitsubishi: 1 (3.0/1.0)
|   make = nissan: 0 (7.0/3.0)
|   make = peugot: 0 (9.0)
|   make = plymouth: 1 (3.0/1.0)
|   make = porsche: 0 (0.0)
|   make = renault: 0 (1.0)
|   make = saab: 2 (3.0)
|   make = subaru: 0 (7.0)
|   make = toyota
|   |   curb-weight <= 2280: 0 (8.0/1.0)
|   |   curb-weight > 2280: -1 (8.0/2.0)
|   make = volkswagen: 2 (7.0/3.0)
|   make = volvo: -1 (9.0/2.0)
num-of-doors = two
|   height <= 50.2: 3 (16.0/2.0)
|   height > 50.2
|   |   length <= 177.8
|   |   |   engine-size <= 103: 1 (27.43/6.0)
|   |   |   engine-size > 103: 2 (20.0/9.0)
|   |   length > 177.8: 3 (10.0/5.0)

Number of Leaves  : 	27

Size of the tree : 	33


Time taken to build model: 0.16 seconds
Time taken to test model on training data: 0.04 seconds

=== Error on training data ===

Correctly Classified Instances         154               75.122  %
Incorrectly Classified Instances        51               24.878  %
Kappa statistic                          0.6788
Mean absolute error                      0.099 
Root mean squared error                  0.2251
Relative absolute error                 44.8141 %
Root relative squared error             67.8517 %
Total Number of Instances              205     


=== Confusion Matrix ===

  a  b  c  d  e  f  g   <-- classified as
  0  0  0  0  0  0  0 |  a = -3
  0  0  3  0  0  0  0 |  b = -2
  0  0 19  0  3  0  0 |  c = -1
  0  0  3 54  0  6  4 |  d = 0
  0  0  0  8 38  5  3 |  e = 1
  0  0  0  0 11 21  0 |  f = 2
  0  0  0  0  0  5 22 |  g = 3



=== Stratified cross-validation ===

Correctly Classified Instances         138               67.3171 %
Incorrectly Classified Instances        67               32.6829 %
Kappa statistic                          0.573 
Mean absolute error                      0.119 
Root mean squared error                  0.2631
Relative absolute error                 53.8282 %
Root relative squared error             79.2692 %
Total Number of Instances              205     


=== Confusion Matrix ===

  a  b  c  d  e  f  g   <-- classified as
  0  0  0  0  0  0  0 |  a = -3
  0  0  3  0  0  0  0 |  b = -2
  0  0 14  6  1  1  0 |  c = -1
  0  0  5 51  5  2  4 |  d = 0
  0  0  3  7 39  0  5 |  e = 1
  0  0  0  4 12 13  3 |  f = 2
  0  0  1  0  4  1 21 |  g = 3

