
Options: -R -M 7 -N 3 -S 

J48 pruned tree
------------------

num-of-doors = four
|   make = alfa-romero: 0 (0.0)
|   make = audi: 1 (4.0/1.0)
|   make = bmw: 0 (3.0)
|   make = chevrolet: 0 (1.0)
|   make = dodge: 1 (2.58)
|   make = honda: 0 (4.0)
|   make = isuzu: 0 (1.0)
|   make = jaguar: 0 (2.0)
|   make = mazda: 0 (5.0/1.0)
|   make = mercedes-benz: -1 (4.0/1.0)
|   make = mercury: 0 (0.0)
|   make = mitsubishi: 1 (3.0/1.0)
|   make = nissan: 0 (6.0/3.0)
|   make = peugot: 0 (7.0)
|   make = plymouth: 1 (3.0/1.0)
|   make = porsche: 0 (0.0)
|   make = renault: 0 (1.0)
|   make = saab: 2 (2.0)
|   make = subaru: 0 (6.0)
|   make = toyota: 0 (13.0/6.0)
|   make = volkswagen: 2 (5.0/2.0)
|   make = volvo: -1 (7.0/2.0)
num-of-doors = two
|   city-mpg <= 22
|   |   num-of-cylinders = eight: 1 (3.0/1.0)
|   |   num-of-cylinders = five: 0 (2.0/1.0)
|   |   num-of-cylinders = four: 3 (8.0)
|   |   num-of-cylinders = six: 3 (7.0/3.0)
|   |   num-of-cylinders = three: 3 (0.0)
|   |   num-of-cylinders = twelve: 3 (0.0)
|   |   num-of-cylinders = two: 3 (3.0)
|   city-mpg > 22
|   |   bore <= 3.39: 1 (26.42/9.0)
|   |   bore > 3.39: 2 (8.0)

Number of Leaves  : 	31

Size of the tree : 	36


Time taken to build model: 0.09 seconds
Time taken to test model on training data: 0.05 seconds

=== Error on training data ===

Correctly Classified Instances         155               75.6098 %
Incorrectly Classified Instances        50               24.3902 %
Kappa statistic                          0.6773
Mean absolute error                      0.095 
Root mean squared error                  0.2236
Relative absolute error                 43.0104 %
Root relative squared error             67.3901 %
Total Number of Instances              205     


=== Confusion Matrix ===

  a  b  c  d  e  f  g   <-- classified as
  0  0  0  0  0  0  0 |  a = -3
  0  0  3  0  0  0  0 |  b = -2
  0  0 12  7  3  0  0 |  c = -1
  0  0  1 58  2  3  3 |  d = 0
  0  0  0  8 43  0  3 |  e = 1
  0  0  0  1 11 20  0 |  f = 2
  0  0  0  0  5  0 22 |  g = 3



=== Stratified cross-validation ===

Correctly Classified Instances         116               56.5854 %
Incorrectly Classified Instances        89               43.4146 %
Kappa statistic                          0.4316
Mean absolute error                      0.1373
Root mean squared error                  0.2853
Relative absolute error                 62.1161 %
Root relative squared error             85.973  %
Total Number of Instances              205     


=== Confusion Matrix ===

  a  b  c  d  e  f  g   <-- classified as
  0  0  0  0  0  0  0 |  a = -3
  0  0  1  2  0  0  0 |  b = -2
  0  0 15  6  0  1  0 |  c = -1
  0  0  9 45  5  3  5 |  d = 0
  0  0  5 10 31  3  5 |  e = 1
  0  0  0  9 17  5  1 |  f = 2
  0  0  0  2  3  2 20 |  g = 3

