
Options: -R -M 6 -N 6 -L -S -A 

J48 pruned tree
------------------

num-of-doors = four
|   make = alfa-romero: 0 (0.0)
|   make = audi: 1 (5.0/2.0)
|   make = bmw: 0 (4.0)
|   make = chevrolet: 0 (1.0)
|   make = dodge: 1 (4.57/1.0)
|   make = honda: 0 (5.0)
|   make = isuzu: 0 (1.0)
|   make = jaguar: 0 (2.0)
|   make = mazda: 0 (6.0/2.0)
|   make = mercedes-benz: -1 (4.0/1.0)
|   make = mercury: 0 (0.0)
|   make = mitsubishi: 1 (3.0/1.0)
|   make = nissan: 0 (7.0/3.0)
|   make = peugot: 0 (9.0)
|   make = plymouth: 1 (3.0/1.0)
|   make = porsche: 0 (0.0)
|   make = renault: 0 (1.0)
|   make = saab: 2 (3.0)
|   make = subaru: 0 (7.0)
|   make = toyota
|   |   wheel-base <= 98.8: 0 (10.0/1.0)
|   |   wheel-base > 98.8: -1 (6.0)
|   make = volkswagen: 2 (7.0/3.0)
|   make = volvo: -1 (9.0/2.0)
num-of-doors = two
|   height <= 50.2: 3 (16.0/2.0)
|   height > 50.2
|   |   engine-size <= 103
|   |   |   bore <= 3.01
|   |   |   |   normalized-losses <= 121: 1 (6.0/1.0)
|   |   |   |   normalized-losses > 121: 2 (6.0/1.0)
|   |   |   bore > 3.01: 1 (15.43)
|   |   engine-size > 103
|   |   |   width <= 66.4
|   |   |   |   length <= 171.2: 3 (9.0/5.0)
|   |   |   |   length > 171.2: 2 (9.0)
|   |   |   width > 66.4: 3 (12.0/7.0)

Number of Leaves  : 	30

Size of the tree : 	39


Time taken to build model: 0.1 seconds
Time taken to test model on training data: 0.06 seconds

=== Error on training data ===

Correctly Classified Instances         163               79.5122 %
Incorrectly Classified Instances        42               20.4878 %
Kappa statistic                          0.7366
Mean absolute error                      0.158 
Root mean squared error                  0.2463
Relative absolute error                 71.5263 %
Root relative squared error             74.2491 %
Total Number of Instances              205     


=== Confusion Matrix ===

  a  b  c  d  e  f  g   <-- classified as
  0  0  0  0  0  0  0 |  a = -3
  0  0  3  0  0  0  0 |  b = -2
  0  0 19  0  3  0  0 |  c = -1
  0  0  1 56  0  4  6 |  d = 0
  0  0  0  8 37  1  8 |  e = 1
  0  0  0  0  5 24  3 |  f = 2
  0  0  0  0  0  0 27 |  g = 3



=== Stratified cross-validation ===

Correctly Classified Instances         142               69.2683 %
Incorrectly Classified Instances        63               30.7317 %
Kappa statistic                          0.6011
Mean absolute error                      0.1729
Root mean squared error                  0.2752
Relative absolute error                 78.1976 %
Root relative squared error             82.9234 %
Total Number of Instances              205     


=== Confusion Matrix ===

  a  b  c  d  e  f  g   <-- classified as
  0  0  0  0  0  0  0 |  a = -3
  0  0  3  0  0  0  0 |  b = -2
  0  0 15  5  1  1  0 |  c = -1
  0  0  5 49  6  3  4 |  d = 0
  0  0  3  5 41  0  5 |  e = 1
  0  0  0  0 13 17  2 |  f = 2
  0  0  1  0  5  1 20 |  g = 3

