
Options: -R -B -M 2 -N 5 -S 

J48 pruned tree
------------------

make = volvo
|   normalized-losses <= 98.0: -1 (6.0)
|   normalized-losses > 98.0: -2 (2.0)
make != volvo
|   num-of-doors = four
|   |   height <= 51.6: 1 (6.53)
|   |   height > 51.6
|   |   |   curb-weight <= 2050.0
|   |   |   |   horsepower <= 69.0: 1 (6.0)
|   |   |   |   horsepower > 69.0: 0 (3.0)
|   |   |   curb-weight > 2050.0
|   |   |   |   make = audi: 1 (4.0/2.0)
|   |   |   |   make != audi
|   |   |   |   |   make = saab: 2 (2.0)
|   |   |   |   |   make != saab
|   |   |   |   |   |   make = volkswagen: 2 (7.0/3.0)
|   |   |   |   |   |   make != volkswagen: 0 (53.53/12.0)
|   num-of-doors != four
|   |   city-mpg <= 22.0: 3 (28.0/9.0)
|   |   city-mpg > 22.0
|   |   |   bore <= 3.39
|   |   |   |   make = volkswagen: 2 (4.0/2.0)
|   |   |   |   make != volkswagen
|   |   |   |   |   wheel-base <= 89.5: 2 (3.0)
|   |   |   |   |   wheel-base > 89.5
|   |   |   |   |   |   make = mitsubishi: 2 (4.0/2.0)
|   |   |   |   |   |   make != mitsubishi: 1 (24.95/1.47)
|   |   |   bore > 3.39: 2 (10.0)

Number of Leaves  : 	15

Size of the tree : 	29


Time taken to build model: 0.22 seconds
Time taken to test model on training data: 0.06 seconds

=== Error on training data ===

Correctly Classified Instances         165               80.4878 %
Incorrectly Classified Instances        40               19.5122 %
Kappa statistic                          0.7451
Mean absolute error                      0.0804
Root mean squared error                  0.204 
Relative absolute error                 36.405  %
Root relative squared error             61.4964 %
Total Number of Instances              205     


=== Confusion Matrix ===

  a  b  c  d  e  f  g   <-- classified as
  0  0  0  0  0  0  0 |  a = -3
  0  3  0  0  0  0  0 |  b = -2
  0  0  8 13  1  0  0 |  c = -1
  0  0  0 56  3  3  5 |  d = 0
  0  0  0  1 47  1  5 |  e = 1
  0  0  0  0  3 28  1 |  f = 2
  0  0  0  0  0  4 23 |  g = 3



=== Stratified cross-validation ===

Correctly Classified Instances         140               68.2927 %
Incorrectly Classified Instances        65               31.7073 %
Kappa statistic                          0.5837
Mean absolute error                      0.1089
Root mean squared error                  0.2644
Relative absolute error                 49.2442 %
Root relative squared error             79.6619 %
Total Number of Instances              205     


=== Confusion Matrix ===

  a  b  c  d  e  f  g   <-- classified as
  0  0  0  0  0  0  0 |  a = -3
  0  0  3  0  0  0  0 |  b = -2
  0  0 12  9  1  0  0 |  c = -1
  0  0  1 53  6  3  4 |  d = 0
  0  0  1 10 37  2  4 |  e = 1
  0  0  0  3  6 18  5 |  f = 2
  0  0  1  1  2  3 20 |  g = 3

