
Options: -R -M 9 -N 2 -S -A 

J48 pruned tree
------------------

num-of-doors = four
|   wheel-base <= 101.2
|   |   curb-weight <= 2050: 1 (9.0/2.0)
|   |   curb-weight > 2050: 0 (25.0/7.0)
|   wheel-base > 101.2
|   |   compression-ratio <= 8.4: 0 (13.0/3.0)
|   |   compression-ratio > 8.4: -1 (12.0/2.0)
num-of-doors = two
|   city-mpg <= 22: 3 (17.0/5.0)
|   city-mpg > 22
|   |   normalized-losses <= 129: 1 (16.0/4.0)
|   |   normalized-losses > 129: 2 (11.0/4.0)

Number of Leaves  : 	7

Size of the tree : 	13


Time taken to build model: 0.11 seconds
Time taken to test model on training data: 0.04 seconds

=== Error on training data ===

Correctly Classified Instances         140               68.2927 %
Incorrectly Classified Instances        65               31.7073 %
Kappa statistic                          0.5885
Mean absolute error                      0.1654
Root mean squared error                  0.2702
Relative absolute error                 74.8884 %
Root relative squared error             81.4481 %
Total Number of Instances              205     


=== Confusion Matrix ===

  a  b  c  d  e  f  g   <-- classified as
  0  0  0  0  0  0  0 |  a = -3
  0  0  2  1  0  0  0 |  b = -2
  0  0 19  3  0  0  0 |  c = -1
  0  0  6 50  6  0  5 |  d = 0
  0  0  3  6 35  5  5 |  e = 1
  0  0  0 10  8 13  1 |  f = 2
  0  0  0  0  1  3 23 |  g = 3



=== Stratified cross-validation ===

Correctly Classified Instances         123               60      %
Incorrectly Classified Instances        82               40      %
Kappa statistic                          0.4651
Mean absolute error                      0.1803
Root mean squared error                  0.2885
Relative absolute error                 81.5398 %
Root relative squared error             86.9338 %
Total Number of Instances              205     


=== Confusion Matrix ===

  a  b  c  d  e  f  g   <-- classified as
  0  0  0  0  0  0  0 |  a = -3
  0  0  1  2  0  0  0 |  b = -2
  0  0  8 13  1  0  0 |  c = -1
  0  0  2 53  6  3  3 |  d = 0
  0  0  2 14 30  5  3 |  e = 1
  0  0  0 10 10 11  1 |  f = 2
  0  0  1  0  3  2 21 |  g = 3

