
Options: -B -C 0.10 -M 7 -A 

J48 pruned tree
------------------

make = volvo: -1 (11.0/3.0)
make != volvo
|   num-of-doors = four
|   |   height <= 51.6: 1 (10.54/1.0)
|   |   height > 51.6
|   |   |   make = volkswagen: 2 (8.0/3.0)
|   |   |   make != volkswagen
|   |   |   |   num-of-cylinders = five: -1 (7.0/4.0)
|   |   |   |   num-of-cylinders != five
|   |   |   |   |   curb-weight <= 2050.0: 1 (11.0/4.0)
|   |   |   |   |   curb-weight > 2050.0
|   |   |   |   |   |   wheel-base <= 101.2: 0 (38.54/4.0)
|   |   |   |   |   |   wheel-base > 101.2
|   |   |   |   |   |   |   bore <= 3.39: -1 (10.0/1.0)
|   |   |   |   |   |   |   bore > 3.39: 0 (19.0/1.0)
|   num-of-doors != four
|   |   city-mpg <= 22.0
|   |   |   wheel-base <= 99.1: 3 (23.0/2.0)
|   |   |   wheel-base > 99.1: 0 (11.0/6.0)
|   |   city-mpg > 22.0
|   |   |   bore <= 3.39
|   |   |   |   engine-size <= 103.0
|   |   |   |   |   bore <= 3.01
|   |   |   |   |   |   normalized-losses <= 121.0: 1 (7.0/1.0)
|   |   |   |   |   |   normalized-losses > 121.0: 2 (7.0/1.0)
|   |   |   |   |   bore > 3.01: 1 (19.46/1.0)
|   |   |   |   engine-size > 103.0: 3 (10.46/6.46)
|   |   |   bore > 3.39: 2 (12.0)

Number of Leaves  : 	15

Size of the tree : 	29


Time taken to build model: 0.15 seconds
Time taken to test model on training data: 0.04 seconds

=== Error on training data ===

Correctly Classified Instances         167               81.4634 %
Incorrectly Classified Instances        38               18.5366 %
Kappa statistic                          0.7599
Mean absolute error                      0.1263
Root mean squared error                  0.215 
Relative absolute error                 57.1647 %
Root relative squared error             64.8172 %
Total Number of Instances              205     


=== Confusion Matrix ===

  a  b  c  d  e  f  g   <-- classified as
  0  0  0  0  0  0  0 |  a = -3
  0  0  3  0  0  0  0 |  b = -2
  0  0 20  1  1  0  0 |  c = -1
  0  0  0 58  4  3  2 |  d = 0
  0  0  4  3 41  1  5 |  e = 1
  0  0  1  5  2 23  1 |  f = 2
  0  0  0  2  0  0 25 |  g = 3



=== Stratified cross-validation ===

Correctly Classified Instances         142               69.2683 %
Incorrectly Classified Instances        63               30.7317 %
Kappa statistic                          0.5986
Mean absolute error                      0.1516
Root mean squared error                  0.2601
Relative absolute error                 68.5716 %
Root relative squared error             78.3701 %
Total Number of Instances              205     


=== Confusion Matrix ===

  a  b  c  d  e  f  g   <-- classified as
  0  0  0  0  0  0  0 |  a = -3
  0  0  3  0  0  0  0 |  b = -2
  0  0 18  3  1  0  0 |  c = -1
  0  0  4 50  5  4  4 |  d = 0
  0  0  4  7 39  1  3 |  e = 1
  0  0  0  8  7 16  1 |  f = 2
  0  0  0  1  7  0 19 |  g = 3

