
Options: -R -B -M 8 -N 3 -L 

J48 pruned tree
------------------

num-of-doors = four
|   drive-wheels = rwd
|   |   normalized-losses <= 98.0: -1 (12.32/2.84)
|   |   normalized-losses > 98.0: 0 (13.68/2.53)
|   drive-wheels != rwd
|   |   wheel-base <= 97.2
|   |   |   normalized-losses <= 110.0: 0 (23.39/3.0)
|   |   |   normalized-losses > 110.0: 1 (10.19/1.61)
|   |   wheel-base > 97.2
|   |   |   length <= 176.8: -1 (8.0/4.0)
|   |   |   length > 176.8: 0 (12.0/5.0)
num-of-doors != four
|   city-mpg <= 22.0: 3 (23.0/7.0)
|   city-mpg > 22.0
|   |   bore <= 3.39: 1 (26.42/9.0)
|   |   bore > 3.39: 2 (8.0)

Number of Leaves  : 	9

Size of the tree : 	17


Time taken to build model: 0.08 seconds
Time taken to test model on training data: 0.04 seconds

=== Error on training data ===

Correctly Classified Instances         155               75.6098 %
Incorrectly Classified Instances        50               24.3902 %
Kappa statistic                          0.6798
Mean absolute error                      0.1103
Root mean squared error                  0.2305
Relative absolute error                 49.9244 %
Root relative squared error             69.4871 %
Total Number of Instances              205     


=== Confusion Matrix ===

  a  b  c  d  e  f  g   <-- classified as
  0  0  0  0  0  0  0 |  a = -3
  0  0  0  3  0  0  0 |  b = -2
  0  0 19  2  1  0  0 |  c = -1
  0  0  0 59  3  0  5 |  d = 0
  0  0  0  7 42  0  5 |  e = 1
  0  0  7  3  9 12  1 |  f = 2
  0  0  0  0  4  0 23 |  g = 3



=== Stratified cross-validation ===

Correctly Classified Instances         116               56.5854 %
Incorrectly Classified Instances        89               43.4146 %
Kappa statistic                          0.4242
Mean absolute error                      0.1521
Root mean squared error                  0.301 
Relative absolute error                 68.8071 %
Root relative squared error             90.6994 %
Total Number of Instances              205     


=== Confusion Matrix ===

  a  b  c  d  e  f  g   <-- classified as
  0  0  0  0  0  0  0 |  a = -3
  0  0  0  3  0  0  0 |  b = -2
  0  0 10 12  0  0  0 |  c = -1
  0  0  4 50  6  1  6 |  d = 0
  0  0  2  9 29  4 10 |  e = 1
  0  0  0 11 15  5  1 |  f = 2
  0  0  0  1  1  3 22 |  g = 3

