
Options: -R -M 2 -N 5 -S 

J48 pruned tree
------------------

num-of-doors = four
|   wheel-base <= 101.2
|   |   height <= 51.6: 1 (6.55)
|   |   height > 51.6
|   |   |   curb-weight <= 2050
|   |   |   |   horsepower <= 69: 1 (6.0)
|   |   |   |   horsepower > 69: 0 (3.0)
|   |   |   curb-weight > 2050
|   |   |   |   width <= 65.4: 0 (23.0)
|   |   |   |   width > 65.4
|   |   |   |   |   width <= 66.4: 2 (6.0)
|   |   |   |   |   width > 66.4
|   |   |   |   |   |   stroke <= 3.16: 2 (2.0)
|   |   |   |   |   |   stroke > 3.16: 0 (7.55)
|   wheel-base > 101.2
|   |   make = alfa-romero: -1 (0.0)
|   |   make = audi: 1 (2.0)
|   |   make = bmw: 0 (2.0)
|   |   make = chevrolet: -1 (0.0)
|   |   make = dodge: -1 (1.0)
|   |   make = honda: -1 (0.0)
|   |   make = isuzu: -1 (0.0)
|   |   make = jaguar: 0 (1.0)
|   |   make = mazda: 0 (1.0)
|   |   make = mercedes-benz: -1 (5.0/1.0)
|   |   make = mercury: -1 (0.0)
|   |   make = mitsubishi: -1 (0.0)
|   |   make = nissan: -1 (0.0)
|   |   make = peugot: 0 (9.0)
|   |   make = plymouth: -1 (0.0)
|   |   make = porsche: -1 (0.0)
|   |   make = renault: -1 (0.0)
|   |   make = saab: -1 (0.0)
|   |   make = subaru: -1 (0.0)
|   |   make = toyota: -1 (7.0)
|   |   make = volkswagen: -1 (0.0)
|   |   make = volvo
|   |   |   normalized-losses <= 98: -1 (6.0)
|   |   |   normalized-losses > 98: -2 (2.0)
num-of-doors = two
|   city-mpg <= 22: 3 (28.0/9.0)
|   city-mpg > 22
|   |   bore <= 3.39
|   |   |   engine-size <= 103
|   |   |   |   width <= 64.2: 1 (24.45/3.0)
|   |   |   |   width > 64.2: 2 (3.0)
|   |   |   engine-size > 103
|   |   |   |   compression-ratio <= 8.5: 3 (3.0)
|   |   |   |   compression-ratio > 8.5
|   |   |   |   |   city-mpg <= 26: 1 (3.0)
|   |   |   |   |   city-mpg > 26: 0 (2.45/1.0)
|   |   bore > 3.39: 2 (10.0)

Number of Leaves  : 	37

Size of the tree : 	53


Time taken to build model: 0.14 seconds
Time taken to test model on training data: 0.06 seconds

=== Error on training data ===

Correctly Classified Instances         186               90.7317 %
Incorrectly Classified Instances        19                9.2683 %
Kappa statistic                          0.8805
Mean absolute error                      0.0406
Root mean squared error                  0.1478
Relative absolute error                 18.3646 %
Root relative squared error             44.5617 %
Total Number of Instances              205     


=== Confusion Matrix ===

  a  b  c  d  e  f  g   <-- classified as
  0  0  0  0  0  0  0 |  a = -3
  0  3  0  0  0  0  0 |  b = -2
  0  0 21  0  1  0  0 |  c = -1
  0  0  1 61  0  0  5 |  d = 0
  0  0  0  1 48  0  5 |  e = 1
  0  0  0  1  4 26  1 |  f = 2
  0  0  0  0  0  0 27 |  g = 3



=== Stratified cross-validation ===

Correctly Classified Instances         147               71.7073 %
Incorrectly Classified Instances        58               28.2927 %
Kappa statistic                          0.6332
Mean absolute error                      0.0911
Root mean squared error                  0.2465
Relative absolute error                 41.1978 %
Root relative squared error             74.2772 %
Total Number of Instances              205     


=== Confusion Matrix ===

  a  b  c  d  e  f  g   <-- classified as
  0  0  0  0  0  0  0 |  a = -3
  0  0  3  0  0  0  0 |  b = -2
  0  0 18  2  2  0  0 |  c = -1
  0  0  1 52  5  5  4 |  d = 0
  0  0  3  6 38  1  6 |  e = 1
  0  0  0  5  8 16  3 |  f = 2
  0  0  2  1  1  0 23 |  g = 3

