
Options: -R -M 4 -N 2 -L -S 

J48 pruned tree
------------------

num-of-doors = four
|   wheel-base <= 101.2
|   |   curb-weight <= 2050: 1 (9.0/2.0)
|   |   curb-weight > 2050
|   |   |   make = alfa-romero: 0 (0.0)
|   |   |   make = audi: 2 (1.0)
|   |   |   make = bmw: 0 (1.0)
|   |   |   make = chevrolet: 0 (0.0)
|   |   |   make = dodge: 0 (0.0)
|   |   |   make = honda: 0 (1.0)
|   |   |   make = isuzu: 0 (0.0)
|   |   |   make = jaguar: 0 (0.0)
|   |   |   make = mazda: 0 (2.0)
|   |   |   make = mercedes-benz: 0 (0.0)
|   |   |   make = mercury: 0 (0.0)
|   |   |   make = mitsubishi: 1 (1.0)
|   |   |   make = nissan: 0 (3.0)
|   |   |   make = peugot: 0 (0.0)
|   |   |   make = plymouth: 0 (0.0)
|   |   |   make = porsche: 0 (0.0)
|   |   |   make = renault: 0 (1.0)
|   |   |   make = saab: 2 (2.0)
|   |   |   make = subaru: 0 (4.0)
|   |   |   make = toyota: 0 (5.0)
|   |   |   make = volkswagen: 2 (4.0/1.0)
|   |   |   make = volvo: 0 (0.0)
|   wheel-base > 101.2
|   |   compression-ratio <= 8.4: 0 (13.0/3.0)
|   |   compression-ratio > 8.4
|   |   |   make = alfa-romero: -1 (0.0)
|   |   |   make = audi: 1 (1.0)
|   |   |   make = bmw: -1 (0.0)
|   |   |   make = chevrolet: -1 (0.0)
|   |   |   make = dodge: -1 (1.0)
|   |   |   make = honda: -1 (0.0)
|   |   |   make = isuzu: -1 (0.0)
|   |   |   make = jaguar: -1 (0.0)
|   |   |   make = mazda: -1 (0.0)
|   |   |   make = mercedes-benz: -1 (1.0)
|   |   |   make = mercury: -1 (0.0)
|   |   |   make = mitsubishi: -1 (0.0)
|   |   |   make = nissan: -1 (0.0)
|   |   |   make = peugot: -1 (0.0)
|   |   |   make = plymouth: -1 (1.0)
|   |   |   make = porsche: -1 (0.0)
|   |   |   make = renault: -1 (0.0)
|   |   |   make = saab: -1 (0.0)
|   |   |   make = subaru: -1 (0.0)
|   |   |   make = toyota: -1 (4.0)
|   |   |   make = volkswagen: -1 (0.0)
|   |   |   make = volvo: -1 (4.0/1.0)
num-of-doors = two
|   city-mpg <= 22
|   |   num-of-cylinders = eight: 3 (0.0)
|   |   num-of-cylinders = five: 0 (1.0)
|   |   num-of-cylinders = four: 3 (8.0/1.0)
|   |   num-of-cylinders = six: 3 (5.0/2.0)
|   |   num-of-cylinders = three: 3 (0.0)
|   |   num-of-cylinders = twelve: 0 (1.0)
|   |   num-of-cylinders = two: 3 (2.0)
|   city-mpg > 22
|   |   compression-ratio <= 8.6: 1 (4.0/2.0)
|   |   compression-ratio > 8.6
|   |   |   wheel-base <= 96.9
|   |   |   |   wheel-base <= 93.7
|   |   |   |   |   normalized-losses <= 119: 1 (5.0/1.0)
|   |   |   |   |   normalized-losses > 119: 2 (4.0)
|   |   |   |   wheel-base > 93.7: 1 (9.0/1.0)
|   |   |   wheel-base > 96.9: 2 (5.0)

Number of Leaves  : 	58

Size of the tree : 	70


Time taken to build model: 0.14 seconds
Time taken to test model on training data: 0.03 seconds

=== Error on training data ===

Correctly Classified Instances         162               79.0244 %
Incorrectly Classified Instances        43               20.9756 %
Kappa statistic                          0.7291
Mean absolute error                      0.0774
Root mean squared error                  0.2169
Relative absolute error                 35.0523 %
Root relative squared error             65.3808 %
Total Number of Instances              205     


=== Confusion Matrix ===

  a  b  c  d  e  f  g   <-- classified as
  0  0  0  0  0  0  0 |  a = -3
  0  0  2  1  0  0  0 |  b = -2
  0  0 19  2  1  0  0 |  c = -1
  0  0  6 50  6  3  2 |  d = 0
  0  0  1  3 45  0  5 |  e = 1
  0  0  0  1  6 25  0 |  f = 2
  0  0  0  0  4  0 23 |  g = 3



=== Stratified cross-validation ===

Correctly Classified Instances         136               66.3415 %
Incorrectly Classified Instances        69               33.6585 %
Kappa statistic                          0.5624
Mean absolute error                      0.1158
Root mean squared error                  0.2691
Relative absolute error                 52.3613 %
Root relative squared error             81.0921 %
Total Number of Instances              205     


=== Confusion Matrix ===

  a  b  c  d  e  f  g   <-- classified as
  0  0  0  0  0  0  0 |  a = -3
  0  0  3  0  0  0  0 |  b = -2
  0  1 16  3  1  1  0 |  c = -1
  0  0  3 54  2  4  4 |  d = 0
  0  0  3  6 34  7  4 |  e = 1
  0  0  0  8 11 10  3 |  f = 2
  0  0  1  1  1  2 22 |  g = 3

