
Options: -C 0.60 -M 4 -S -A 

J48 pruned tree
------------------

num-of-doors = four
|   wheel-base <= 101.2
|   |   height <= 51.6: 1 (10.56/1.0)
|   |   height > 51.6
|   |   |   curb-weight <= 2050
|   |   |   |   horsepower <= 69: 1 (7.0)
|   |   |   |   horsepower > 69: 0 (4.0)
|   |   |   curb-weight > 2050
|   |   |   |   height <= 55.6
|   |   |   |   |   make = alfa-romero: 0 (0.0)
|   |   |   |   |   make = audi: 2 (2.0)
|   |   |   |   |   make = bmw: 0 (2.0)
|   |   |   |   |   make = chevrolet: 0 (0.0)
|   |   |   |   |   make = dodge: 0 (0.0)
|   |   |   |   |   make = honda: 0 (3.0)
|   |   |   |   |   make = isuzu: 0 (1.0)
|   |   |   |   |   make = jaguar: 0 (0.0)
|   |   |   |   |   make = mazda: 0 (3.56)
|   |   |   |   |   make = mercedes-benz: 0 (0.0)
|   |   |   |   |   make = mercury: 0 (0.0)
|   |   |   |   |   make = mitsubishi: 0 (0.0)
|   |   |   |   |   make = nissan: 0 (4.0)
|   |   |   |   |   make = peugot: 0 (0.0)
|   |   |   |   |   make = plymouth: 0 (0.0)
|   |   |   |   |   make = porsche: 0 (0.0)
|   |   |   |   |   make = renault: 0 (1.0)
|   |   |   |   |   make = saab: 0 (0.0)
|   |   |   |   |   make = subaru: 0 (9.0)
|   |   |   |   |   make = toyota: 0 (7.0)
|   |   |   |   |   make = volkswagen: 0 (3.0)
|   |   |   |   |   make = volvo: 0 (0.0)
|   |   |   |   height > 55.6
|   |   |   |   |   body-style = hardtop: 2 (0.0)
|   |   |   |   |   body-style = wagon: 0 (4.0)
|   |   |   |   |   body-style = sedan: 2 (8.0)
|   |   |   |   |   body-style = hatchback: 2 (0.0)
|   |   |   |   |   body-style = convertible: 2 (0.0)
|   wheel-base > 101.2
|   |   make = alfa-romero: -1 (0.0)
|   |   make = audi: 1 (3.0)
|   |   make = bmw: 0 (3.0/1.0)
|   |   make = chevrolet: -1 (0.0)
|   |   make = dodge: -1 (1.0)
|   |   make = honda: -1 (0.0)
|   |   make = isuzu: -1 (0.0)
|   |   make = jaguar: 0 (2.0)
|   |   make = mazda: 0 (2.0)
|   |   make = mercedes-benz: -1 (5.0/1.0)
|   |   make = mercury: -1 (0.0)
|   |   make = mitsubishi: -1 (0.0)
|   |   make = nissan: -1 (0.0)
|   |   make = peugot: 0 (11.0)
|   |   make = plymouth: -1 (1.0)
|   |   make = porsche: -1 (0.0)
|   |   make = renault: -1 (0.0)
|   |   make = saab: -1 (0.0)
|   |   make = subaru: -1 (0.0)
|   |   make = toyota: -1 (7.0)
|   |   make = volkswagen: -1 (0.0)
|   |   make = volvo: -1 (11.0/3.0)
num-of-doors = two
|   city-mpg <= 22
|   |   wheel-base <= 99.1
|   |   |   engine-type = dohc: 3 (3.0)
|   |   |   engine-type = dohcv: 1 (1.0)
|   |   |   engine-type = l: 3 (0.0)
|   |   |   engine-type = ohc: 3 (8.0)
|   |   |   engine-type = ohcf: 3 (3.0)
|   |   |   engine-type = ohcv: 3 (4.0/1.0)
|   |   |   engine-type = rotor: 3 (4.0)
|   |   wheel-base > 99.1
|   |   |   width <= 67.7: 3 (4.0/2.0)
|   |   |   width > 67.7: 0 (7.0/3.0)
|   city-mpg > 22
|   |   bore <= 3.39
|   |   |   engine-size <= 103
|   |   |   |   width <= 64.2
|   |   |   |   |   wheel-base <= 93: 2 (4.0/1.0)
|   |   |   |   |   wheel-base > 93
|   |   |   |   |   |   body-style = hardtop: 2 (1.0)
|   |   |   |   |   |   body-style = wagon: 1 (0.0)
|   |   |   |   |   |   body-style = sedan: 1 (7.44)
|   |   |   |   |   |   body-style = hatchback: 1 (17.0)
|   |   |   |   |   |   body-style = convertible: 1 (0.0)
|   |   |   |   width > 64.2: 2 (4.0)
|   |   |   engine-size > 103
|   |   |   |   wheel-base <= 96.3: 3 (4.0)
|   |   |   |   wheel-base > 96.3: 1 (6.44/3.44)
|   |   bore > 3.39: 2 (12.0)

Number of Leaves  : 	71

Size of the tree : 	90


Time taken to build model: 0.2 seconds
Time taken to test model on training data: 0.04 seconds

=== Error on training data ===

Correctly Classified Instances         189               92.1951 %
Incorrectly Classified Instances        16                7.8049 %
Kappa statistic                          0.8987
Mean absolute error                      0.1421
Root mean squared error                  0.2161
Relative absolute error                 64.3177 %
Root relative squared error             65.131  %
Total Number of Instances              205     


=== Confusion Matrix ===

  a  b  c  d  e  f  g   <-- classified as
  0  0  0  0  0  0  0 |  a = -3
  0  0  3  0  0  0  0 |  b = -2
  0  0 21  0  1  0  0 |  c = -1
  0  0  1 63  2  0  1 |  d = 0
  0  0  0  4 48  1  1 |  e = 1
  0  0  0  0  1 30  1 |  f = 2
  0  0  0  0  0  0 27 |  g = 3



=== Stratified cross-validation ===

Correctly Classified Instances         147               71.7073 %
Incorrectly Classified Instances        58               28.2927 %
Kappa statistic                          0.6332
Mean absolute error                      0.1693
Root mean squared error                  0.2681
Relative absolute error                 76.5535 %
Root relative squared error             80.7737 %
Total Number of Instances              205     


=== Confusion Matrix ===

  a  b  c  d  e  f  g   <-- classified as
  0  0  0  0  0  0  0 |  a = -3
  0  0  3  0  0  0  0 |  b = -2
  0  3 16  0  3  0  0 |  c = -1
  0  0  1 56  2  4  4 |  d = 0
  0  0  2  7 36  0  9 |  e = 1
  0  0  0  1 10 20  1 |  f = 2
  0  0  1  3  3  1 19 |  g = 3

