
Options: -R -M 1 -N 8 -L -A 

J48 pruned tree
------------------

num-of-doors = four
|   wheel-base <= 101.2
|   |   height <= 51.6: 1 (7.54/1.0)
|   |   height > 51.6
|   |   |   curb-weight <= 2050
|   |   |   |   horsepower <= 69: 1 (7.0)
|   |   |   |   horsepower > 69: 0 (3.0)
|   |   |   curb-weight > 2050
|   |   |   |   height <= 55.6: 0 (31.54/2.0)
|   |   |   |   height > 55.6
|   |   |   |   |   body-style = hardtop: 2 (0.0)
|   |   |   |   |   body-style = wagon: 0 (3.0)
|   |   |   |   |   body-style = sedan: 2 (6.0)
|   |   |   |   |   body-style = hatchback: 2 (0.0)
|   |   |   |   |   body-style = convertible: 2 (0.0)
|   wheel-base > 101.2
|   |   make = alfa-romero: -1 (0.0)
|   |   make = audi: 1 (2.0)
|   |   make = bmw: 0 (3.0/1.0)
|   |   make = chevrolet: -1 (0.0)
|   |   make = dodge: -1 (1.0)
|   |   make = honda: -1 (0.0)
|   |   make = isuzu: -1 (0.0)
|   |   make = jaguar: 0 (2.0)
|   |   make = mazda: 0 (1.0)
|   |   make = mercedes-benz: -1 (3.0/1.0)
|   |   make = mercury: -1 (0.0)
|   |   make = mitsubishi: -1 (0.0)
|   |   make = nissan: -1 (0.0)
|   |   make = peugot: 0 (10.0)
|   |   make = plymouth: -1 (1.0)
|   |   make = porsche: -1 (0.0)
|   |   make = renault: -1 (0.0)
|   |   make = saab: -1 (0.0)
|   |   make = subaru: -1 (0.0)
|   |   make = toyota: -1 (7.0)
|   |   make = volkswagen: -1 (0.0)
|   |   make = volvo: -1 (10.0/3.0)
num-of-doors = two
|   city-mpg <= 22: 3 (30.0/10.0)
|   city-mpg > 22
|   |   bore <= 3.39: 1 (40.91/15.46)
|   |   bore > 3.39: 2 (11.0)

Number of Leaves  : 	34

Size of the tree : 	44


Time taken to build model: 0.21 seconds
Time taken to test model on training data: 0.05 seconds

=== Error on training data ===

Correctly Classified Instances         171               83.4146 %
Incorrectly Classified Instances        34               16.5854 %
Kappa statistic                          0.7843
Mean absolute error                      0.1398
Root mean squared error                  0.2305
Relative absolute error                 63.291  %
Root relative squared error             69.4858 %
Total Number of Instances              205     


=== Confusion Matrix ===

  a  b  c  d  e  f  g   <-- classified as
  0  0  0  0  0  0  0 |  a = -3
  0  0  3  0  0  0  0 |  b = -2
  0  0 21  0  1  0  0 |  c = -1
  0  0  1 59  2  0  5 |  d = 0
  0  0  0  1 48  0  5 |  e = 1
  0  0  0  2  9 20  1 |  f = 2
  0  0  0  0  4  0 23 |  g = 3



=== Stratified cross-validation ===

Correctly Classified Instances         154               75.122  %
Incorrectly Classified Instances        51               24.878  %
Kappa statistic                          0.6755
Mean absolute error                      0.1702
Root mean squared error                  0.2713
Relative absolute error                 76.9614 %
Root relative squared error             81.7406 %
Total Number of Instances              205     


=== Confusion Matrix ===

  a  b  c  d  e  f  g   <-- classified as
  0  0  0  0  0  0  0 |  a = -3
  0  3  0  0  0  0  0 |  b = -2
  0  0 17  2  3  0  0 |  c = -1
  0  0  1 56  2  3  5 |  d = 0
  0  0  1  8 41  0  4 |  e = 1
  0  0  0  2 12 15  3 |  f = 2
  0  0  1  0  2  2 22 |  g = 3

