
Options: -B -C 0.20 -M 6 

J48 pruned tree
------------------

make = volvo: -1 (11.0/3.0)
make != volvo
|   num-of-doors = four
|   |   height <= 51.6: 1 (10.54/1.0)
|   |   height > 51.6
|   |   |   make = volkswagen: 2 (8.0/3.0)
|   |   |   make != volkswagen
|   |   |   |   num-of-cylinders = five: -1 (7.0/4.0)
|   |   |   |   num-of-cylinders != five
|   |   |   |   |   curb-weight <= 2050.0: 1 (11.0/4.0)
|   |   |   |   |   curb-weight > 2050.0
|   |   |   |   |   |   normalized-losses <= 74.0: -1 (7.65/1.42)
|   |   |   |   |   |   normalized-losses > 74.0: 0 (59.89/8.66)
|   num-of-doors != four
|   |   city-mpg <= 22.0
|   |   |   wheel-base <= 99.1: 3 (23.0/2.0)
|   |   |   wheel-base > 99.1: 0 (11.0/6.0)
|   |   city-mpg > 22.0
|   |   |   bore <= 3.39
|   |   |   |   engine-size <= 103.0
|   |   |   |   |   bore <= 3.01
|   |   |   |   |   |   normalized-losses <= 119.0: 1 (6.0)
|   |   |   |   |   |   normalized-losses > 119.0: 2 (8.0/1.0)
|   |   |   |   |   bore > 3.01: 1 (19.46/1.0)
|   |   |   |   engine-size > 103.0: 3 (10.46/6.46)
|   |   |   bore > 3.39: 2 (12.0)

Number of Leaves  : 	14

Size of the tree : 	27


Time taken to build model: 0.24 seconds
Time taken to test model on training data: 0.04 seconds

=== Error on training data ===

Correctly Classified Instances         165               80.4878 %
Incorrectly Classified Instances        40               19.5122 %
Kappa statistic                          0.746 
Mean absolute error                      0.0827
Root mean squared error                  0.2005
Relative absolute error                 37.4449 %
Root relative squared error             60.4434 %
Total Number of Instances              205     


=== Confusion Matrix ===

  a  b  c  d  e  f  g   <-- classified as
  0  0  0  0  0  0  0 |  a = -3
  0  0  3  0  0  0  0 |  b = -2
  0  0 17  4  1  0  0 |  c = -1
  0  0  0 58  4  3  2 |  d = 0
  0  0  3  4 41  1  5 |  e = 1
  0  0  1  5  1 24  1 |  f = 2
  0  0  0  2  0  0 25 |  g = 3



=== Stratified cross-validation ===

Correctly Classified Instances         134               65.3659 %
Incorrectly Classified Instances        71               34.6341 %
Kappa statistic                          0.5465
Mean absolute error                      0.1183
Root mean squared error                  0.2664
Relative absolute error                 53.4917 %
Root relative squared error             80.2631 %
Total Number of Instances              205     


=== Confusion Matrix ===

  a  b  c  d  e  f  g   <-- classified as
  0  0  0  0  0  0  0 |  a = -3
  0  0  3  0  0  0  0 |  b = -2
  0  0 15  4  3  0  0 |  c = -1
  0  0  2 53  4  3  5 |  d = 0
  0  0  3 11 29  7  4 |  e = 1
  0  0  0  9  4 18  1 |  f = 2
  0  0  0  3  3  2 19 |  g = 3

