
Options: -R -B -M 8 -N 5 -L 

J48 pruned tree
------------------

num-of-doors = four
|   make = volvo: -1 (8.0/2.0)
|   make != volvo
|   |   wheel-base <= 101.2
|   |   |   width <= 65.4
|   |   |   |   wheel-base <= 95.1: 1 (11.55/2.0)
|   |   |   |   wheel-base > 95.1: 0 (27.0/3.0)
|   |   |   width > 65.4: 2 (15.55/7.55)
|   |   wheel-base > 101.2
|   |   |   drive-wheels = fwd: -1 (8.0/2.0)
|   |   |   drive-wheels != fwd: 0 (20.0/6.0)
num-of-doors != four
|   city-mpg <= 22.0: 3 (28.0/9.0)
|   city-mpg > 22.0
|   |   bore <= 3.39: 1 (35.9/11.45)
|   |   bore > 3.39: 2 (10.0)

Number of Leaves  : 	9

Size of the tree : 	17


Time taken to build model: 0.12 seconds
Time taken to test model on training data: 0.04 seconds

=== Error on training data ===

Correctly Classified Instances         147               71.7073 %
Incorrectly Classified Instances        58               28.2927 %
Kappa statistic                          0.6343
Mean absolute error                      0.1123
Root mean squared error                  0.2409
Relative absolute error                 50.8332 %
Root relative squared error             72.6097 %
Total Number of Instances              205     


=== Confusion Matrix ===

  a  b  c  d  e  f  g   <-- classified as
  0  0  0  0  0  0  0 |  a = -3
  0  0  3  0  0  0  0 |  b = -2
  0  0 15  7  0  0  0 |  c = -1
  0  0  0 46  5 11  5 |  d = 0
  0  0  3  5 41  0  5 |  e = 1
  0  0  0  0  9 22  1 |  f = 2
  0  0  0  0  4  0 23 |  g = 3



=== Stratified cross-validation ===

Correctly Classified Instances         126               61.4634 %
Incorrectly Classified Instances        79               38.5366 %
Kappa statistic                          0.4986
Mean absolute error                      0.1407
Root mean squared error                  0.2826
Relative absolute error                 63.6377 %
Root relative squared error             85.1444 %
Total Number of Instances              205     


=== Confusion Matrix ===

  a  b  c  d  e  f  g   <-- classified as
  0  0  0  0  0  0  0 |  a = -3
  0  0  3  0  0  0  0 |  b = -2
  0  0 19  2  1  0  0 |  c = -1
  0  0  5 50  5  2  5 |  d = 0
  0  0  2  8 31  5  8 |  e = 1
  0  0  0 10 11  7  4 |  f = 2
  0  0  0  0  6  2 19 |  g = 3

