
Options: -R -M 1 -N 3 -L -A 

J48 pruned tree
------------------

num-of-doors = four
|   make = alfa-romero: 0 (0.0)
|   make = audi
|   |   wheel-base <= 102.7: 2 (1.0)
|   |   wheel-base > 102.7: 1 (3.0)
|   make = bmw: 0 (3.0)
|   make = chevrolet: 0 (1.0)
|   make = dodge: 1 (2.58)
|   make = honda: 0 (4.0)
|   make = isuzu: 0 (1.0)
|   make = jaguar: 0 (2.0)
|   make = mazda
|   |   normalized-losses <= 113: 1 (1.0)
|   |   normalized-losses > 113: 0 (4.0)
|   make = mercedes-benz: -1 (4.0/1.0)
|   make = mercury: 0 (0.0)
|   make = mitsubishi: 1 (3.0/1.0)
|   make = nissan
|   |   wheel-base <= 95.7: 1 (3.0)
|   |   wheel-base > 95.7: 0 (3.0)
|   make = peugot: 0 (7.0)
|   make = plymouth: 1 (3.0/1.0)
|   make = porsche: 0 (0.0)
|   make = renault: 0 (1.0)
|   make = saab: 2 (2.0)
|   make = subaru: 0 (6.0)
|   make = toyota
|   |   wheel-base <= 98.8: 0 (8.0/1.0)
|   |   wheel-base > 98.8: -1 (5.0)
|   make = volkswagen
|   |   wheel-base <= 98.8: 2 (3.0)
|   |   wheel-base > 98.8: 0 (2.0)
|   make = volvo
|   |   normalized-losses <= 98: -1 (5.0)
|   |   normalized-losses > 98: -2 (2.0)
num-of-doors = two
|   city-mpg <= 22
|   |   drive-wheels = 4wd: 0 (1.0)
|   |   drive-wheels = fwd: 3 (5.0/1.0)
|   |   drive-wheels = rwd
|   |   |   height <= 52: 3 (14.0/2.0)
|   |   |   height > 52
|   |   |   |   engine-type = dohc: 1 (0.0)
|   |   |   |   engine-type = dohcv: 1 (0.0)
|   |   |   |   engine-type = l: 1 (0.0)
|   |   |   |   engine-type = ohc: 0 (1.0)
|   |   |   |   engine-type = ohcf: 1 (0.0)
|   |   |   |   engine-type = ohcv: 1 (2.0)
|   |   |   |   engine-type = rotor: 1 (0.0)
|   city-mpg > 22
|   |   bore <= 3.39
|   |   |   engine-size <= 103
|   |   |   |   wheel-base <= 89.5: 2 (3.0)
|   |   |   |   wheel-base > 89.5
|   |   |   |   |   width <= 64.2: 1 (16.42)
|   |   |   |   |   width > 64.2: 2 (2.0)
|   |   |   engine-size > 103
|   |   |   |   compression-ratio <= 8.5: 3 (2.0)
|   |   |   |   compression-ratio > 8.5
|   |   |   |   |   make = alfa-romero: 0 (0.0)
|   |   |   |   |   make = audi: 0 (0.0)
|   |   |   |   |   make = bmw: 0 (0.0)
|   |   |   |   |   make = chevrolet: 0 (0.0)
|   |   |   |   |   make = dodge: 0 (0.0)
|   |   |   |   |   make = honda: 0 (1.0)
|   |   |   |   |   make = isuzu: 0 (0.0)
|   |   |   |   |   make = jaguar: 0 (0.0)
|   |   |   |   |   make = mazda: 1 (1.0)
|   |   |   |   |   make = mercedes-benz: 0 (0.0)
|   |   |   |   |   make = mercury: 0 (0.0)
|   |   |   |   |   make = mitsubishi: 0 (0.0)
|   |   |   |   |   make = nissan: 0 (0.0)
|   |   |   |   |   make = peugot: 0 (0.0)
|   |   |   |   |   make = plymouth: 0 (0.0)
|   |   |   |   |   make = porsche: 0 (0.0)
|   |   |   |   |   make = renault: 0 (0.0)
|   |   |   |   |   make = saab: 0 (0.0)
|   |   |   |   |   make = subaru: 0 (0.0)
|   |   |   |   |   make = toyota: 0 (0.0)
|   |   |   |   |   make = volkswagen: 2 (1.0)
|   |   |   |   |   make = volvo: 0 (0.0)
|   |   bore > 3.39: 2 (8.0)

Number of Leaves  : 	65

Size of the tree : 	83


Time taken to build model: 0.1 seconds
Time taken to test model on training data: 0.03 seconds

=== Error on training data ===

Correctly Classified Instances         192               93.6585 %
Incorrectly Classified Instances        13                6.3415 %
Kappa statistic                          0.9176
Mean absolute error                      0.1536
Root mean squared error                  0.233 
Relative absolute error                 69.5188 %
Root relative squared error             70.2415 %
Total Number of Instances              205     


=== Confusion Matrix ===

  a  b  c  d  e  f  g   <-- classified as
  0  0  0  0  0  0  0 |  a = -3
  0  3  0  0  0  0  0 |  b = -2
  0  0 19  0  3  0  0 |  c = -1
  0  0  1 65  0  0  1 |  d = 0
  0  0  0  4 48  0  2 |  e = 1
  0  0  0  0  1 30  1 |  f = 2
  0  0  0  0  0  0 27 |  g = 3



=== Stratified cross-validation ===

Correctly Classified Instances         141               68.7805 %
Incorrectly Classified Instances        64               31.2195 %
Kappa statistic                          0.5902
Mean absolute error                      0.1859
Root mean squared error                  0.2874
Relative absolute error                 84.0605 %
Root relative squared error             86.5994 %
Total Number of Instances              205     


=== Confusion Matrix ===

  a  b  c  d  e  f  g   <-- classified as
  0  0  0  0  0  0  0 |  a = -3
  0  3  0  0  0  0  0 |  b = -2
  0  0 18  3  1  0  0 |  c = -1
  0  0  1 55  5  3  3 |  d = 0
  0  0  1 11 32  3  7 |  e = 1
  0  0  0  3 13 16  0 |  f = 2
  0  0  0  4  4  2 17 |  g = 3

