
Options: -R -B -M 1 -N 6 -A 

J48 pruned tree
------------------

make = volvo
|   normalized-losses <= 98.0: -1 (7.0)
|   normalized-losses > 98.0: -2 (2.0)
make != volvo
|   num-of-doors = four
|   |   wheel-base <= 95.1: 1 (12.55/2.0)
|   |   wheel-base > 95.1
|   |   |   make = saab: 2 (3.0)
|   |   |   make != saab
|   |   |   |   make = audi: 1 (5.0/2.0)
|   |   |   |   make != audi
|   |   |   |   |   make = mitsubishi: 1 (3.0/1.0)
|   |   |   |   |   make != mitsubishi
|   |   |   |   |   |   make = volkswagen: 2 (7.0/3.0)
|   |   |   |   |   |   make != volkswagen
|   |   |   |   |   |   |   num-of-cylinders = five: -1 (3.0)
|   |   |   |   |   |   |   num-of-cylinders != five
|   |   |   |   |   |   |   |   make = dodge: -1 (1.0)
|   |   |   |   |   |   |   |   make != dodge
|   |   |   |   |   |   |   |   |   make = plymouth: -1 (1.0)
|   |   |   |   |   |   |   |   |   make != plymouth
|   |   |   |   |   |   |   |   |   |   make = toyota
|   |   |   |   |   |   |   |   |   |   |   wheel-base <= 98.8: 0 (10.0/1.0)
|   |   |   |   |   |   |   |   |   |   |   wheel-base > 98.8: -1 (6.0)
|   |   |   |   |   |   |   |   |   |   make != toyota: 0 (37.0)
|   num-of-doors != four
|   |   height <= 50.2: 3 (16.0/2.0)
|   |   height > 50.2
|   |   |   make = saab: 3 (3.0)
|   |   |   make != saab
|   |   |   |   body-style = convertible: 3 (3.0)
|   |   |   |   body-style != convertible
|   |   |   |   |   num-of-cylinders = five: 0 (3.0/1.0)
|   |   |   |   |   num-of-cylinders != five
|   |   |   |   |   |   engine-location = front
|   |   |   |   |   |   |   make = bmw: 0 (2.0/1.0)
|   |   |   |   |   |   |   make != bmw
|   |   |   |   |   |   |   |   make = volkswagen: 2 (3.0/1.0)
|   |   |   |   |   |   |   |   make != volkswagen
|   |   |   |   |   |   |   |   |   num-of-cylinders = six
|   |   |   |   |   |   |   |   |   |   make = alfa-romero: 1 (1.0)
|   |   |   |   |   |   |   |   |   |   make != alfa-romero: 3 (1.0)
|   |   |   |   |   |   |   |   |   num-of-cylinders != six
|   |   |   |   |   |   |   |   |   |   make = subaru: 2 (2.0)
|   |   |   |   |   |   |   |   |   |   make != subaru
|   |   |   |   |   |   |   |   |   |   |   stroke <= 3.47
|   |   |   |   |   |   |   |   |   |   |   |   engine-type = l: 2 (1.0)
|   |   |   |   |   |   |   |   |   |   |   |   engine-type != l
|   |   |   |   |   |   |   |   |   |   |   |   |   fuel-system = spfi: 2 (1.0)
|   |   |   |   |   |   |   |   |   |   |   |   |   fuel-system != spfi
|   |   |   |   |   |   |   |   |   |   |   |   |   |   wheel-base <= 89.5: 2 (2.0)
|   |   |   |   |   |   |   |   |   |   |   |   |   |   wheel-base > 89.5
|   |   |   |   |   |   |   |   |   |   |   |   |   |   |   make = mitsubishi: 2 (3.0/1.0)
|   |   |   |   |   |   |   |   |   |   |   |   |   |   |   make != mitsubishi: 1 (24.45)
|   |   |   |   |   |   |   |   |   |   |   stroke > 3.47
|   |   |   |   |   |   |   |   |   |   |   |   make = honda: 0 (2.0/1.0)
|   |   |   |   |   |   |   |   |   |   |   |   make != honda: 2 (5.0)
|   |   |   |   |   |   engine-location != front: 3 (1.0)

Number of Leaves  : 	30

Size of the tree : 	59


Time taken to build model: 0.18 seconds
Time taken to test model on training data: 0.06 seconds

=== Error on training data ===

Correctly Classified Instances         184               89.7561 %
Incorrectly Classified Instances        21               10.2439 %
Kappa statistic                          0.8669
Mean absolute error                      0.1234
Root mean squared error                  0.2104
Relative absolute error                 55.8647 %
Root relative squared error             63.4292 %
Total Number of Instances              205     


=== Confusion Matrix ===

  a  b  c  d  e  f  g   <-- classified as
  0  0  0  0  0  0  0 |  a = -3
  0  3  0  0  0  0  0 |  b = -2
  0  0 20  1  1  0  0 |  c = -1
  0  0  0 60  3  3  1 |  d = 0
  0  0  0  3 49  1  1 |  e = 1
  0  0  0  2  3 26  1 |  f = 2
  0  0  0  0  0  1 26 |  g = 3



=== Stratified cross-validation ===

Correctly Classified Instances         145               70.7317 %
Incorrectly Classified Instances        60               29.2683 %
Kappa statistic                          0.6174
Mean absolute error                      0.1531
Root mean squared error                  0.2627
Relative absolute error                 69.2396 %
Root relative squared error             79.1576 %
Total Number of Instances              205     


=== Confusion Matrix ===

  a  b  c  d  e  f  g   <-- classified as
  0  0  0  0  0  0  0 |  a = -3
  0  0  3  0  0  0  0 |  b = -2
  0  0 17  4  1  0  0 |  c = -1
  0  0  1 53  7  2  4 |  d = 0
  0  0  1  5 40  2  6 |  e = 1
  0  0  0  3 12 15  2 |  f = 2
  0  0  0  1  3  3 20 |  g = 3

