
Options: -R -B -M 2 -N 9 -S -A 

J48 pruned tree
------------------

make = volvo: -1 (10.0/3.0)
make != volvo
|   height <= 50.2: 3 (17.0/2.0)
|   height > 50.2
|   |   num-of-doors = four
|   |   |   height <= 51.6: 1 (9.6/1.0)
|   |   |   height > 51.6
|   |   |   |   wheel-base <= 101.2
|   |   |   |   |   curb-weight <= 2050.0: 1 (10.0/4.0)
|   |   |   |   |   curb-weight > 2050.0
|   |   |   |   |   |   make = audi: 2 (2.0)
|   |   |   |   |   |   make != audi
|   |   |   |   |   |   |   make = saab: 2 (2.0)
|   |   |   |   |   |   |   make != saab: 0 (38.6/5.0)
|   |   |   |   wheel-base > 101.2
|   |   |   |   |   make = audi: 1 (3.0)
|   |   |   |   |   make != audi
|   |   |   |   |   |   make = bmw: 0 (2.0/1.0)
|   |   |   |   |   |   make != bmw
|   |   |   |   |   |   |   make = peugot: 0 (10.0)
|   |   |   |   |   |   |   make != peugot: -1 (17.0/5.0)
|   |   num-of-doors != four
|   |   |   length <= 177.8
|   |   |   |   engine-location = front
|   |   |   |   |   make = volkswagen: 2 (2.0/1.0)
|   |   |   |   |   make != volkswagen
|   |   |   |   |   |   bore <= 3.39
|   |   |   |   |   |   |   wheel-base <= 89.5: 2 (3.0)
|   |   |   |   |   |   |   wheel-base > 89.5
|   |   |   |   |   |   |   |   make = mitsubishi: 2 (3.0/1.0)
|   |   |   |   |   |   |   |   make != mitsubishi
|   |   |   |   |   |   |   |   |   num-of-cylinders = four
|   |   |   |   |   |   |   |   |   |   fuel-system = 1bbl
|   |   |   |   |   |   |   |   |   |   |   curb-weight <= 1945.0: 1 (2.0)
|   |   |   |   |   |   |   |   |   |   |   curb-weight > 1945.0: 0 (2.0/1.0)
|   |   |   |   |   |   |   |   |   |   fuel-system != 1bbl: 1 (21.79/0.4)
|   |   |   |   |   |   |   |   |   num-of-cylinders != four: 0 (3.0/2.0)
|   |   |   |   |   |   bore > 3.39: 2 (13.0/1.0)
|   |   |   |   engine-location != front: 3 (2.0)
|   |   |   length > 177.8: 3 (10.0/4.0)

Number of Leaves  : 	21

Size of the tree : 	41


Time taken to build model: 0.2 seconds
Time taken to test model on training data: 0.05 seconds

=== Error on training data ===

Correctly Classified Instances         171               83.4146 %
Incorrectly Classified Instances        34               16.5854 %
Kappa statistic                          0.786 
Mean absolute error                      0.1329
Root mean squared error                  0.2226
Relative absolute error                 60.1625 %
Root relative squared error             67.0918 %
Total Number of Instances              205     


=== Confusion Matrix ===

  a  b  c  d  e  f  g   <-- classified as
  0  0  0  0  0  0  0 |  a = -3
  0  0  3  0  0  0  0 |  b = -2
  0  0 21  0  1  0  0 |  c = -1
  0  0  5 54  4  0  4 |  d = 0
  0  0  0  3 46  2  3 |  e = 1
  0  0  0  6  1 25  0 |  f = 2
  0  0  0  0  0  2 25 |  g = 3



=== Stratified cross-validation ===

Correctly Classified Instances         140               68.2927 %
Incorrectly Classified Instances        65               31.7073 %
Kappa statistic                          0.5858
Mean absolute error                      0.1546
Root mean squared error                  0.2637
Relative absolute error                 69.9225 %
Root relative squared error             79.4544 %
Total Number of Instances              205     


=== Confusion Matrix ===

  a  b  c  d  e  f  g   <-- classified as
  0  0  0  0  0  0  0 |  a = -3
  0  0  3  0  0  0  0 |  b = -2
  0  0 14  6  2  0  0 |  c = -1
  0  0  3 53  6  1  4 |  d = 0
  0  0  2  6 37  4  5 |  e = 1
  0  0  0  4  6 19  3 |  f = 2
  0  0  0  1  4  5 17 |  g = 3

