
Options: -C 0.80 -M 6 

J48 pruned tree
------------------

num-of-doors = four
|   wheel-base <= 101.2
|   |   height <= 51.6: 1 (10.56/1.0)
|   |   height > 51.6
|   |   |   curb-weight <= 2050: 1 (11.0/4.0)
|   |   |   curb-weight > 2050
|   |   |   |   width <= 65.4: 0 (27.0)
|   |   |   |   width > 65.4
|   |   |   |   |   width <= 66.4: 2 (7.0)
|   |   |   |   |   width > 66.4: 0 (13.56/3.0)
|   wheel-base > 101.2
|   |   make = alfa-romero: -1 (0.0)
|   |   make = audi: 1 (3.0)
|   |   make = bmw: 0 (3.0/1.0)
|   |   make = chevrolet: -1 (0.0)
|   |   make = dodge: -1 (1.0)
|   |   make = honda: -1 (0.0)
|   |   make = isuzu: -1 (0.0)
|   |   make = jaguar: 0 (2.0)
|   |   make = mazda: 0 (2.0)
|   |   make = mercedes-benz: -1 (5.0/1.0)
|   |   make = mercury: -1 (0.0)
|   |   make = mitsubishi: -1 (0.0)
|   |   make = nissan: -1 (0.0)
|   |   make = peugot: 0 (11.0)
|   |   make = plymouth: -1 (1.0)
|   |   make = porsche: -1 (0.0)
|   |   make = renault: -1 (0.0)
|   |   make = saab: -1 (0.0)
|   |   make = subaru: -1 (0.0)
|   |   make = toyota: -1 (7.0)
|   |   make = volkswagen: -1 (0.0)
|   |   make = volvo: -1 (11.0/3.0)
num-of-doors = two
|   city-mpg <= 22
|   |   wheel-base <= 99.1: 3 (23.0/2.0)
|   |   wheel-base > 99.1: 0 (11.0/6.0)
|   city-mpg > 22
|   |   bore <= 3.39
|   |   |   bore <= 3.01
|   |   |   |   normalized-losses <= 119: 1 (6.0)
|   |   |   |   normalized-losses > 119: 2 (8.0/1.0)
|   |   |   bore > 3.01
|   |   |   |   body-style = hardtop: 2 (1.0)
|   |   |   |   body-style = wagon: 1 (0.0)
|   |   |   |   body-style = sedan: 1 (8.88/1.44)
|   |   |   |   body-style = hatchback: 1 (19.0/5.0)
|   |   |   |   body-style = convertible: 3 (1.0)
|   |   bore > 3.39: 2 (12.0)

Number of Leaves  : 	37

Size of the tree : 	50


Time taken to build model: 0.17 seconds
Time taken to test model on training data: 0.01 seconds

=== Error on training data ===

Correctly Classified Instances         177               86.3415 %
Incorrectly Classified Instances        28               13.6585 %
Kappa statistic                          0.8212
Mean absolute error                      0.0589
Root mean squared error                  0.1709
Relative absolute error                 26.6466 %
Root relative squared error             51.5206 %
Total Number of Instances              205     


=== Confusion Matrix ===

  a  b  c  d  e  f  g   <-- classified as
  0  0  0  0  0  0  0 |  a = -3
  0  0  3  0  0  0  0 |  b = -2
  0  0 21  0  1  0  0 |  c = -1
  0  0  1 60  6  0  0 |  d = 0
  0  0  0  4 47  1  2 |  e = 1
  0  0  0  4  1 27  0 |  f = 2
  0  0  0  2  3  0 22 |  g = 3



=== Stratified cross-validation ===

Correctly Classified Instances         148               72.1951 %
Incorrectly Classified Instances        57               27.8049 %
Kappa statistic                          0.6367
Mean absolute error                      0.0979
Root mean squared error                  0.2454
Relative absolute error                 44.2595 %
Root relative squared error             73.9253 %
Total Number of Instances              205     


=== Confusion Matrix ===

  a  b  c  d  e  f  g   <-- classified as
  0  0  0  0  0  0  0 |  a = -3
  0  0  3  0  0  0  0 |  b = -2
  0  0 18  1  3  0  0 |  c = -1
  0  0  1 56  1  4  5 |  d = 0
  0  0  1  9 37  2  5 |  e = 1
  0  0  0  2 11 18  1 |  f = 2
  0  0  1  3  3  1 19 |  g = 3

