
Options: -C 0.20 -M 5 -S 

J48 pruned tree
------------------

num-of-doors = four
|   wheel-base <= 101.2
|   |   height <= 51.6: 1 (10.56/1.0)
|   |   height > 51.6
|   |   |   curb-weight <= 2050
|   |   |   |   length <= 163.4: 0 (5.0/1.0)
|   |   |   |   length > 163.4: 1 (6.0)
|   |   |   curb-weight > 2050
|   |   |   |   height <= 55.6: 0 (35.56/2.0)
|   |   |   |   height > 55.6
|   |   |   |   |   peak-rpm <= 5200: 0 (6.0/2.0)
|   |   |   |   |   peak-rpm > 5200: 2 (6.0)
|   wheel-base > 101.2
|   |   make = alfa-romero: -1 (0.0)
|   |   make = audi: 1 (3.0)
|   |   make = bmw: 0 (3.0/1.0)
|   |   make = chevrolet: -1 (0.0)
|   |   make = dodge: -1 (1.0)
|   |   make = honda: -1 (0.0)
|   |   make = isuzu: -1 (0.0)
|   |   make = jaguar: 0 (2.0)
|   |   make = mazda: 0 (2.0)
|   |   make = mercedes-benz: -1 (5.0/1.0)
|   |   make = mercury: -1 (0.0)
|   |   make = mitsubishi: -1 (0.0)
|   |   make = nissan: -1 (0.0)
|   |   make = peugot: 0 (11.0)
|   |   make = plymouth: -1 (1.0)
|   |   make = porsche: -1 (0.0)
|   |   make = renault: -1 (0.0)
|   |   make = saab: -1 (0.0)
|   |   make = subaru: -1 (0.0)
|   |   make = toyota: -1 (7.0)
|   |   make = volkswagen: -1 (0.0)
|   |   make = volvo: -1 (11.0/3.0)
num-of-doors = two
|   city-mpg <= 22
|   |   wheel-base <= 99.1: 3 (23.0/2.0)
|   |   wheel-base > 99.1
|   |   |   price <= 19045: 1 (5.5/3.5)
|   |   |   price > 19045: 0 (5.5/1.0)
|   city-mpg > 22
|   |   bore <= 3.39
|   |   |   engine-size <= 103
|   |   |   |   bore <= 3.01
|   |   |   |   |   normalized-losses <= 119: 1 (6.0)
|   |   |   |   |   normalized-losses > 119: 2 (8.0/1.0)
|   |   |   |   bore > 3.01: 1 (19.44/1.0)
|   |   |   engine-size > 103
|   |   |   |   horsepower <= 86: 0 (5.44/3.0)
|   |   |   |   horsepower > 86: 3 (5.0/1.0)
|   |   bore > 3.39: 2 (12.0)

Number of Leaves  : 	37

Size of the tree : 	53


Time taken to build model: 0.16 seconds
Time taken to test model on training data: 0.05 seconds

=== Error on training data ===

Correctly Classified Instances         182               88.7805 %
Incorrectly Classified Instances        23               11.2195 %
Kappa statistic                          0.8531
Mean absolute error                      0.0487
Root mean squared error                  0.1554
Relative absolute error                 22.0358 %
Root relative squared error             46.8359 %
Total Number of Instances              205     


=== Confusion Matrix ===

  a  b  c  d  e  f  g   <-- classified as
  0  0  0  0  0  0  0 |  a = -3
  0  0  3  0  0  0  0 |  b = -2
  0  0 21  0  1  0  0 |  c = -1
  0  0  1 66  0  0  0 |  d = 0
  0  0  0  5 45  1  3 |  e = 1
  0  0  0  5  2 25  0 |  f = 2
  0  0  0  0  2  0 25 |  g = 3



=== Stratified cross-validation ===

Correctly Classified Instances         148               72.1951 %
Incorrectly Classified Instances        57               27.8049 %
Kappa statistic                          0.6383
Mean absolute error                      0.0948
Root mean squared error                  0.2416
Relative absolute error                 42.8943 %
Root relative squared error             72.8063 %
Total Number of Instances              205     


=== Confusion Matrix ===

  a  b  c  d  e  f  g   <-- classified as
  0  0  0  0  0  0  0 |  a = -3
  0  0  3  0  0  0  0 |  b = -2
  0  0 19  0  3  0  0 |  c = -1
  0  0  3 54  2  4  4 |  d = 0
  0  0  2  8 38  0  6 |  e = 1
  0  0  0  1 12 18  1 |  f = 2
  0  0  1  3  3  1 19 |  g = 3

