
Options: -R -B -M 1 -N 7 -A 

J48 pruned tree
------------------

make = volvo
|   normalized-losses <= 98.0: -1 (7.0)
|   normalized-losses > 98.0: -2 (2.0)
make != volvo
|   num-of-doors = four
|   |   wheel-base <= 95.1: 1 (15.0/3.0)
|   |   wheel-base > 95.1
|   |   |   make = saab: 2 (3.0)
|   |   |   make != saab
|   |   |   |   make = audi: 1 (4.0/1.0)
|   |   |   |   make != audi
|   |   |   |   |   make = volkswagen
|   |   |   |   |   |   wheel-base <= 98.8: 2 (4.0)
|   |   |   |   |   |   wheel-base > 98.8: 0 (2.0)
|   |   |   |   |   make != volkswagen
|   |   |   |   |   |   make = mitsubishi: 1 (3.0/1.0)
|   |   |   |   |   |   make != mitsubishi
|   |   |   |   |   |   |   num-of-cylinders = five: -1 (3.0)
|   |   |   |   |   |   |   num-of-cylinders != five
|   |   |   |   |   |   |   |   make = dodge: -1 (1.0)
|   |   |   |   |   |   |   |   make != dodge
|   |   |   |   |   |   |   |   |   make = plymouth: -1 (1.0)
|   |   |   |   |   |   |   |   |   make != plymouth
|   |   |   |   |   |   |   |   |   |   normalized-losses <= 74.0
|   |   |   |   |   |   |   |   |   |   |   fuel-system = 2bbl: 1 (1.0)
|   |   |   |   |   |   |   |   |   |   |   fuel-system != 2bbl
|   |   |   |   |   |   |   |   |   |   |   |   make = toyota: -1 (4.0)
|   |   |   |   |   |   |   |   |   |   |   |   make != toyota: 0 (1.34/0.23)
|   |   |   |   |   |   |   |   |   |   normalized-losses > 74.0
|   |   |   |   |   |   |   |   |   |   |   make = bmw: 0 (2.77/0.88)
|   |   |   |   |   |   |   |   |   |   |   make != bmw
|   |   |   |   |   |   |   |   |   |   |   |   make = mercedes-benz: -1 (1.77/0.88)
|   |   |   |   |   |   |   |   |   |   |   |   make != mercedes-benz
|   |   |   |   |   |   |   |   |   |   |   |   |   engine-type = dohc
|   |   |   |   |   |   |   |   |   |   |   |   |   |   make = jaguar: 0 (1.88)
|   |   |   |   |   |   |   |   |   |   |   |   |   |   make != jaguar: -1 (1.0)
|   |   |   |   |   |   |   |   |   |   |   |   |   engine-type != dohc: 0 (40.78)
|   num-of-doors != four
|   |   city-mpg <= 22.0
|   |   |   body-style = sedan: 0 (3.0/1.0)
|   |   |   body-style != sedan: 3 (27.0/7.0)
|   |   city-mpg > 22.0
|   |   |   compression-ratio <= 8.5
|   |   |   |   stroke <= 3.39: 1 (2.0)
|   |   |   |   stroke > 3.39: 3 (4.0)
|   |   |   compression-ratio > 8.5
|   |   |   |   bore <= 3.39
|   |   |   |   |   make = mitsubishi: 2 (3.0)
|   |   |   |   |   make != mitsubishi
|   |   |   |   |   |   make = volkswagen: 2 (2.0)
|   |   |   |   |   |   make != volkswagen
|   |   |   |   |   |   |   body-style = hardtop: 2 (1.0)
|   |   |   |   |   |   |   body-style != hardtop
|   |   |   |   |   |   |   |   wheel-base <= 89.5: 2 (2.0)
|   |   |   |   |   |   |   |   wheel-base > 89.5
|   |   |   |   |   |   |   |   |   wheel-base <= 96.1: 1 (18.0)
|   |   |   |   |   |   |   |   |   wheel-base > 96.1
|   |   |   |   |   |   |   |   |   |   fuel-system = 2bbl: 1 (2.0)
|   |   |   |   |   |   |   |   |   |   fuel-system != 2bbl: 0 (1.46)
|   |   |   |   bore > 3.39: 2 (11.0)

Number of Leaves  : 	31

Size of the tree : 	61


Time taken to build model: 0.17 seconds
Time taken to test model on training data: 0.05 seconds

=== Error on training data ===

Correctly Classified Instances         189               92.1951 %
Incorrectly Classified Instances        16                7.8049 %
Kappa statistic                          0.8989
Mean absolute error                      0.1229
Root mean squared error                  0.2053
Relative absolute error                 55.6207 %
Root relative squared error             61.8902 %
Total Number of Instances              205     


=== Confusion Matrix ===

  a  b  c  d  e  f  g   <-- classified as
  0  0  0  0  0  0  0 |  a = -3
  0  3  0  0  0  0  0 |  b = -2
  0  0 20  1  1  0  0 |  c = -1
  0  0  0 62  3  0  2 |  d = 0
  0  0  0  1 48  0  5 |  e = 1
  0  0  0  1  2 29  0 |  f = 2
  0  0  0  0  0  0 27 |  g = 3



=== Stratified cross-validation ===

Correctly Classified Instances         146               71.2195 %
Incorrectly Classified Instances        59               28.7805 %
Kappa statistic                          0.6199
Mean absolute error                      0.1494
Root mean squared error                  0.2561
Relative absolute error                 67.5913 %
Root relative squared error             77.1715 %
Total Number of Instances              205     


=== Confusion Matrix ===

  a  b  c  d  e  f  g   <-- classified as
  0  0  0  0  0  0  0 |  a = -3
  0  0  3  0  0  0  0 |  b = -2
  0  0 10 11  1  0  0 |  c = -1
  0  0  2 54  6  3  2 |  d = 0
  0  0  0  5 42  2  5 |  e = 1
  0  0  0  8  5 16  3 |  f = 2
  0  0  0  0  2  1 24 |  g = 3

