
Options: -R -M 4 -N 6 -L -A 

J48 pruned tree
------------------

num-of-doors = four
|   make = alfa-romero: 0 (0.0)
|   make = audi: 1 (5.0/2.0)
|   make = bmw: 0 (4.0)
|   make = chevrolet: 0 (1.0)
|   make = dodge: 1 (4.57/1.0)
|   make = honda: 0 (5.0)
|   make = isuzu: 0 (1.0)
|   make = jaguar: 0 (2.0)
|   make = mazda: 0 (6.0/2.0)
|   make = mercedes-benz: -1 (4.0/1.0)
|   make = mercury: 0 (0.0)
|   make = mitsubishi: 1 (3.0/1.0)
|   make = nissan: 0 (7.0/3.0)
|   make = peugot: 0 (9.0)
|   make = plymouth: 1 (3.0/1.0)
|   make = porsche: 0 (0.0)
|   make = renault: 0 (1.0)
|   make = saab: 2 (3.0)
|   make = subaru: 0 (7.0)
|   make = toyota
|   |   wheel-base <= 98.8: 0 (10.0/1.0)
|   |   wheel-base > 98.8: -1 (6.0)
|   make = volkswagen: 2 (7.0/3.0)
|   make = volvo: -1 (9.0/2.0)
num-of-doors = two
|   height <= 50.2: 3 (16.0/2.0)
|   height > 50.2
|   |   num-of-cylinders = eight: 1 (3.0/1.0)
|   |   num-of-cylinders = five: 0 (3.0/1.0)
|   |   num-of-cylinders = four
|   |   |   height <= 55.2
|   |   |   |   bore <= 3.39
|   |   |   |   |   engine-size <= 103
|   |   |   |   |   |   bore <= 2.97
|   |   |   |   |   |   |   normalized-losses <= 128: 1 (5.0)
|   |   |   |   |   |   |   normalized-losses > 128: 2 (4.0)
|   |   |   |   |   |   bore > 2.97: 1 (16.43)
|   |   |   |   |   engine-size > 103: 1 (4.0/2.0)
|   |   |   |   bore > 3.39: 2 (9.0/1.0)
|   |   |   height > 55.2: 3 (7.0/3.0)
|   |   num-of-cylinders = six: 3 (5.0/2.0)
|   |   num-of-cylinders = three: 2 (1.0)
|   |   num-of-cylinders = twelve: 1 (0.0)
|   |   num-of-cylinders = two: 1 (0.0)

Number of Leaves  : 	36

Size of the tree : 	46


Time taken to build model: 0.12 seconds
Time taken to test model on training data: 0.05 seconds

=== Error on training data ===

Correctly Classified Instances         170               82.9268 %
Incorrectly Classified Instances        35               17.0732 %
Kappa statistic                          0.7782
Mean absolute error                      0.1559
Root mean squared error                  0.241 
Relative absolute error                 70.5904 %
Root relative squared error             72.6328 %
Total Number of Instances              205     


=== Confusion Matrix ===

  a  b  c  d  e  f  g   <-- classified as
  0  0  0  0  0  0  0 |  a = -3
  0  0  3  0  0  0  0 |  b = -2
  0  0 19  0  3  0  0 |  c = -1
  0  0  1 58  2  3  3 |  d = 0
  0  0  0  8 43  1  2 |  e = 1
  0  0  0  1  3 25  3 |  f = 2
  0  0  0  0  2  0 25 |  g = 3



=== Stratified cross-validation ===

Correctly Classified Instances         143               69.7561 %
Incorrectly Classified Instances        62               30.2439 %
Kappa statistic                          0.6048
Mean absolute error                      0.1738
Root mean squared error                  0.275 
Relative absolute error                 78.6307 %
Root relative squared error             82.8612 %
Total Number of Instances              205     


=== Confusion Matrix ===

  a  b  c  d  e  f  g   <-- classified as
  0  0  0  0  0  0  0 |  a = -3
  0  0  3  0  0  0  0 |  b = -2
  0  0 17  3  2  0  0 |  c = -1
  0  0  1 52  7  3  4 |  d = 0
  0  0  3  8 38  0  5 |  e = 1
  0  0  0  2 12 16  2 |  f = 2
  0  0  1  0  6  0 20 |  g = 3

