
Options: -R -M 1 -N 4 -S -A 

J48 pruned tree
------------------

num-of-doors = four
|   make = alfa-romero: 0 (0.0)
|   make = audi: 1 (4.0/2.0)
|   make = bmw: 0 (4.0)
|   make = chevrolet: 0 (1.0)
|   make = dodge: 1 (3.0/1.0)
|   make = honda: 0 (2.0)
|   make = isuzu: 0 (1.0)
|   make = jaguar: 0 (2.0)
|   make = mazda: 0 (4.56/2.0)
|   make = mercedes-benz: -1 (3.0/1.0)
|   make = mercury: 0 (0.0)
|   make = mitsubishi: 1 (3.0/1.0)
|   make = nissan: 0 (8.0/4.0)
|   make = peugot: 0 (9.0)
|   make = plymouth: 1 (3.0/1.0)
|   make = porsche: 0 (0.0)
|   make = renault: 0 (1.0)
|   make = saab: 2 (2.0)
|   make = subaru: 0 (6.0)
|   make = toyota
|   |   wheel-base <= 98.8: 0 (9.0/1.0)
|   |   wheel-base > 98.8: -1 (6.0)
|   make = volkswagen
|   |   wheel-base <= 98.8: 2 (4.0)
|   |   wheel-base > 98.8: 0 (2.0)
|   make = volvo
|   |   normalized-losses <= 98: -1 (6.0)
|   |   normalized-losses > 98: -2 (2.0)
num-of-doors = two
|   city-mpg <= 22: 3 (24.0/7.0)
|   city-mpg > 22
|   |   bore <= 3.39: 1 (35.44/13.44)
|   |   bore > 3.39: 2 (9.0)

Number of Leaves  : 	28

Size of the tree : 	35


Time taken to build model: 0.16 seconds
Time taken to test model on training data: 0.02 seconds

=== Error on training data ===

Correctly Classified Instances         164               80      %
Incorrectly Classified Instances        41               20      %
Kappa statistic                          0.7394
Mean absolute error                      0.1636
Root mean squared error                  0.255 
Relative absolute error                 74.0395 %
Root relative squared error             76.8571 %
Total Number of Instances              205     


=== Confusion Matrix ===

  a  b  c  d  e  f  g   <-- classified as
  0  0  0  0  0  0  0 |  a = -3
  0  3  0  0  0  0  0 |  b = -2
  0  0 19  0  3  0  0 |  c = -1
  0  0  1 58  3  0  5 |  d = 0
  0  0  0  8 41  0  5 |  e = 1
  0  0  0  0 11 20  1 |  f = 2
  0  0  0  0  4  0 23 |  g = 3



=== Stratified cross-validation ===

Correctly Classified Instances         156               76.0976 %
Incorrectly Classified Instances        49               23.9024 %
Kappa statistic                          0.6889
Mean absolute error                      0.1678
Root mean squared error                  0.2662
Relative absolute error                 75.8775 %
Root relative squared error             80.2123 %
Total Number of Instances              205     


=== Confusion Matrix ===

  a  b  c  d  e  f  g   <-- classified as
  0  0  0  0  0  0  0 |  a = -3
  0  3  0  0  0  0  0 |  b = -2
  0  0 18  2  2  0  0 |  c = -1
  0  0  1 55  5  2  4 |  d = 0
  0  0  1  5 42  1  5 |  e = 1
  0  0  0  3 10 16  3 |  f = 2
  0  0  1  0  3  1 22 |  g = 3

