
Options: -R -B -M 7 -N 6 -L -A 

J48 pruned tree
------------------

make = volvo: -1 (9.0/2.0)
make != volvo
|   num-of-doors = four
|   |   wheel-base <= 95.1: 1 (12.55/2.0)
|   |   wheel-base > 95.1
|   |   |   num-of-cylinders = five: -1 (8.0/5.0)
|   |   |   num-of-cylinders != five
|   |   |   |   wheel-base <= 101.2: 0 (45.0/12.0)
|   |   |   |   wheel-base > 101.2
|   |   |   |   |   bore <= 3.39: -1 (8.0)
|   |   |   |   |   bore > 3.39: 0 (15.0)
|   num-of-doors != four
|   |   height <= 50.2: 3 (16.0/2.0)
|   |   height > 50.2
|   |   |   length <= 177.8
|   |   |   |   engine-size <= 103.0: 1 (27.45/6.0)
|   |   |   |   engine-size > 103.0
|   |   |   |   |   length <= 169.0: 3 (7.0/3.0)
|   |   |   |   |   length > 169.0: 2 (13.0/4.0)
|   |   |   length > 177.8: 3 (10.0/5.0)

Number of Leaves  : 	11

Size of the tree : 	21


Time taken to build model: 0.12 seconds
Time taken to test model on training data: 0.06 seconds

=== Error on training data ===

Correctly Classified Instances         152               74.1463 %
Incorrectly Classified Instances        53               25.8537 %
Kappa statistic                          0.6642
Mean absolute error                      0.1451
Root mean squared error                  0.2455
Relative absolute error                 65.6856 %
Root relative squared error             73.9987 %
Total Number of Instances              205     


=== Confusion Matrix ===

  a  b  c  d  e  f  g   <-- classified as
  0  0  0  0  0  0  0 |  a = -3
  0  0  3  0  0  0  0 |  b = -2
  0  0 20  2  0  0  0 |  c = -1
  0  0  1 56  3  1  6 |  d = 0
  0  0  4  4 38  5  3 |  e = 1
  0  0  1  9  9 11  2 |  f = 2
  0  0  0  0  0  0 27 |  g = 3



=== Stratified cross-validation ===

Correctly Classified Instances         136               66.3415 %
Incorrectly Classified Instances        69               33.6585 %
Kappa statistic                          0.5542
Mean absolute error                      0.1612
Root mean squared error                  0.2725
Relative absolute error                 72.912  %
Root relative squared error             82.0961 %
Total Number of Instances              205     


=== Confusion Matrix ===

  a  b  c  d  e  f  g   <-- classified as
  0  0  0  0  0  0  0 |  a = -3
  0  0  3  0  0  0  0 |  b = -2
  0  0 14  7  1  0  0 |  c = -1
  0  0  0 56  3  3  5 |  d = 0
  0  0  3  9 36  1  5 |  e = 1
  0  0  0  8 12 11  1 |  f = 2
  0  0  0  1  5  2 19 |  g = 3

