
Options: -R -B -M 3 -N 9 -L -S -A 

J48 pruned tree
------------------

make = volvo: -1 (10.0/3.0)
make != volvo
|   height <= 50.2: 3 (17.0/2.0)
|   height > 50.2
|   |   num-of-doors = four
|   |   |   height <= 51.6: 1 (9.6/1.0)
|   |   |   height > 51.6
|   |   |   |   make = audi: 1 (5.0/2.0)
|   |   |   |   make != audi
|   |   |   |   |   make = volkswagen: 2 (8.0/3.0)
|   |   |   |   |   make != volkswagen
|   |   |   |   |   |   num-of-cylinders = five: -1 (3.0)
|   |   |   |   |   |   num-of-cylinders != five
|   |   |   |   |   |   |   curb-weight <= 2050.0: 1 (10.0/4.0)
|   |   |   |   |   |   |   curb-weight > 2050.0
|   |   |   |   |   |   |   |   make = bmw: 0 (4.0/1.0)
|   |   |   |   |   |   |   |   make != bmw
|   |   |   |   |   |   |   |   |   normalized-losses <= 74.0: -1 (6.07/0.84)
|   |   |   |   |   |   |   |   |   normalized-losses > 74.0: 0 (48.54/5.78)
|   |   num-of-doors != four
|   |   |   length <= 177.8
|   |   |   |   body-style = convertible: 3 (3.0/1.0)
|   |   |   |   body-style != convertible
|   |   |   |   |   num-of-cylinders = six: 0 (3.0/2.0)
|   |   |   |   |   num-of-cylinders != six
|   |   |   |   |   |   bore <= 3.39
|   |   |   |   |   |   |   wheel-base <= 89.5: 2 (3.0)
|   |   |   |   |   |   |   wheel-base > 89.5
|   |   |   |   |   |   |   |   width <= 64.2: 1 (22.4)
|   |   |   |   |   |   |   |   width > 64.2: 2 (8.4/4.4)
|   |   |   |   |   |   bore > 3.39: 2 (12.0/1.0)
|   |   |   length > 177.8: 3 (10.0/4.0)

Number of Leaves  : 	17

Size of the tree : 	33


Time taken to build model: 0.24 seconds
Time taken to test model on training data: 0.06 seconds

=== Error on training data ===

Correctly Classified Instances         165               80.4878 %
Incorrectly Classified Instances        40               19.5122 %
Kappa statistic                          0.7466
Mean absolute error                      0.1326
Root mean squared error                  0.2267
Relative absolute error                 60.0112 %
Root relative squared error             68.3464 %
Total Number of Instances              205     


=== Confusion Matrix ===

  a  b  c  d  e  f  g   <-- classified as
  0  0  0  0  0  0  0 |  a = -3
  0  0  3  0  0  0  0 |  b = -2
  0  0 17  4  1  0  0 |  c = -1
  0  0  0 54  4  5  4 |  d = 0
  0  0  0  2 45  4  3 |  e = 1
  0  0  0  3  3 25  1 |  f = 2
  0  0  0  2  1  0 24 |  g = 3



=== Stratified cross-validation ===

Correctly Classified Instances         132               64.3902 %
Incorrectly Classified Instances        73               35.6098 %
Kappa statistic                          0.5261
Mean absolute error                      0.1651
Root mean squared error                  0.2776
Relative absolute error                 74.6575 %
Root relative squared error             83.6539 %
Total Number of Instances              205     


=== Confusion Matrix ===

  a  b  c  d  e  f  g   <-- classified as
  0  0  0  0  0  0  0 |  a = -3
  0  0  3  0  0  0  0 |  b = -2
  0  0 13  8  1  0  0 |  c = -1
  0  0  1 52  8  3  3 |  d = 0
  0  0  0 10 38  2  4 |  e = 1
  0  0  0  6 11 13  2 |  f = 2
  0  0  0  2  8  1 16 |  g = 3

