
Options: -B -C 0.10 -M 2 -L -A 

J48 pruned tree
------------------

make = volvo
|   normalized-losses <= 98.0: -1 (8.0)
|   normalized-losses > 98.0: -2 (3.0)
make != volvo
|   num-of-doors = four
|   |   height <= 51.6: 1 (10.54/1.0)
|   |   height > 51.6
|   |   |   make = saab: 2 (3.0)
|   |   |   make != saab
|   |   |   |   make = audi
|   |   |   |   |   wheel-base <= 102.7: 2 (2.0)
|   |   |   |   |   wheel-base > 102.7: 1 (3.0)
|   |   |   |   make != audi
|   |   |   |   |   make = volkswagen
|   |   |   |   |   |   wheel-base <= 98.8: 2 (5.0)
|   |   |   |   |   |   wheel-base > 98.8: 0 (3.0)
|   |   |   |   |   make != volkswagen
|   |   |   |   |   |   curb-weight <= 2050.0
|   |   |   |   |   |   |   horsepower <= 69.0: 1 (7.0)
|   |   |   |   |   |   |   horsepower > 69.0: 0 (4.0)
|   |   |   |   |   |   curb-weight > 2050.0
|   |   |   |   |   |   |   num-of-cylinders = five: -1 (3.0)
|   |   |   |   |   |   |   num-of-cylinders != five
|   |   |   |   |   |   |   |   normalized-losses <= 74.0: -1 (7.78/1.54)
|   |   |   |   |   |   |   |   normalized-losses > 74.0: 0 (55.76/4.63)
|   num-of-doors != four
|   |   city-mpg <= 22.0
|   |   |   body-style = sedan: 0 (4.0/1.0)
|   |   |   body-style != sedan
|   |   |   |   num-of-cylinders = five: 0 (2.0)
|   |   |   |   num-of-cylinders != five: 3 (28.0/5.0)
|   |   city-mpg > 22.0
|   |   |   bore <= 3.39
|   |   |   |   make = volkswagen
|   |   |   |   |   body-style = sedan: 2 (2.0)
|   |   |   |   |   body-style != sedan: 3 (2.0)
|   |   |   |   make != volkswagen
|   |   |   |   |   height <= 49.7: 3 (2.0)
|   |   |   |   |   height > 49.7
|   |   |   |   |   |   make = mitsubishi: 2 (4.0/1.0)
|   |   |   |   |   |   make != mitsubishi
|   |   |   |   |   |   |   wheel-base <= 89.5: 2 (3.0)
|   |   |   |   |   |   |   wheel-base > 89.5: 1 (30.93/3.46)
|   |   |   bore > 3.39: 2 (12.0)

Number of Leaves  : 	23

Size of the tree : 	45


Time taken to build model: 0.28 seconds
Time taken to test model on training data: 0.05 seconds

=== Error on training data ===

Correctly Classified Instances         189               92.1951 %
Incorrectly Classified Instances        16                7.8049 %
Kappa statistic                          0.8984
Mean absolute error                      0.1131
Root mean squared error                  0.1952
Relative absolute error                 51.2005 %
Root relative squared error             58.8294 %
Total Number of Instances              205     


=== Confusion Matrix ===

  a  b  c  d  e  f  g   <-- classified as
  0  0  0  0  0  0  0 |  a = -3
  0  3  0  0  0  0  0 |  b = -2
  0  0 17  4  1  0  0 |  c = -1
  0  0  0 65  2  0  0 |  d = 0
  0  0  0  1 47  1  5 |  e = 1
  0  0  0  1  1 30  0 |  f = 2
  0  0  0  0  0  0 27 |  g = 3



=== Stratified cross-validation ===

Correctly Classified Instances         160               78.0488 %
Incorrectly Classified Instances        45               21.9512 %
Kappa statistic                          0.714 
Mean absolute error                      0.1373
Root mean squared error                  0.242 
Relative absolute error                 62.0854 %
Root relative squared error             72.8988 %
Total Number of Instances              205     


=== Confusion Matrix ===

  a  b  c  d  e  f  g   <-- classified as
  0  0  0  0  0  0  0 |  a = -3
  0  3  0  0  0  0  0 |  b = -2
  0  0 16  5  1  0  0 |  c = -1
  0  0  3 56  6  0  2 |  d = 0
  0  0  1  2 44  2  5 |  e = 1
  0  0  0  2  7 21  2 |  f = 2
  0  0  0  0  4  3 20 |  g = 3

