
Options: -R -M 6 -N 3 -L 

J48 pruned tree
------------------

num-of-doors = four
|   make = alfa-romero: 0 (0.0)
|   make = audi: 1 (4.0/1.0)
|   make = bmw: 0 (3.0)
|   make = chevrolet: 0 (1.0)
|   make = dodge: 1 (2.58)
|   make = honda: 0 (4.0)
|   make = isuzu: 0 (1.0)
|   make = jaguar: 0 (2.0)
|   make = mazda: 0 (5.0/1.0)
|   make = mercedes-benz: -1 (4.0/1.0)
|   make = mercury: 0 (0.0)
|   make = mitsubishi: 1 (3.0/1.0)
|   make = nissan: 0 (6.0/3.0)
|   make = peugot: 0 (7.0)
|   make = plymouth: 1 (3.0/1.0)
|   make = porsche: 0 (0.0)
|   make = renault: 0 (1.0)
|   make = saab: 2 (2.0)
|   make = subaru: 0 (6.0)
|   make = toyota
|   |   engine-size <= 103: 0 (7.0/1.0)
|   |   engine-size > 103: -1 (6.0/1.0)
|   make = volkswagen: 2 (5.0/2.0)
|   make = volvo: -1 (7.0/2.0)
num-of-doors = two
|   city-mpg <= 22
|   |   wheel-base <= 99.1: 3 (17.0/2.0)
|   |   wheel-base > 99.1: 0 (6.0/4.0)
|   city-mpg > 22
|   |   bore <= 3.39: 1 (26.42/9.0)
|   |   bore > 3.39: 2 (8.0)

Number of Leaves  : 	27

Size of the tree : 	33


Time taken to build model: 0.09 seconds
Time taken to test model on training data: 0.05 seconds

=== Error on training data ===

Correctly Classified Instances         160               78.0488 %
Incorrectly Classified Instances        45               21.9512 %
Kappa statistic                          0.7111
Mean absolute error                      0.0897
Root mean squared error                  0.2149
Relative absolute error                 40.592  %
Root relative squared error             64.7631 %
Total Number of Instances              205     


=== Confusion Matrix ===

  a  b  c  d  e  f  g   <-- classified as
  0  0  0  0  0  0  0 |  a = -3
  0  0  3  0  0  0  0 |  b = -2
  0  0 19  0  3  0  0 |  c = -1
  0  0  3 59  2  3  0 |  d = 0
  0  0  0 11 41  0  2 |  e = 1
  0  0  0  1 11 20  0 |  f = 2
  0  0  0  2  4  0 21 |  g = 3



=== Stratified cross-validation ===

Correctly Classified Instances         129               62.9268 %
Incorrectly Classified Instances        76               37.0732 %
Kappa statistic                          0.5194
Mean absolute error                      0.1243
Root mean squared error                  0.2757
Relative absolute error                 56.2171 %
Root relative squared error             83.0722 %
Total Number of Instances              205     


=== Confusion Matrix ===

  a  b  c  d  e  f  g   <-- classified as
  0  0  0  0  0  0  0 |  a = -3
  0  0  3  0  0  0  0 |  b = -2
  0  0 17  3  0  2  0 |  c = -1
  0  0  5 51  3  4  4 |  d = 0
  0  0  4  7 32  6  5 |  e = 1
  0  0  0  4 16 10  2 |  f = 2
  0  0  1  1  3  3 19 |  g = 3

