
Options: -R -M 2 -N 2 -S 

J48 pruned tree
------------------

num-of-doors = four
|   wheel-base <= 101.2
|   |   curb-weight <= 2050
|   |   |   horsepower <= 69: 1 (7.0)
|   |   |   horsepower > 69: 0 (2.0)
|   |   curb-weight > 2050
|   |   |   make = alfa-romero: 0 (0.0)
|   |   |   make = audi: 2 (1.0)
|   |   |   make = bmw: 0 (1.0)
|   |   |   make = chevrolet: 0 (0.0)
|   |   |   make = dodge: 0 (0.0)
|   |   |   make = honda: 0 (1.0)
|   |   |   make = isuzu: 0 (0.0)
|   |   |   make = jaguar: 0 (0.0)
|   |   |   make = mazda: 0 (2.0)
|   |   |   make = mercedes-benz: 0 (0.0)
|   |   |   make = mercury: 0 (0.0)
|   |   |   make = mitsubishi: 1 (1.0)
|   |   |   make = nissan: 0 (3.0)
|   |   |   make = peugot: 0 (0.0)
|   |   |   make = plymouth: 0 (0.0)
|   |   |   make = porsche: 0 (0.0)
|   |   |   make = renault: 0 (1.0)
|   |   |   make = saab: 2 (2.0)
|   |   |   make = subaru: 0 (4.0)
|   |   |   make = toyota: 0 (5.0)
|   |   |   make = volkswagen: 2 (4.0/1.0)
|   |   |   make = volvo: 0 (0.0)
|   wheel-base > 101.2
|   |   compression-ratio <= 8.4: 0 (13.0/3.0)
|   |   compression-ratio > 8.4
|   |   |   make = alfa-romero: -1 (0.0)
|   |   |   make = audi: 1 (1.0)
|   |   |   make = bmw: -1 (0.0)
|   |   |   make = chevrolet: -1 (0.0)
|   |   |   make = dodge: -1 (1.0)
|   |   |   make = honda: -1 (0.0)
|   |   |   make = isuzu: -1 (0.0)
|   |   |   make = jaguar: -1 (0.0)
|   |   |   make = mazda: -1 (0.0)
|   |   |   make = mercedes-benz: -1 (1.0)
|   |   |   make = mercury: -1 (0.0)
|   |   |   make = mitsubishi: -1 (0.0)
|   |   |   make = nissan: -1 (0.0)
|   |   |   make = peugot: -1 (0.0)
|   |   |   make = plymouth: -1 (1.0)
|   |   |   make = porsche: -1 (0.0)
|   |   |   make = renault: -1 (0.0)
|   |   |   make = saab: -1 (0.0)
|   |   |   make = subaru: -1 (0.0)
|   |   |   make = toyota: -1 (4.0)
|   |   |   make = volkswagen: -1 (0.0)
|   |   |   make = volvo: -1 (4.0/1.0)
num-of-doors = two
|   city-mpg <= 22: 3 (17.0/5.0)
|   city-mpg > 22
|   |   compression-ratio <= 8.5: 3 (3.0/1.0)
|   |   compression-ratio > 8.5
|   |   |   bore <= 3.43
|   |   |   |   bore <= 3.01
|   |   |   |   |   normalized-losses <= 119: 1 (2.0)
|   |   |   |   |   normalized-losses > 119: 2 (5.0)
|   |   |   |   bore > 3.01
|   |   |   |   |   make = alfa-romero: 1 (0.0)
|   |   |   |   |   make = audi: 1 (0.0)
|   |   |   |   |   make = bmw: 1 (0.0)
|   |   |   |   |   make = chevrolet: 1 (1.0)
|   |   |   |   |   make = dodge: 1 (0.0)
|   |   |   |   |   make = honda: 0 (2.0/1.0)
|   |   |   |   |   make = isuzu: 1 (0.0)
|   |   |   |   |   make = jaguar: 1 (0.0)
|   |   |   |   |   make = mazda: 1 (3.0)
|   |   |   |   |   make = mercedes-benz: 1 (0.0)
|   |   |   |   |   make = mercury: 1 (0.0)
|   |   |   |   |   make = mitsubishi: 1 (0.0)
|   |   |   |   |   make = nissan: 1 (3.0)
|   |   |   |   |   make = peugot: 1 (0.0)
|   |   |   |   |   make = plymouth: 1 (0.0)
|   |   |   |   |   make = porsche: 1 (0.0)
|   |   |   |   |   make = renault: 1 (0.0)
|   |   |   |   |   make = saab: 1 (0.0)
|   |   |   |   |   make = subaru: 1 (0.0)
|   |   |   |   |   make = toyota: 1 (3.0)
|   |   |   |   |   make = volkswagen: 1 (0.0)
|   |   |   |   |   make = volvo: 1 (0.0)
|   |   |   bore > 3.43: 2 (5.0)

Number of Leaves  : 	74

Size of the tree : 	87


Time taken to build model: 0.11 seconds
Time taken to test model on training data: 0.04 seconds

=== Error on training data ===

Correctly Classified Instances         167               81.4634 %
Incorrectly Classified Instances        38               18.5366 %
Kappa statistic                          0.7631
Mean absolute error                      0.0681
Root mean squared error                  0.2051
Relative absolute error                 30.8126 %
Root relative squared error             61.8304 %
Total Number of Instances              205     


=== Confusion Matrix ===

  a  b  c  d  e  f  g   <-- classified as
  0  0  0  0  0  0  0 |  a = -3
  0  0  2  1  0  0  0 |  b = -2
  0  0 19  2  1  0  0 |  c = -1
  0  0  6 53  0  3  5 |  d = 0
  0  0  1  4 40  1  8 |  e = 1
  0  0  0  0  3 28  1 |  f = 2
  0  0  0  0  0  0 27 |  g = 3



=== Stratified cross-validation ===

Correctly Classified Instances         144               70.2439 %
Incorrectly Classified Instances        61               29.7561 %
Kappa statistic                          0.6135
Mean absolute error                      0.1004
Root mean squared error                  0.2627
Relative absolute error                 45.4153 %
Root relative squared error             79.139  %
Total Number of Instances              205     


=== Confusion Matrix ===

  a  b  c  d  e  f  g   <-- classified as
  0  0  0  0  0  0  0 |  a = -3
  0  0  3  0  0  0  0 |  b = -2
  0  0 18  2  1  1  0 |  c = -1
  0  0  2 54  3  5  3 |  d = 0
  0  0  2  3 38  7  4 |  e = 1
  0  0  0  7 11 11  3 |  f = 2
  0  0  1  1  1  1 23 |  g = 3

