
Options: -R -M 3 -N 7 -S -A 

J48 pruned tree
------------------

num-of-doors = four
|   make = alfa-romero: 0 (0.0)
|   make = audi: 1 (4.0/1.0)
|   make = bmw: 0 (3.0/1.0)
|   make = chevrolet: 0 (1.0)
|   make = dodge: 1 (4.0/1.0)
|   make = honda: 0 (4.0)
|   make = isuzu: 0 (2.0)
|   make = jaguar: 0 (2.0)
|   make = mazda: 0 (7.57/2.0)
|   make = mercedes-benz: -1 (5.0/1.0)
|   make = mercury: 0 (0.0)
|   make = mitsubishi: 1 (3.0/1.0)
|   make = nissan: 0 (9.0/4.0)
|   make = peugot: 0 (10.0)
|   make = plymouth: 1 (4.0/1.0)
|   make = porsche: 0 (0.0)
|   make = renault: 0 (1.0)
|   make = saab: 2 (3.0)
|   make = subaru: 0 (8.0)
|   make = toyota
|   |   wheel-base <= 98.8: 0 (9.0/1.0)
|   |   wheel-base > 98.8: -1 (5.0)
|   make = volkswagen
|   |   curb-weight <= 2304: 2 (3.0)
|   |   curb-weight > 2304: 0 (3.0/1.0)
|   make = volvo: -1 (9.0/2.0)
num-of-doors = two
|   city-mpg <= 22
|   |   wheel-base <= 99.1: 3 (20.0/2.0)
|   |   wheel-base > 99.1: 0 (10.0/6.0)
|   city-mpg > 22
|   |   compression-ratio <= 8.5
|   |   |   aspiration = std: 3 (3.0)
|   |   |   aspiration = turbo: 1 (3.0/1.0)
|   |   compression-ratio > 8.5
|   |   |   bore <= 3.39: 1 (29.43/9.43)
|   |   |   bore > 3.39: 2 (11.0)

Number of Leaves  : 	30

Size of the tree : 	39


Time taken to build model: 0.16 seconds
Time taken to test model on training data: 0.05 seconds

=== Error on training data ===

Correctly Classified Instances         166               80.9756 %
Incorrectly Classified Instances        39               19.0244 %
Kappa statistic                          0.7486
Mean absolute error                      0.155 
Root mean squared error                  0.2435
Relative absolute error                 70.1575 %
Root relative squared error             73.3908 %
Total Number of Instances              205     


=== Confusion Matrix ===

  a  b  c  d  e  f  g   <-- classified as
  0  0  0  0  0  0  0 |  a = -3
  0  0  3  0  0  0  0 |  b = -2
  0  0 19  0  3  0  0 |  c = -1
  0  0  1 63  3  0  0 |  d = 0
  0  0  0 11 41  0  2 |  e = 1
  0  0  0  2 11 19  0 |  f = 2
  0  0  0  2  1  0 24 |  g = 3



=== Stratified cross-validation ===

Correctly Classified Instances         139               67.8049 %
Incorrectly Classified Instances        66               32.1951 %
Kappa statistic                          0.5772
Mean absolute error                      0.1735
Root mean squared error                  0.2757
Relative absolute error                 78.4566 %
Root relative squared error             83.0623 %
Total Number of Instances              205     


=== Confusion Matrix ===

  a  b  c  d  e  f  g   <-- classified as
  0  0  0  0  0  0  0 |  a = -3
  0  0  3  0  0  0  0 |  b = -2
  0  0 18  1  2  1  0 |  c = -1
  0  0  1 53  7  3  3 |  d = 0
  0  0  1  8 38  3  4 |  e = 1
  0  0  0  5 14 11  2 |  f = 2
  0  0  1  2  4  1 19 |  g = 3

