
Options: -R -B -M 7 -N 3 -L -S 

J48 pruned tree
------------------

make = volvo: -1 (7.0/2.0)
make != volvo
|   num-of-doors = four
|   |   height <= 51.6: 1 (7.56/1.0)
|   |   height > 51.6
|   |   |   num-of-cylinders = five: -1 (7.0/4.0)
|   |   |   num-of-cylinders != five
|   |   |   |   curb-weight <= 2050.0: 1 (9.0/4.0)
|   |   |   |   curb-weight > 2050.0: 0 (49.0/12.0)
|   num-of-doors != four
|   |   city-mpg <= 22.0: 3 (23.0/7.0)
|   |   city-mpg > 22.0
|   |   |   bore <= 3.39: 1 (26.44/9.0)
|   |   |   bore > 3.39: 2 (8.0)

Number of Leaves  : 	8

Size of the tree : 	15


Time taken to build model: 0.07 seconds
Time taken to test model on training data: 0.05 seconds

=== Error on training data ===

Correctly Classified Instances         146               71.2195 %
Incorrectly Classified Instances        59               28.7805 %
Kappa statistic                          0.6193
Mean absolute error                      0.122 
Root mean squared error                  0.2496
Relative absolute error                 55.2347 %
Root relative squared error             75.2207 %
Total Number of Instances              205     


=== Confusion Matrix ===

  a  b  c  d  e  f  g   <-- classified as
  0  0  0  0  0  0  0 |  a = -3
  0  0  3  0  0  0  0 |  b = -2
  0  0 11 10  1  0  0 |  c = -1
  0  0  1 55  6  0  5 |  d = 0
  0  0  3  1 45  0  5 |  e = 1
  0  0  1  9  9 12  1 |  f = 2
  0  0  0  0  4  0 23 |  g = 3



=== Stratified cross-validation ===

Correctly Classified Instances         118               57.561  %
Incorrectly Classified Instances        87               42.439  %
Kappa statistic                          0.4417
Mean absolute error                      0.1501
Root mean squared error                  0.2977
Relative absolute error                 67.8959 %
Root relative squared error             89.6819 %
Total Number of Instances              205     


=== Confusion Matrix ===

  a  b  c  d  e  f  g   <-- classified as
  0  0  0  0  0  0  0 |  a = -3
  0  0  0  3  0  0  0 |  b = -2
  0  0 13  9  0  0  0 |  c = -1
  0  0  6 46  6  3  6 |  d = 0
  0  0  3  9 32  1  9 |  e = 1
  0  0  0 10 14  6  2 |  f = 2
  0  0  0  2  1  3 21 |  g = 3

