
Options: -R -B -M 6 -N 2 -A 

J48 pruned tree
------------------

make = volvo: -1 (6.0/2.0)
make != volvo
|   num-of-doors = four
|   |   curb-weight <= 2050.0: 1 (9.0/2.0)
|   |   curb-weight > 2050.0
|   |   |   wheel-base <= 101.2
|   |   |   |   fuel-system = 2bbl: 0 (12.0/1.0)
|   |   |   |   fuel-system != 2bbl
|   |   |   |   |   height <= 55.1: 0 (7.0/1.0)
|   |   |   |   |   height > 55.1: 2 (6.0/1.0)
|   |   |   wheel-base > 101.2: 0 (19.0/9.0)
|   num-of-doors != four
|   |   city-mpg <= 22.0: 3 (17.0/5.0)
|   |   city-mpg > 22.0
|   |   |   fuel-system = 2bbl: 1 (14.0/3.0)
|   |   |   fuel-system != 2bbl
|   |   |   |   wheel-base <= 96.3: 1 (7.0/4.0)
|   |   |   |   wheel-base > 96.3: 2 (6.0/1.0)

Number of Leaves  : 	10

Size of the tree : 	19


Time taken to build model: 0.11 seconds
Time taken to test model on training data: 0.04 seconds

=== Error on training data ===

Correctly Classified Instances         141               68.7805 %
Incorrectly Classified Instances        64               31.2195 %
Kappa statistic                          0.5861
Mean absolute error                      0.1706
Root mean squared error                  0.2693
Relative absolute error                 77.2302 %
Root relative squared error             81.1665 %
Total Number of Instances              205     


=== Confusion Matrix ===

  a  b  c  d  e  f  g   <-- classified as
  0  0  0  0  0  0  0 |  a = -3
  0  0  3  0  0  0  0 |  b = -2
  0  0  8 14  0  0  0 |  c = -1
  0  0  0 53  4  5  5 |  d = 0
  0  0  0  9 40  0  5 |  e = 1
  0  0  0  2 12 17  1 |  f = 2
  0  0  0  0  4  0 23 |  g = 3



=== Stratified cross-validation ===

Correctly Classified Instances         125               60.9756 %
Incorrectly Classified Instances        80               39.0244 %
Kappa statistic                          0.4773
Mean absolute error                      0.1792
Root mean squared error                  0.2883
Relative absolute error                 81.0734 %
Root relative squared error             86.8599 %
Total Number of Instances              205     


=== Confusion Matrix ===

  a  b  c  d  e  f  g   <-- classified as
  0  0  0  0  0  0  0 |  a = -3
  0  0  0  3  0  0  0 |  b = -2
  0  0  7 14  1  0  0 |  c = -1
  0  0  4 57  0  2  4 |  d = 0
  0  0  1 11 32  5  5 |  e = 1
  0  0  0 11 11  8  2 |  f = 2
  0  0  0  0  2  4 21 |  g = 3

