
Options: -B -C 0.40 -M 9 -L -S -A 

J48 pruned tree
------------------

make = volvo: -1 (11.0/3.0)
make != volvo
|   num-of-doors = four
|   |   height <= 51.6: 1 (10.54/1.0)
|   |   height > 51.6
|   |   |   wheel-base <= 101.2
|   |   |   |   curb-weight <= 2050.0: 1 (11.0/4.0)
|   |   |   |   curb-weight > 2050.0
|   |   |   |   |   height <= 55.6: 0 (35.54/2.0)
|   |   |   |   |   height > 55.6: 2 (12.0/4.0)
|   |   |   wheel-base > 101.2
|   |   |   |   bore <= 3.39: -1 (13.0/4.0)
|   |   |   |   bore > 3.39: 0 (22.0/4.0)
|   num-of-doors != four
|   |   city-mpg <= 22.0
|   |   |   wheel-base <= 99.1: 3 (23.0/2.0)
|   |   |   wheel-base > 99.1: 0 (11.0/6.0)
|   |   city-mpg > 22.0
|   |   |   bore <= 3.39
|   |   |   |   engine-size <= 103.0: 1 (33.46/8.0)
|   |   |   |   engine-size > 103.0: 3 (10.46/6.46)
|   |   |   bore > 3.39: 2 (12.0)

Number of Leaves  : 	12

Size of the tree : 	23


Time taken to build model: 0.2 seconds
Time taken to test model on training data: 0.07 seconds

=== Error on training data ===

Correctly Classified Instances         161               78.5366 %
Incorrectly Classified Instances        44               21.4634 %
Kappa statistic                          0.7203
Mean absolute error                      0.1291
Root mean squared error                  0.2235
Relative absolute error                 58.4291 %
Root relative squared error             67.3727 %
Total Number of Instances              205     


=== Confusion Matrix ===

  a  b  c  d  e  f  g   <-- classified as
  0  0  0  0  0  0  0 |  a = -3
  0  0  3  0  0  0  0 |  b = -2
  0  0 17  4  1  0  0 |  c = -1
  0  0  0 57  4  4  2 |  d = 0
  0  0  4  3 42  0  5 |  e = 1
  0  0  0  3  8 20  1 |  f = 2
  0  0  0  2  0  0 25 |  g = 3



=== Stratified cross-validation ===

Correctly Classified Instances         147               71.7073 %
Incorrectly Classified Instances        58               28.2927 %
Kappa statistic                          0.6273
Mean absolute error                      0.1499
Root mean squared error                  0.2572
Relative absolute error                 67.8088 %
Root relative squared error             77.4926 %
Total Number of Instances              205     


=== Confusion Matrix ===

  a  b  c  d  e  f  g   <-- classified as
  0  0  0  0  0  0  0 |  a = -3
  0  0  3  0  0  0  0 |  b = -2
  0  0 17  4  1  0  0 |  c = -1
  0  0  1 57  5  3  1 |  d = 0
  0  0  4  7 36  2  5 |  e = 1
  0  0  0  9  6 17  0 |  f = 2
  0  0  0  3  4  0 20 |  g = 3

