
Options: -R -B -M 9 -N 7 -S -A 

J48 pruned tree
------------------

make = volvo: -1 (9.0/2.0)
make != volvo
|   num-of-doors = four
|   |   height <= 51.6: 1 (9.0/1.0)
|   |   height > 51.6
|   |   |   wheel-base <= 101.2: 0 (50.54/15.0)
|   |   |   wheel-base > 101.2
|   |   |   |   bore <= 3.39: -1 (11.0/4.0)
|   |   |   |   bore > 3.39: 0 (20.0/4.0)
|   num-of-doors != four
|   |   city-mpg <= 22.0
|   |   |   wheel-base <= 99.1: 3 (20.0/2.0)
|   |   |   wheel-base > 99.1: 0 (10.0/6.0)
|   |   city-mpg > 22.0
|   |   |   bore <= 3.39: 1 (35.46/13.46)
|   |   |   bore > 3.39: 2 (11.0)

Number of Leaves  : 	9

Size of the tree : 	17


Time taken to build model: 0.3 seconds
Time taken to test model on training data: 0.05 seconds

=== Error on training data ===

Correctly Classified Instances         153               74.6341 %
Incorrectly Classified Instances        52               25.3659 %
Kappa statistic                          0.6606
Mean absolute error                      0.1467
Root mean squared error                  0.2467
Relative absolute error                 66.4043 %
Root relative squared error             74.3567 %
Total Number of Instances              205     


=== Confusion Matrix ===

  a  b  c  d  e  f  g   <-- classified as
  0  0  0  0  0  0  0 |  a = -3
  0  0  3  0  0  0  0 |  b = -2
  0  0 17  4  1  0  0 |  c = -1
  0  0  0 65  2  0  0 |  d = 0
  0  0  4 10 38  0  2 |  e = 1
  0  0  0 11  9 12  0 |  f = 2
  0  0  0  2  4  0 21 |  g = 3



=== Stratified cross-validation ===

Correctly Classified Instances         119               58.0488 %
Incorrectly Classified Instances        86               41.9512 %
Kappa statistic                          0.4504
Mean absolute error                      0.1706
Root mean squared error                  0.2837
Relative absolute error                 77.1801 %
Root relative squared error             85.4923 %
Total Number of Instances              205     


=== Confusion Matrix ===

  a  b  c  d  e  f  g   <-- classified as
  0  0  0  0  0  0  0 |  a = -3
  0  0  3  0  0  0  0 |  b = -2
  0  0 15  6  1  0  0 |  c = -1
  0  0  9 47  5  3  3 |  d = 0
  0  0  4 10 32  4  4 |  e = 1
  0  0  0 11 13  6  2 |  f = 2
  0  0  0  1  4  3 19 |  g = 3

