
Options: -R -M 1 -N 2 -S 

J48 pruned tree
------------------

num-of-doors = four
|   wheel-base <= 101.2
|   |   curb-weight <= 2050
|   |   |   horsepower <= 69: 1 (7.0)
|   |   |   horsepower > 69: 0 (2.0)
|   |   curb-weight > 2050
|   |   |   make = alfa-romero: 0 (0.0)
|   |   |   make = audi: 2 (1.0)
|   |   |   make = bmw: 0 (1.0)
|   |   |   make = chevrolet: 0 (0.0)
|   |   |   make = dodge: 0 (0.0)
|   |   |   make = honda: 0 (1.0)
|   |   |   make = isuzu: 0 (0.0)
|   |   |   make = jaguar: 0 (0.0)
|   |   |   make = mazda: 0 (2.0)
|   |   |   make = mercedes-benz: 0 (0.0)
|   |   |   make = mercury: 0 (0.0)
|   |   |   make = mitsubishi: 1 (1.0)
|   |   |   make = nissan: 0 (3.0)
|   |   |   make = peugot: 0 (0.0)
|   |   |   make = plymouth: 0 (0.0)
|   |   |   make = porsche: 0 (0.0)
|   |   |   make = renault: 0 (1.0)
|   |   |   make = saab: 2 (2.0)
|   |   |   make = subaru: 0 (4.0)
|   |   |   make = toyota: 0 (5.0)
|   |   |   make = volkswagen: 2 (4.0/1.0)
|   |   |   make = volvo: 0 (0.0)
|   wheel-base > 101.2
|   |   compression-ratio <= 8.4: 0 (13.0/3.0)
|   |   compression-ratio > 8.4
|   |   |   length <= 191.7
|   |   |   |   drive-wheels = 4wd: -1 (0.0)
|   |   |   |   drive-wheels = fwd: -1 (5.0)
|   |   |   |   drive-wheels = rwd
|   |   |   |   |   normalized-losses <= 98: -1 (5.0)
|   |   |   |   |   normalized-losses > 98: -2 (1.0)
|   |   |   length > 191.7: 1 (1.0)
num-of-doors = two
|   city-mpg <= 22: 3 (17.0/5.0)
|   city-mpg > 22
|   |   compression-ratio <= 8.5
|   |   |   normalized-losses <= 134: 1 (1.0)
|   |   |   normalized-losses > 134: 3 (2.0)
|   |   compression-ratio > 8.5
|   |   |   bore <= 3.43
|   |   |   |   bore <= 3.01
|   |   |   |   |   normalized-losses <= 119: 1 (2.0)
|   |   |   |   |   normalized-losses > 119: 2 (5.0)
|   |   |   |   bore > 3.01
|   |   |   |   |   fuel-system = 1bbl: 0 (1.0)
|   |   |   |   |   fuel-system = 2bbl: 1 (10.0)
|   |   |   |   |   fuel-system = 4bbl: 1 (0.0)
|   |   |   |   |   fuel-system = idi: 1 (0.0)
|   |   |   |   |   fuel-system = mfi: 1 (0.0)
|   |   |   |   |   fuel-system = mpfi: 1 (1.0)
|   |   |   |   |   fuel-system = spdi: 1 (0.0)
|   |   |   |   |   fuel-system = spfi: 1 (0.0)
|   |   |   bore > 3.43: 2 (5.0)

Number of Leaves  : 	44

Size of the tree : 	60


Time taken to build model: 0.16 seconds
Time taken to test model on training data: 0.05 seconds

=== Error on training data ===

Correctly Classified Instances         171               83.4146 %
Incorrectly Classified Instances        34               16.5854 %
Kappa statistic                          0.788 
Mean absolute error                      0.0604
Root mean squared error                  0.202 
Relative absolute error                 27.3576 %
Root relative squared error             60.8966 %
Total Number of Instances              205     


=== Confusion Matrix ===

  a  b  c  d  e  f  g   <-- classified as
  0  0  0  0  0  0  0 |  a = -3
  0  2  0  1  0  0  0 |  b = -2
  0  0 18  2  2  0  0 |  c = -1
  0  3  1 53  2  3  5 |  d = 0
  0  0  1  2 43  1  7 |  e = 1
  0  0  0  0  3 28  1 |  f = 2
  0  0  0  0  0  0 27 |  g = 3



=== Stratified cross-validation ===

Correctly Classified Instances         146               71.2195 %
Incorrectly Classified Instances        59               28.7805 %
Kappa statistic                          0.6278
Mean absolute error                      0.0963
Root mean squared error                  0.2651
Relative absolute error                 43.5689 %
Root relative squared error             79.8784 %
Total Number of Instances              205     


=== Confusion Matrix ===

  a  b  c  d  e  f  g   <-- classified as
  0  0  0  0  0  0  0 |  a = -3
  0  2  1  0  0  0  0 |  b = -2
  0  0 18  2  1  1  0 |  c = -1
  0  0  3 53  3  5  3 |  d = 0
  0  0  1  5 37  8  3 |  e = 1
  0  0  0  5 10 14  3 |  f = 2
  0  0  1  0  1  3 22 |  g = 3

