
Options: -R -M 4 -N 8 

J48 pruned tree
------------------

num-of-doors = four
|   width <= 64.2
|   |   width <= 63.6: 0 (7.0/1.0)
|   |   width > 63.6: 1 (11.54/1.0)
|   width > 64.2
|   |   make = alfa-romero: 0 (0.0)
|   |   make = audi: 1 (4.0/2.0)
|   |   make = bmw: 0 (5.0/1.0)
|   |   make = chevrolet: 0 (0.0)
|   |   make = dodge: -1 (1.0)
|   |   make = honda: 0 (1.0)
|   |   make = isuzu: 0 (0.0)
|   |   make = jaguar: 0 (2.0)
|   |   make = mazda: 0 (4.54)
|   |   make = mercedes-benz: -1 (3.0/1.0)
|   |   make = mercury: 0 (0.0)
|   |   make = mitsubishi: 1 (3.0/1.0)
|   |   make = nissan: 0 (4.0)
|   |   make = peugot: 0 (10.0)
|   |   make = plymouth: -1 (1.0)
|   |   make = porsche: 0 (0.0)
|   |   make = renault: 0 (1.0)
|   |   make = saab: 2 (2.0)
|   |   make = subaru: 0 (8.0)
|   |   make = toyota
|   |   |   wheel-base <= 98.8: 0 (6.0)
|   |   |   wheel-base > 98.8: -1 (7.0)
|   |   make = volkswagen: 2 (7.0/3.0)
|   |   make = volvo: -1 (10.0/3.0)
num-of-doors = two
|   city-mpg <= 22: 3 (30.0/10.0)
|   city-mpg > 22
|   |   bore <= 3.39: 1 (40.91/15.46)
|   |   bore > 3.39: 2 (11.0)

Number of Leaves  : 	28

Size of the tree : 	35


Time taken to build model: 0.15 seconds
Time taken to test model on training data: 0.03 seconds

=== Error on training data ===

Correctly Classified Instances         165               80.4878 %
Incorrectly Classified Instances        40               19.5122 %
Kappa statistic                          0.7473
Mean absolute error                      0.0858
Root mean squared error                  0.2057
Relative absolute error                 38.8499 %
Root relative squared error             61.9887 %
Total Number of Instances              205     


=== Confusion Matrix ===

  a  b  c  d  e  f  g   <-- classified as
  0  0  0  0  0  0  0 |  a = -3
  0  0  3  0  0  0  0 |  b = -2
  0  0 21  0  1  0  0 |  c = -1
  0  0  1 54  4  3  5 |  d = 0
  0  0  0  2 47  0  5 |  e = 1
  0  0  0  0 11 20  1 |  f = 2
  0  0  0  0  4  0 23 |  g = 3



=== Stratified cross-validation ===

Correctly Classified Instances         146               71.2195 %
Incorrectly Classified Instances        59               28.7805 %
Kappa statistic                          0.623 
Mean absolute error                      0.1098
Root mean squared error                  0.2512
Relative absolute error                 49.6749 %
Root relative squared error             75.6982 %
Total Number of Instances              205     


=== Confusion Matrix ===

  a  b  c  d  e  f  g   <-- classified as
  0  0  0  0  0  0  0 |  a = -3
  0  0  3  0  0  0  0 |  b = -2
  0  1 16  2  3  0  0 |  c = -1
  0  0  1 55  3  3  5 |  d = 0
  0  0  1  8 41  0  4 |  e = 1
  0  0  0  4 13 12  3 |  f = 2
  0  0  1  0  3  1 22 |  g = 3

