
Options: -R -B -M 6 -N 4 

J48 pruned tree
------------------

make = volvo: -1 (8.0/2.0)
make != volvo
|   height <= 50.2: 3 (15.0/2.0)
|   height > 50.2
|   |   wheel-base <= 95.1: 1 (43.0/14.0)
|   |   wheel-base > 95.1
|   |   |   num-of-doors = four: 0 (65.75/24.0)
|   |   |   num-of-doors != four
|   |   |   |   length <= 180.3: 2 (16.25/8.25)
|   |   |   |   length > 180.3: 3 (6.0/2.0)

Number of Leaves  : 	6

Size of the tree : 	11


Time taken to build model: 0.21 seconds
Time taken to test model on training data: 0.03 seconds

=== Error on training data ===

Correctly Classified Instances         135               65.8537 %
Incorrectly Classified Instances        70               34.1463 %
Kappa statistic                          0.5427
Mean absolute error                      0.1446
Root mean squared error                  0.2694
Relative absolute error                 65.4347 %
Root relative squared error             81.1904 %
Total Number of Instances              205     


=== Confusion Matrix ===

  a  b  c  d  e  f  g   <-- classified as
  0  0  0  0  0  0  0 |  a = -3
  0  0  3  0  0  0  0 |  b = -2
  0  0  8 14  0  0  0 |  c = -1
  0  0  0 57  3  4  3 |  d = 0
  0  0  0  8 37  7  2 |  e = 1
  0  0  0 10 10 12  0 |  f = 2
  0  0  0  0  5  1 21 |  g = 3



=== Stratified cross-validation ===

Correctly Classified Instances         127               61.9512 %
Incorrectly Classified Instances        78               38.0488 %
Kappa statistic                          0.4914
Mean absolute error                      0.1405
Root mean squared error                  0.282 
Relative absolute error                 63.5601 %
Root relative squared error             84.9762 %
Total Number of Instances              205     


=== Confusion Matrix ===

  a  b  c  d  e  f  g   <-- classified as
  0  0  0  0  0  0  0 |  a = -3
  0  0  2  1  0  0  0 |  b = -2
  0  0 10 11  1  0  0 |  c = -1
  0  0  0 56  4  3  4 |  d = 0
  0  0  2 12 32  3  5 |  e = 1
  0  0  0 10 11  8  3 |  f = 2
  0  0  0  1  4  1 21 |  g = 3

