
Options: -R -M 6 -N 5 -L 

J48 pruned tree
------------------

num-of-doors = four
|   wheel-base <= 101.2
|   |   height <= 51.6: 1 (6.55)
|   |   height > 51.6
|   |   |   curb-weight <= 2050: 1 (9.0/3.0)
|   |   |   curb-weight > 2050
|   |   |   |   width <= 65.4: 0 (23.0)
|   |   |   |   width > 65.4
|   |   |   |   |   width <= 66.4: 2 (6.0)
|   |   |   |   |   width > 66.4: 0 (9.55/2.0)
|   wheel-base > 101.2
|   |   make = alfa-romero: -1 (0.0)
|   |   make = audi: 1 (2.0)
|   |   make = bmw: 0 (2.0)
|   |   make = chevrolet: -1 (0.0)
|   |   make = dodge: -1 (1.0)
|   |   make = honda: -1 (0.0)
|   |   make = isuzu: -1 (0.0)
|   |   make = jaguar: 0 (1.0)
|   |   make = mazda: 0 (1.0)
|   |   make = mercedes-benz: -1 (5.0/1.0)
|   |   make = mercury: -1 (0.0)
|   |   make = mitsubishi: -1 (0.0)
|   |   make = nissan: -1 (0.0)
|   |   make = peugot: 0 (9.0)
|   |   make = plymouth: -1 (0.0)
|   |   make = porsche: -1 (0.0)
|   |   make = renault: -1 (0.0)
|   |   make = saab: -1 (0.0)
|   |   make = subaru: -1 (0.0)
|   |   make = toyota: -1 (7.0)
|   |   make = volkswagen: -1 (0.0)
|   |   make = volvo: -1 (8.0/2.0)
num-of-doors = two
|   city-mpg <= 22: 3 (28.0/9.0)
|   city-mpg > 22
|   |   bore <= 3.39: 1 (35.9/11.45)
|   |   bore > 3.39: 2 (10.0)

Number of Leaves  : 	30

Size of the tree : 	39


Time taken to build model: 0.17 seconds
Time taken to test model on training data: 0.04 seconds

=== Error on training data ===

Correctly Classified Instances         166               80.9756 %
Incorrectly Classified Instances        39               19.0244 %
Kappa statistic                          0.7527
Mean absolute error                      0.0795
Root mean squared error                  0.2046
Relative absolute error                 35.9938 %
Root relative squared error             61.6678 %
Total Number of Instances              205     


=== Confusion Matrix ===

  a  b  c  d  e  f  g   <-- classified as
  0  0  0  0  0  0  0 |  a = -3
  0  0  3  0  0  0  0 |  b = -2
  0  0 21  0  1  0  0 |  c = -1
  0  0  1 55  6  0  5 |  d = 0
  0  0  0  1 48  0  5 |  e = 1
  0  0  0  3  9 19  1 |  f = 2
  0  0  0  0  4  0 23 |  g = 3



=== Stratified cross-validation ===

Correctly Classified Instances         131               63.9024 %
Incorrectly Classified Instances        74               36.0976 %
Kappa statistic                          0.5282
Mean absolute error                      0.1188
Root mean squared error                  0.2633
Relative absolute error                 53.7197 %
Root relative squared error             79.3358 %
Total Number of Instances              205     


=== Confusion Matrix ===

  a  b  c  d  e  f  g   <-- classified as
  0  0  0  0  0  0  0 |  a = -3
  0  0  3  0  0  0  0 |  b = -2
  0  0 17  4  1  0  0 |  c = -1
  0  0  2 51  6  4  4 |  d = 0
  0  0  3  8 35  0  8 |  e = 1
  0  0  0  5 14  9  4 |  f = 2
  0  0  2  1  5  0 19 |  g = 3

