
Options: -R -B -M 2 -N 3 -S -A 

J48 pruned tree
------------------

make = volvo
|   normalized-losses <= 98.0: -1 (5.0)
|   normalized-losses > 98.0: -2 (2.0)
make != volvo
|   num-of-doors = four
|   |   height <= 51.6: 1 (7.56/1.0)
|   |   height > 51.6
|   |   |   make = saab: 2 (2.0)
|   |   |   make != saab
|   |   |   |   make = audi: 1 (4.0/1.0)
|   |   |   |   make != audi
|   |   |   |   |   make = volkswagen
|   |   |   |   |   |   wheel-base <= 98.8: 2 (3.0)
|   |   |   |   |   |   wheel-base > 98.8: 0 (2.0)
|   |   |   |   |   make != volkswagen
|   |   |   |   |   |   num-of-cylinders = five: -1 (3.0)
|   |   |   |   |   |   num-of-cylinders != five
|   |   |   |   |   |   |   horsepower <= 69.0
|   |   |   |   |   |   |   |   curb-weight <= 2145.0: 1 (5.0)
|   |   |   |   |   |   |   |   curb-weight > 2145.0: 0 (3.16)
|   |   |   |   |   |   |   horsepower > 69.0
|   |   |   |   |   |   |   |   make = toyota
|   |   |   |   |   |   |   |   |   width <= 65.4: 0 (4.0)
|   |   |   |   |   |   |   |   |   width > 65.4: -1 (5.0)
|   |   |   |   |   |   |   |   make != toyota: 0 (33.84/1.0)
|   num-of-doors != four
|   |   body-style = convertible: 3 (5.0)
|   |   body-style != convertible
|   |   |   height <= 50.2: 3 (10.0/1.0)
|   |   |   height > 50.2
|   |   |   |   make = saab: 3 (2.0)
|   |   |   |   make != saab
|   |   |   |   |   num-of-cylinders = six
|   |   |   |   |   |   height <= 52.0: 3 (2.0)
|   |   |   |   |   |   height > 52.0: 0 (2.0/1.0)
|   |   |   |   |   num-of-cylinders != six
|   |   |   |   |   |   make = audi: 0 (2.0/1.0)
|   |   |   |   |   |   make != audi
|   |   |   |   |   |   |   make = subaru: 2 (2.0)
|   |   |   |   |   |   |   make != subaru
|   |   |   |   |   |   |   |   stroke <= 3.47
|   |   |   |   |   |   |   |   |   wheel-base <= 89.5: 2 (3.0)
|   |   |   |   |   |   |   |   |   wheel-base > 89.5
|   |   |   |   |   |   |   |   |   |   width <= 64.2: 1 (16.44)
|   |   |   |   |   |   |   |   |   |   width > 64.2
|   |   |   |   |   |   |   |   |   |   |   width <= 66.0: 2 (5.0)
|   |   |   |   |   |   |   |   |   |   |   width > 66.0: 1 (3.0)
|   |   |   |   |   |   |   |   stroke > 3.47: 2 (5.0/1.0)

Number of Leaves  : 	25

Size of the tree : 	49


Time taken to build model: 0.13 seconds
Time taken to test model on training data: 0.03 seconds

=== Error on training data ===

Correctly Classified Instances         187               91.2195 %
Incorrectly Classified Instances        18                8.7805 %
Kappa statistic                          0.8856
Mean absolute error                      0.1313
Root mean squared error                  0.2156
Relative absolute error                 59.4255 %
Root relative squared error             64.996  %
Total Number of Instances              205     


=== Confusion Matrix ===

  a  b  c  d  e  f  g   <-- classified as
  0  0  0  0  0  0  0 |  a = -3
  0  3  0  0  0  0  0 |  b = -2
  0  0 18  3  1  0  0 |  c = -1
  0  0  0 63  0  3  1 |  d = 0
  0  0  0  2 50  1  1 |  e = 1
  0  0  0  1  3 27  1 |  f = 2
  0  0  0  0  1  0 26 |  g = 3



=== Stratified cross-validation ===

Correctly Classified Instances         134               65.3659 %
Incorrectly Classified Instances        71               34.6341 %
Kappa statistic                          0.5443
Mean absolute error                      0.1665
Root mean squared error                  0.2813
Relative absolute error                 75.3002 %
Root relative squared error             84.7526 %
Total Number of Instances              205     


=== Confusion Matrix ===

  a  b  c  d  e  f  g   <-- classified as
  0  0  0  0  0  0  0 |  a = -3
  0  0  3  0  0  0  0 |  b = -2
  0  0 16  5  1  0  0 |  c = -1
  0  0  1 53  5  3  5 |  d = 0
  0  0  2  7 36  2  7 |  e = 1
  0  0  0  7 13 12  0 |  f = 2
  0  0  1  1  6  2 17 |  g = 3

