
Options: -R -M 1 -N 7 

J48 pruned tree
------------------

num-of-doors = four
|   make = alfa-romero: 0 (0.0)
|   make = audi: 1 (4.0/1.0)
|   make = bmw: 0 (3.0/1.0)
|   make = chevrolet: 0 (1.0)
|   make = dodge: 1 (4.0/1.0)
|   make = honda: 0 (4.0)
|   make = isuzu: 0 (2.0)
|   make = jaguar: 0 (2.0)
|   make = mazda: 0 (7.57/2.0)
|   make = mercedes-benz: -1 (5.0/1.0)
|   make = mercury: 0 (0.0)
|   make = mitsubishi: 1 (3.0/1.0)
|   make = nissan: 0 (9.0/4.0)
|   make = peugot: 0 (10.0)
|   make = plymouth: 1 (4.0/1.0)
|   make = porsche: 0 (0.0)
|   make = renault: 0 (1.0)
|   make = saab: 2 (3.0)
|   make = subaru: 0 (8.0)
|   make = toyota
|   |   wheel-base <= 98.8: 0 (9.0/1.0)
|   |   wheel-base > 98.8: -1 (5.0)
|   make = volkswagen
|   |   wheel-base <= 98.8: 2 (4.0)
|   |   wheel-base > 98.8: 0 (2.0)
|   make = volvo
|   |   normalized-losses <= 98: -1 (7.0)
|   |   normalized-losses > 98: -2 (2.0)
num-of-doors = two
|   city-mpg <= 22
|   |   wheel-base <= 99.1: 3 (20.0/2.0)
|   |   wheel-base > 99.1: 0 (10.0/6.0)
|   city-mpg > 22
|   |   compression-ratio <= 8.5
|   |   |   stroke <= 3.39: 1 (2.0)
|   |   |   stroke > 3.39: 3 (4.0)
|   |   compression-ratio > 8.5
|   |   |   bore <= 3.39
|   |   |   |   width <= 64.2
|   |   |   |   |   num-of-cylinders = eight: 1 (0.0)
|   |   |   |   |   num-of-cylinders = five: 1 (0.0)
|   |   |   |   |   num-of-cylinders = four
|   |   |   |   |   |   wheel-base <= 89.5: 2 (1.0)
|   |   |   |   |   |   wheel-base > 89.5: 1 (19.0/1.0)
|   |   |   |   |   num-of-cylinders = six: 1 (0.0)
|   |   |   |   |   num-of-cylinders = three: 2 (1.0)
|   |   |   |   |   num-of-cylinders = twelve: 1 (0.0)
|   |   |   |   |   num-of-cylinders = two: 1 (0.0)
|   |   |   |   width > 64.2
|   |   |   |   |   engine-size <= 109: 2 (5.0)
|   |   |   |   |   engine-size > 109
|   |   |   |   |   |   fuel-system = 1bbl: 0 (1.0)
|   |   |   |   |   |   fuel-system = 2bbl: 1 (2.0)
|   |   |   |   |   |   fuel-system = 4bbl: 1 (0.0)
|   |   |   |   |   |   fuel-system = idi: 0 (0.43)
|   |   |   |   |   |   fuel-system = mfi: 1 (0.0)
|   |   |   |   |   |   fuel-system = mpfi: 1 (0.0)
|   |   |   |   |   |   fuel-system = spdi: 1 (0.0)
|   |   |   |   |   |   fuel-system = spfi: 1 (0.0)
|   |   |   bore > 3.39: 2 (11.0)

Number of Leaves  : 	47

Size of the tree : 	62


Time taken to build model: 0.15 seconds
Time taken to test model on training data: 0.06 seconds

=== Error on training data ===

Correctly Classified Instances         182               88.7805 %
Incorrectly Classified Instances        23               11.2195 %
Kappa statistic                          0.8529
Mean absolute error                      0.0469
Root mean squared error                  0.1513
Relative absolute error                 21.2293 %
Root relative squared error             45.6093 %
Total Number of Instances              205     


=== Confusion Matrix ===

  a  b  c  d  e  f  g   <-- classified as
  0  0  0  0  0  0  0 |  a = -3
  0  3  0  0  0  0  0 |  b = -2
  0  0 19  0  3  0  0 |  c = -1
  0  0  1 66  0  0  0 |  d = 0
  0  0  0 11 41  0  2 |  e = 1
  0  0  0  1  3 28  0 |  f = 2
  0  0  0  2  0  0 25 |  g = 3



=== Stratified cross-validation ===

Correctly Classified Instances         143               69.7561 %
Incorrectly Classified Instances        62               30.2439 %
Kappa statistic                          0.6037
Mean absolute error                      0.1016
Root mean squared error                  0.2558
Relative absolute error                 45.9703 %
Root relative squared error             77.0836 %
Total Number of Instances              205     


=== Confusion Matrix ===

  a  b  c  d  e  f  g   <-- classified as
  0  0  0  0  0  0  0 |  a = -3
  0  0  3  0  0  0  0 |  b = -2
  0  0 18  1  2  1  0 |  c = -1
  0  0  1 54  6  3  3 |  d = 0
  0  0  1  5 40  3  5 |  e = 1
  0  0  0  6 12 12  2 |  f = 2
  0  0  1  1  5  1 19 |  g = 3

