
Options: -B -C 0.20 -M 8 

J48 pruned tree
------------------

make = volvo: -1 (11.0/3.0)
make != volvo
|   num-of-doors = four
|   |   height <= 51.6: 1 (10.54/1.0)
|   |   height > 51.6
|   |   |   make = volkswagen: 2 (8.0/3.0)
|   |   |   make != volkswagen
|   |   |   |   curb-weight <= 2050.0: 1 (11.0/4.0)
|   |   |   |   curb-weight > 2050.0
|   |   |   |   |   wheel-base <= 101.2: 0 (39.54/5.0)
|   |   |   |   |   wheel-base > 101.2
|   |   |   |   |   |   bore <= 3.39: -1 (13.0/4.0)
|   |   |   |   |   |   bore > 3.39: 0 (22.0/4.0)
|   num-of-doors != four
|   |   city-mpg <= 22.0
|   |   |   wheel-base <= 99.1: 3 (23.0/2.0)
|   |   |   wheel-base > 99.1: 0 (11.0/6.0)
|   |   city-mpg > 22.0
|   |   |   bore <= 3.39: 1 (43.93/15.46)
|   |   |   bore > 3.39: 2 (12.0)

Number of Leaves  : 	11

Size of the tree : 	21


Time taken to build model: 0.19 seconds
Time taken to test model on training data: 0.05 seconds

=== Error on training data ===

Correctly Classified Instances         158               77.0732 %
Incorrectly Classified Instances        47               22.9268 %
Kappa statistic                          0.6973
Mean absolute error                      0.0977
Root mean squared error                  0.2205
Relative absolute error                 44.2105 %
Root relative squared error             66.4648 %
Total Number of Instances              205     


=== Confusion Matrix ===

  a  b  c  d  e  f  g   <-- classified as
  0  0  0  0  0  0  0 |  a = -3
  0  0  3  0  0  0  0 |  b = -2
  0  0 17  4  1  0  0 |  c = -1
  0  0  0 58  6  3  0 |  d = 0
  0  0  4  3 45  0  2 |  e = 1
  0  0  0  6  9 17  0 |  f = 2
  0  0  0  2  4  0 21 |  g = 3



=== Stratified cross-validation ===

Correctly Classified Instances         141               68.7805 %
Incorrectly Classified Instances        64               31.2195 %
Kappa statistic                          0.5919
Mean absolute error                      0.1154
Root mean squared error                  0.2584
Relative absolute error                 52.193  %
Root relative squared error             77.8419 %
Total Number of Instances              205     


=== Confusion Matrix ===

  a  b  c  d  e  f  g   <-- classified as
  0  0  0  0  0  0  0 |  a = -3
  0  0  3  0  0  0  0 |  b = -2
  0  0 16  4  1  1  0 |  c = -1
  0  0  2 55  5  3  2 |  d = 0
  0  0  4  7 33  5  5 |  e = 1
  0  0  0  5  8 18  1 |  f = 2
  0  0  0  2  5  1 19 |  g = 3

