
Options: -R -M 5 -N 9 -L 

J48 pruned tree
------------------

num-of-doors = four
|   make = alfa-romero: 0 (0.0)
|   make = audi: 1 (5.0/2.0)
|   make = bmw: 0 (4.0/1.0)
|   make = chevrolet: 0 (1.0)
|   make = dodge: 1 (3.57/1.0)
|   make = honda: 0 (4.0)
|   make = isuzu: 0 (1.0)
|   make = jaguar: 0 (2.0)
|   make = mazda: 0 (7.57/2.0)
|   make = mercedes-benz: -1 (5.0/1.0)
|   make = mercury: 0 (0.0)
|   make = mitsubishi: 1 (4.0/1.0)
|   make = nissan: 0 (8.0/3.0)
|   make = peugot: 0 (10.0)
|   make = plymouth: 1 (4.0/1.0)
|   make = porsche: 0 (0.0)
|   make = renault: 0 (1.0)
|   make = saab: 2 (2.0)
|   make = subaru: 0 (8.0)
|   make = toyota
|   |   wheel-base <= 98.8: 0 (10.0/1.0)
|   |   wheel-base > 98.8: -1 (6.0)
|   make = volkswagen: 2 (8.0/3.0)
|   make = volvo: -1 (10.0/3.0)
num-of-doors = two
|   city-mpg <= 22: 3 (32.0/10.0)
|   city-mpg > 22
|   |   bore <= 3.39
|   |   |   engine-size <= 103
|   |   |   |   bore <= 2.97
|   |   |   |   |   normalized-losses <= 119: 1 (6.0)
|   |   |   |   |   normalized-losses > 119: 2 (5.0)
|   |   |   |   bore > 2.97: 1 (16.43)
|   |   |   engine-size > 103: 1 (7.43/4.43)
|   |   bore > 3.39: 2 (12.0)

Number of Leaves  : 	29

Size of the tree : 	37


Time taken to build model: 0.15 seconds
Time taken to test model on training data: 0.05 seconds

=== Error on training data ===

Correctly Classified Instances         165               80.4878 %
Incorrectly Classified Instances        40               19.5122 %
Kappa statistic                          0.747 
Mean absolute error                      0.0756
Root mean squared error                  0.1978
Relative absolute error                 34.2115 %
Root relative squared error             59.6272 %
Total Number of Instances              205     


=== Confusion Matrix ===

  a  b  c  d  e  f  g   <-- classified as
  0  0  0  0  0  0  0 |  a = -3
  0  0  3  0  0  0  0 |  b = -2
  0  0 19  0  3  0  0 |  c = -1
  0  0  1 56  2  3  5 |  d = 0
  0  0  0  8 41  0  5 |  e = 1
  0  0  0  0  5 26  1 |  f = 2
  0  0  0  0  4  0 23 |  g = 3



=== Stratified cross-validation ===

Correctly Classified Instances         135               65.8537 %
Incorrectly Classified Instances        70               34.1463 %
Kappa statistic                          0.5471
Mean absolute error                      0.1236
Root mean squared error                  0.2669
Relative absolute error                 55.9258 %
Root relative squared error             80.4101 %
Total Number of Instances              205     


=== Confusion Matrix ===

  a  b  c  d  e  f  g   <-- classified as
  0  0  0  0  0  0  0 |  a = -3
  0  0  3  0  0  0  0 |  b = -2
  0  0 16  5  1  0  0 |  c = -1
  0  0  1 56  4  2  4 |  d = 0
  0  0  1 11 35  3  4 |  e = 1
  0  0  0  6 16  9  1 |  f = 2
  0  0  0  1  6  1 19 |  g = 3

