
Options: -R -B -M 6 -N 3 -L -S -A 

J48 pruned tree
------------------

make = volvo: -1 (7.0/2.0)
make != volvo
|   num-of-doors = four
|   |   height <= 51.6: 1 (7.56/1.0)
|   |   height > 51.6
|   |   |   num-of-cylinders = five: -1 (7.0/4.0)
|   |   |   num-of-cylinders != five
|   |   |   |   curb-weight <= 2050.0: 1 (9.0/4.0)
|   |   |   |   curb-weight > 2050.0
|   |   |   |   |   make = toyota
|   |   |   |   |   |   curb-weight <= 2280.0: 0 (6.0)
|   |   |   |   |   |   curb-weight > 2280.0: -1 (6.0/1.0)
|   |   |   |   |   make != toyota
|   |   |   |   |   |   drive-wheels = fwd
|   |   |   |   |   |   |   height <= 55.6: 0 (14.0/1.0)
|   |   |   |   |   |   |   height > 55.6: 2 (6.0/1.0)
|   |   |   |   |   |   drive-wheels != fwd: 0 (17.0)
|   num-of-doors != four
|   |   city-mpg <= 22.0
|   |   |   wheel-base <= 99.1: 3 (17.0/2.0)
|   |   |   wheel-base > 99.1: 0 (6.0/4.0)
|   |   city-mpg > 22.0
|   |   |   bore <= 3.39: 1 (26.44/9.0)
|   |   |   bore > 3.39: 2 (8.0)

Number of Leaves  : 	13

Size of the tree : 	25


Time taken to build model: 0.23 seconds
Time taken to test model on training data: 0.06 seconds

=== Error on training data ===

Correctly Classified Instances         161               78.5366 %
Incorrectly Classified Instances        44               21.4634 %
Kappa statistic                          0.7192
Mean absolute error                      0.1463
Root mean squared error                  0.2376
Relative absolute error                 66.2236 %
Root relative squared error             71.6303 %
Total Number of Instances              205     


=== Confusion Matrix ===

  a  b  c  d  e  f  g   <-- classified as
  0  0  0  0  0  0  0 |  a = -3
  0  0  3  0  0  0  0 |  b = -2
  0  0 18  1  1  2  0 |  c = -1
  0  0  3 57  6  1  0 |  d = 0
  0  0  3  4 45  0  2 |  e = 1
  0  0  1  2  9 20  0 |  f = 2
  0  0  0  2  4  0 21 |  g = 3



=== Stratified cross-validation ===

Correctly Classified Instances         125               60.9756 %
Incorrectly Classified Instances        80               39.0244 %
Kappa statistic                          0.4885
Mean absolute error                      0.1773
Root mean squared error                  0.2894
Relative absolute error                 80.1992 %
Root relative squared error             87.1974 %
Total Number of Instances              205     


=== Confusion Matrix ===

  a  b  c  d  e  f  g   <-- classified as
  0  0  0  0  0  0  0 |  a = -3
  0  0  3  0  0  0  0 |  b = -2
  0  0 11 11  0  0  0 |  c = -1
  0  0  3 51  5  2  6 |  d = 0
  0  0  4  7 31  4  8 |  e = 1
  0  0  0  7 13 11  1 |  f = 2
  0  0  0  1  1  4 21 |  g = 3

