
Options: -R -M 8 -N 4 -L -A 

J48 pruned tree
------------------

num-of-doors = four
|   width <= 64.2
|   |   normalized-losses <= 108: 0 (9.53/3.0)
|   |   normalized-losses > 108: 1 (8.47/0.47)
|   width > 64.2
|   |   make = alfa-romero: 0 (0.0)
|   |   make = audi: 1 (4.0/2.0)
|   |   make = bmw: 0 (4.0)
|   |   make = chevrolet: 0 (0.0)
|   |   make = dodge: -1 (1.0)
|   |   make = honda: 0 (0.0)
|   |   make = isuzu: 0 (0.0)
|   |   make = jaguar: 0 (2.0)
|   |   make = mazda: 0 (2.56)
|   |   make = mercedes-benz: -1 (3.0/1.0)
|   |   make = mercury: 0 (0.0)
|   |   make = mitsubishi: 1 (3.0/1.0)
|   |   make = nissan: 0 (4.0)
|   |   make = peugot: 0 (9.0)
|   |   make = plymouth: -1 (1.0)
|   |   make = porsche: 0 (0.0)
|   |   make = renault: 0 (1.0)
|   |   make = saab: 2 (2.0)
|   |   make = subaru: 0 (6.0)
|   |   make = toyota: -1 (11.0/5.0)
|   |   make = volkswagen: 2 (6.0/2.0)
|   |   make = volvo: -1 (8.0/2.0)
num-of-doors = two
|   city-mpg <= 22: 3 (24.0/7.0)
|   city-mpg > 22
|   |   bore <= 3.39: 1 (35.44/13.44)
|   |   bore > 3.39: 2 (9.0)

Number of Leaves  : 	27

Size of the tree : 	33


Time taken to build model: 0.12 seconds
Time taken to test model on training data: 0.07 seconds

=== Error on training data ===

Correctly Classified Instances         154               75.122  %
Incorrectly Classified Instances        51               24.878  %
Kappa statistic                          0.6809
Mean absolute error                      0.1636
Root mean squared error                  0.2573
Relative absolute error                 74.0353 %
Root relative squared error             77.5697 %
Total Number of Instances              205     


=== Confusion Matrix ===

  a  b  c  d  e  f  g   <-- classified as
  0  0  0  0  0  0  0 |  a = -3
  0  0  3  0  0  0  0 |  b = -2
  0  0 21  0  1  0  0 |  c = -1
  0  0  8 45  6  3  5 |  d = 0
  0  0  0  4 45  0  5 |  e = 1
  0  0  0  0 11 20  1 |  f = 2
  0  0  0  0  4  0 23 |  g = 3



=== Stratified cross-validation ===

Correctly Classified Instances         126               61.4634 %
Incorrectly Classified Instances        79               38.5366 %
Kappa statistic                          0.4951
Mean absolute error                      0.1746
Root mean squared error                  0.2842
Relative absolute error                 78.9504 %
Root relative squared error             85.638  %
Total Number of Instances              205     


=== Confusion Matrix ===

  a  b  c  d  e  f  g   <-- classified as
  0  0  0  0  0  0  0 |  a = -3
  0  0  3  0  0  0  0 |  b = -2
  0  0 13  7  2  0  0 |  c = -1
  0  0  6 47  7  2  5 |  d = 0
  0  0  2  9 35  3  5 |  e = 1
  0  0  0  8 12 10  2 |  f = 2
  0  0  1  0  4  1 21 |  g = 3

