
Options: -R -M 8 -N 7 -L -A 

J48 pruned tree
------------------

num-of-doors = four
|   make = alfa-romero: 0 (0.0)
|   make = audi: 1 (4.0/1.0)
|   make = bmw: 0 (3.0/1.0)
|   make = chevrolet: 0 (1.0)
|   make = dodge: 1 (4.0/1.0)
|   make = honda: 0 (4.0)
|   make = isuzu: 0 (2.0)
|   make = jaguar: 0 (2.0)
|   make = mazda: 0 (7.57/2.0)
|   make = mercedes-benz: -1 (5.0/1.0)
|   make = mercury: 0 (0.0)
|   make = mitsubishi: 1 (3.0/1.0)
|   make = nissan: 0 (9.0/4.0)
|   make = peugot: 0 (10.0)
|   make = plymouth: 1 (4.0/1.0)
|   make = porsche: 0 (0.0)
|   make = renault: 0 (1.0)
|   make = saab: 2 (3.0)
|   make = subaru: 0 (8.0)
|   make = toyota: 0 (14.0/6.0)
|   make = volkswagen: 2 (6.0/2.0)
|   make = volvo: -1 (9.0/2.0)
num-of-doors = two
|   city-mpg <= 22
|   |   wheel-base <= 99.1: 3 (20.0/2.0)
|   |   wheel-base > 99.1: 0 (10.0/6.0)
|   city-mpg > 22
|   |   bore <= 3.39: 1 (35.43/13.43)
|   |   bore > 3.39: 2 (11.0)

Number of Leaves  : 	26

Size of the tree : 	31


Time taken to build model: 0.12 seconds
Time taken to test model on training data: 0.07 seconds

=== Error on training data ===

Correctly Classified Instances         154               75.122  %
Incorrectly Classified Instances        51               24.878  %
Kappa statistic                          0.6685
Mean absolute error                      0.1609
Root mean squared error                  0.2541
Relative absolute error                 72.8373 %
Root relative squared error             76.5809 %
Total Number of Instances              205     


=== Confusion Matrix ===

  a  b  c  d  e  f  g   <-- classified as
  0  0  0  0  0  0  0 |  a = -3
  0  0  3  0  0  0  0 |  b = -2
  0  0 12  7  3  0  0 |  c = -1
  0  0  1 60  3  3  0 |  d = 0
  0  0  0 11 41  0  2 |  e = 1
  0  0  0  1 11 20  0 |  f = 2
  0  0  0  2  4  0 21 |  g = 3



=== Stratified cross-validation ===

Correctly Classified Instances         128               62.439  %
Incorrectly Classified Instances        77               37.561  %
Kappa statistic                          0.5065
Mean absolute error                      0.1753
Root mean squared error                  0.2827
Relative absolute error                 79.2682 %
Root relative squared error             85.1846 %
Total Number of Instances              205     


=== Confusion Matrix ===

  a  b  c  d  e  f  g   <-- classified as
  0  0  0  0  0  0  0 |  a = -3
  0  0  2  1  0  0  0 |  b = -2
  0  0 14  5  2  1  0 |  c = -1
  0  0  5 49  6  3  4 |  d = 0
  0  0  1  8 36  4  5 |  e = 1
  0  0  0  8 15  8  1 |  f = 2
  0  0  1  1  2  2 21 |  g = 3

