
Options: -R -M 1 -N 9 

J48 pruned tree
------------------

num-of-doors = four
|   make = alfa-romero: 0 (0.0)
|   make = audi: 1 (5.0/2.0)
|   make = bmw: 0 (4.0/1.0)
|   make = chevrolet: 0 (1.0)
|   make = dodge: 1 (3.57/1.0)
|   make = honda: 0 (4.0)
|   make = isuzu: 0 (1.0)
|   make = jaguar: 0 (2.0)
|   make = mazda: 0 (7.57/2.0)
|   make = mercedes-benz: -1 (5.0/1.0)
|   make = mercury: 0 (0.0)
|   make = mitsubishi: 1 (4.0/1.0)
|   make = nissan
|   |   wheel-base <= 95.7: 1 (3.0)
|   |   wheel-base > 95.7: 0 (5.0)
|   make = peugot: 0 (10.0)
|   make = plymouth: 1 (4.0/1.0)
|   make = porsche: 0 (0.0)
|   make = renault: 0 (1.0)
|   make = saab: 2 (2.0)
|   make = subaru: 0 (8.0)
|   make = toyota
|   |   wheel-base <= 98.8: 0 (10.0/1.0)
|   |   wheel-base > 98.8: -1 (6.0)
|   make = volkswagen: 2 (8.0/3.0)
|   make = volvo: -1 (10.0/3.0)
num-of-doors = two
|   city-mpg <= 22: 3 (32.0/10.0)
|   city-mpg > 22
|   |   bore <= 3.39
|   |   |   wheel-base <= 89.5: 2 (3.0)
|   |   |   wheel-base > 89.5
|   |   |   |   width <= 64.1: 1 (20.43)
|   |   |   |   width > 64.1
|   |   |   |   |   compression-ratio <= 8.5: 3 (2.0)
|   |   |   |   |   compression-ratio > 8.5
|   |   |   |   |   |   fuel-system = 1bbl: 0 (1.0)
|   |   |   |   |   |   fuel-system = 2bbl
|   |   |   |   |   |   |   normalized-losses <= 145: 1 (5.0)
|   |   |   |   |   |   |   normalized-losses > 145: 2 (2.0)
|   |   |   |   |   |   fuel-system = 4bbl: 1 (0.0)
|   |   |   |   |   |   fuel-system = idi: 0 (0.43)
|   |   |   |   |   |   fuel-system = mfi: 1 (0.0)
|   |   |   |   |   |   fuel-system = mpfi: 2 (1.0)
|   |   |   |   |   |   fuel-system = spdi: 1 (0.0)
|   |   |   |   |   |   fuel-system = spfi: 1 (0.0)
|   |   bore > 3.39: 2 (12.0)

Number of Leaves  : 	38

Size of the tree : 	49


Time taken to build model: 0.2 seconds
Time taken to test model on training data: 0.05 seconds

=== Error on training data ===

Correctly Classified Instances         175               85.3659 %
Incorrectly Classified Instances        30               14.6341 %
Kappa statistic                          0.8109
Mean absolute error                      0.0604
Root mean squared error                  0.1791
Relative absolute error                 27.3251 %
Root relative squared error             53.9713 %
Total Number of Instances              205     


=== Confusion Matrix ===

  a  b  c  d  e  f  g   <-- classified as
  0  0  0  0  0  0  0 |  a = -3
  0  0  3  0  0  0  0 |  b = -2
  0  0 19  0  3  0  0 |  c = -1
  0  0  1 58  0  3  5 |  d = 0
  0  0  0  4 45  0  5 |  e = 1
  0  0  0  1  3 27  1 |  f = 2
  0  0  0  0  1  0 26 |  g = 3



=== Stratified cross-validation ===

Correctly Classified Instances         148               72.1951 %
Incorrectly Classified Instances        57               27.8049 %
Kappa statistic                          0.6362
Mean absolute error                      0.1015
Root mean squared error                  0.2446
Relative absolute error                 45.9004 %
Root relative squared error             73.7083 %
Total Number of Instances              205     


=== Confusion Matrix ===

  a  b  c  d  e  f  g   <-- classified as
  0  0  0  0  0  0  0 |  a = -3
  0  0  3  0  0  0  0 |  b = -2
  0  0 19  2  1  0  0 |  c = -1
  0  0  1 55  4  2  5 |  d = 0
  0  0  0 12 36  1  5 |  e = 1
  0  0  0  3 10 17  2 |  f = 2
  0  0  0  1  3  2 21 |  g = 3

