
Options: -R -M 6 -N 2 -S -A 

J48 pruned tree
------------------

num-of-doors = four
|   wheel-base <= 101.2
|   |   curb-weight <= 2050: 1 (9.0/2.0)
|   |   curb-weight > 2050
|   |   |   height <= 55.6: 0 (18.0/2.0)
|   |   |   height > 55.6: 2 (7.0/2.0)
|   wheel-base > 101.2
|   |   compression-ratio <= 8.4: 0 (13.0/3.0)
|   |   compression-ratio > 8.4: -1 (12.0/2.0)
num-of-doors = two
|   city-mpg <= 22: 3 (17.0/5.0)
|   city-mpg > 22: 1 (27.0/13.0)

Number of Leaves  : 	7

Size of the tree : 	13


Time taken to build model: 0.15 seconds
Time taken to test model on training data: 0.05 seconds

=== Error on training data ===

Correctly Classified Instances         136               66.3415 %
Incorrectly Classified Instances        69               33.6585 %
Kappa statistic                          0.5627
Mean absolute error                      0.1644
Root mean squared error                  0.2692
Relative absolute error                 74.4039 %
Root relative squared error             81.1519 %
Total Number of Instances              205     


=== Confusion Matrix ===

  a  b  c  d  e  f  g   <-- classified as
  0  0  0  0  0  0  0 |  a = -3
  0  0  2  1  0  0  0 |  b = -2
  0  0 19  3  0  0  0 |  c = -1
  0  0  6 46  6  4  5 |  d = 0
  0  0  3  6 40  0  5 |  e = 1
  0  0  0  2 21  8  1 |  f = 2
  0  0  0  0  4  0 23 |  g = 3



=== Stratified cross-validation ===

Correctly Classified Instances         132               64.3902 %
Incorrectly Classified Instances        73               35.6098 %
Kappa statistic                          0.5374
Mean absolute error                      0.1796
Root mean squared error                  0.283 
Relative absolute error                 81.2467 %
Root relative squared error             85.2607 %
Total Number of Instances              205     


=== Confusion Matrix ===

  a  b  c  d  e  f  g   <-- classified as
  0  0  0  0  0  0  0 |  a = -3
  0  0  2  1  0  0  0 |  b = -2
  0  0 16  4  2  0  0 |  c = -1
  0  0  7 49  4  2  5 |  d = 0
  0  0  4  4 36  5  5 |  e = 1
  0  0  0  9 11 10  2 |  f = 2
  0  0  1  0  3  2 21 |  g = 3

