
Options: -R -M 3 -N 2 -L -A 

J48 pruned tree
------------------

num-of-doors = four
|   wheel-base <= 101.2
|   |   curb-weight <= 2050: 1 (9.0/2.0)
|   |   curb-weight > 2050
|   |   |   make = alfa-romero: 0 (0.0)
|   |   |   make = audi: 2 (1.0)
|   |   |   make = bmw: 0 (1.0)
|   |   |   make = chevrolet: 0 (0.0)
|   |   |   make = dodge: 0 (0.0)
|   |   |   make = honda: 0 (1.0)
|   |   |   make = isuzu: 0 (0.0)
|   |   |   make = jaguar: 0 (0.0)
|   |   |   make = mazda: 0 (2.0)
|   |   |   make = mercedes-benz: 0 (0.0)
|   |   |   make = mercury: 0 (0.0)
|   |   |   make = mitsubishi: 1 (1.0)
|   |   |   make = nissan: 0 (3.0)
|   |   |   make = peugot: 0 (0.0)
|   |   |   make = plymouth: 0 (0.0)
|   |   |   make = porsche: 0 (0.0)
|   |   |   make = renault: 0 (1.0)
|   |   |   make = saab: 2 (2.0)
|   |   |   make = subaru: 0 (4.0)
|   |   |   make = toyota: 0 (5.0)
|   |   |   make = volkswagen: 2 (4.0/1.0)
|   |   |   make = volvo: 0 (0.0)
|   wheel-base > 101.2
|   |   compression-ratio <= 8.4: 0 (13.0/3.0)
|   |   compression-ratio > 8.4: -1 (12.0/2.0)
num-of-doors = two
|   city-mpg <= 22
|   |   num-of-cylinders = eight: 3 (0.0)
|   |   num-of-cylinders = five: 0 (1.0)
|   |   num-of-cylinders = four: 3 (8.0/1.0)
|   |   num-of-cylinders = six: 3 (5.0/2.0)
|   |   num-of-cylinders = three: 3 (0.0)
|   |   num-of-cylinders = twelve: 0 (1.0)
|   |   num-of-cylinders = two: 3 (2.0)
|   city-mpg > 22
|   |   compression-ratio <= 8.5: 3 (3.0/1.0)
|   |   compression-ratio > 8.5
|   |   |   bore <= 3.43
|   |   |   |   bore <= 3.01
|   |   |   |   |   normalized-losses <= 121: 1 (3.0/1.0)
|   |   |   |   |   normalized-losses > 121: 2 (4.0)
|   |   |   |   bore > 3.01: 1 (12.0/1.0)
|   |   |   bore > 3.43: 2 (5.0)

Number of Leaves  : 	37

Size of the tree : 	48


Time taken to build model: 0.11 seconds
Time taken to test model on training data: 0.1 seconds

=== Error on training data ===

Correctly Classified Instances         161               78.5366 %
Incorrectly Classified Instances        44               21.4634 %
Kappa statistic                          0.7256
Mean absolute error                      0.173 
Root mean squared error                  0.2675
Relative absolute error                 78.3087 %
Root relative squared error             80.6282 %
Total Number of Instances              205     


=== Confusion Matrix ===

  a  b  c  d  e  f  g   <-- classified as
  0  0  0  0  0  0  0 |  a = -3
  0  0  2  1  0  0  0 |  b = -2
  0  0 19  2  1  0  0 |  c = -1
  0  0  6 49  7  3  2 |  d = 0
  0  0  3  3 39  1  8 |  e = 1
  0  0  0  1  4 27  0 |  f = 2
  0  0  0  0  0  0 27 |  g = 3



=== Stratified cross-validation ===

Correctly Classified Instances         139               67.8049 %
Incorrectly Classified Instances        66               32.1951 %
Kappa statistic                          0.5799
Mean absolute error                      0.1863
Root mean squared error                  0.2854
Relative absolute error                 84.2778 %
Root relative squared error             85.9763 %
Total Number of Instances              205     


=== Confusion Matrix ===

  a  b  c  d  e  f  g   <-- classified as
  0  0  0  0  0  0  0 |  a = -3
  0  0  3  0  0  0  0 |  b = -2
  0  2 16  2  1  1  0 |  c = -1
  0  0  2 55  3  4  3 |  d = 0
  0  0  2  9 33  7  3 |  e = 1
  0  0  0  7 11 13  1 |  f = 2
  0  0  1  2  1  1 22 |  g = 3

