
Options: -R -M 9 -N 8 -L -S -A 

J48 pruned tree
------------------

num-of-doors = four
|   width <= 64.2
|   |   curb-weight <= 1989: 1 (9.0/2.0)
|   |   curb-weight > 1989: 0 (9.54/4.54)
|   width > 64.2
|   |   make = alfa-romero: 0 (0.0)
|   |   make = audi: 1 (4.0/2.0)
|   |   make = bmw: 0 (5.0/1.0)
|   |   make = chevrolet: 0 (0.0)
|   |   make = dodge: -1 (1.0)
|   |   make = honda: 0 (1.0)
|   |   make = isuzu: 0 (0.0)
|   |   make = jaguar: 0 (2.0)
|   |   make = mazda: 0 (4.54)
|   |   make = mercedes-benz: -1 (3.0/1.0)
|   |   make = mercury: 0 (0.0)
|   |   make = mitsubishi: 1 (3.0/1.0)
|   |   make = nissan: 0 (4.0)
|   |   make = peugot: 0 (10.0)
|   |   make = plymouth: -1 (1.0)
|   |   make = porsche: 0 (0.0)
|   |   make = renault: 0 (1.0)
|   |   make = saab: 2 (2.0)
|   |   make = subaru: 0 (8.0)
|   |   make = toyota: -1 (13.0/6.0)
|   |   make = volkswagen: 2 (7.0/3.0)
|   |   make = volvo: -1 (10.0/3.0)
num-of-doors = two
|   city-mpg <= 22: 3 (30.0/10.0)
|   city-mpg > 22
|   |   bore <= 3.39: 1 (40.91/15.46)
|   |   bore > 3.39: 2 (11.0)

Number of Leaves  : 	27

Size of the tree : 	33


Time taken to build model: 0.19 seconds
Time taken to test model on training data: 0.06 seconds

=== Error on training data ===

Correctly Classified Instances         154               75.122  %
Incorrectly Classified Instances        51               24.878  %
Kappa statistic                          0.6807
Mean absolute error                      0.1627
Root mean squared error                  0.2573
Relative absolute error                 73.6515 %
Root relative squared error             77.56   %
Total Number of Instances              205     


=== Confusion Matrix ===

  a  b  c  d  e  f  g   <-- classified as
  0  0  0  0  0  0  0 |  a = -3
  0  0  3  0  0  0  0 |  b = -2
  0  0 21  0  1  0  0 |  c = -1
  0  0  8 46  5  3  5 |  d = 0
  0  0  0  5 44  0  5 |  e = 1
  0  0  0  0 11 20  1 |  f = 2
  0  0  0  0  4  0 23 |  g = 3



=== Stratified cross-validation ===

Correctly Classified Instances         137               66.8293 %
Incorrectly Classified Instances        68               33.1707 %
Kappa statistic                          0.5586
Mean absolute error                      0.1741
Root mean squared error                  0.2797
Relative absolute error                 78.7414 %
Root relative squared error             84.2777 %
Total Number of Instances              205     


=== Confusion Matrix ===

  a  b  c  d  e  f  g   <-- classified as
  0  0  0  0  0  0  0 |  a = -3
  0  0  3  0  0  0  0 |  b = -2
  0  0 11  8  3  0  0 |  c = -1
  0  0  0 57  3  3  4 |  d = 0
  0  0  2  7 41  1  3 |  e = 1
  0  0  0  6 15  8  3 |  f = 2
  0  0  1  0  5  1 20 |  g = 3

