
Options: -B -C 0.10 -M 3 -S -A 

J48 pruned tree
------------------

make = volvo
|   normalized-losses <= 98.0: -1 (8.0)
|   normalized-losses > 98.0: -2 (3.0)
make != volvo
|   num-of-doors = four
|   |   height <= 51.6: 1 (10.54/1.0)
|   |   height > 51.6
|   |   |   make = saab: 2 (3.0)
|   |   |   make != saab
|   |   |   |   make = audi: 1 (5.0/2.0)
|   |   |   |   make != audi
|   |   |   |   |   make = volkswagen
|   |   |   |   |   |   wheel-base <= 98.8: 2 (5.0)
|   |   |   |   |   |   wheel-base > 98.8: 0 (3.0)
|   |   |   |   |   make != volkswagen
|   |   |   |   |   |   curb-weight <= 2050.0
|   |   |   |   |   |   |   horsepower <= 69.0: 1 (7.0)
|   |   |   |   |   |   |   horsepower > 69.0: 0 (4.0)
|   |   |   |   |   |   curb-weight > 2050.0
|   |   |   |   |   |   |   num-of-cylinders = five: -1 (3.0)
|   |   |   |   |   |   |   num-of-cylinders != five
|   |   |   |   |   |   |   |   normalized-losses <= 74.0: -1 (7.78/1.54)
|   |   |   |   |   |   |   |   normalized-losses > 74.0: 0 (55.76/4.63)
|   num-of-doors != four
|   |   city-mpg <= 22.0
|   |   |   body-style = sedan: 0 (4.0/1.0)
|   |   |   body-style != sedan: 3 (30.0/7.0)
|   |   city-mpg > 22.0
|   |   |   bore <= 3.39
|   |   |   |   make = volkswagen: 2 (4.0/2.0)
|   |   |   |   make != volkswagen
|   |   |   |   |   make = mitsubishi
|   |   |   |   |   |   curb-weight <= 2050.0: 2 (3.0)
|   |   |   |   |   |   curb-weight > 2050.0: 3 (3.0/1.0)
|   |   |   |   |   make != mitsubishi
|   |   |   |   |   |   wheel-base <= 89.5: 2 (3.0)
|   |   |   |   |   |   wheel-base > 89.5: 1 (30.93/3.46)
|   |   |   bore > 3.39: 2 (12.0)

Number of Leaves  : 	20

Size of the tree : 	39


Time taken to build model: 0.27 seconds
Time taken to test model on training data: 0.07 seconds

=== Error on training data ===

Correctly Classified Instances         183               89.2683 %
Incorrectly Classified Instances        22               10.7317 %
Kappa statistic                          0.8604
Mean absolute error                      0.1158
Root mean squared error                  0.2007
Relative absolute error                 52.4319 %
Root relative squared error             60.5063 %
Total Number of Instances              205     


=== Confusion Matrix ===

  a  b  c  d  e  f  g   <-- classified as
  0  0  0  0  0  0  0 |  a = -3
  0  3  0  0  0  0  0 |  b = -2
  0  0 17  4  1  0  0 |  c = -1
  0  0  0 63  2  0  2 |  d = 0
  0  0  0  1 47  0  6 |  e = 1
  0  0  0  1  3 28  0 |  f = 2
  0  0  0  0  0  2 25 |  g = 3



=== Stratified cross-validation ===

Correctly Classified Instances         149               72.6829 %
Incorrectly Classified Instances        56               27.3171 %
Kappa statistic                          0.6421
Mean absolute error                      0.1419
Root mean squared error                  0.2513
Relative absolute error                 64.1815 %
Root relative squared error             75.7129 %
Total Number of Instances              205     


=== Confusion Matrix ===

  a  b  c  d  e  f  g   <-- classified as
  0  0  0  0  0  0  0 |  a = -3
  0  0  3  0  0  0  0 |  b = -2
  0  1 15  5  1  0  0 |  c = -1
  0  0  1 54  5  3  4 |  d = 0
  0  0  1  4 43  0  6 |  e = 1
  0  0  0  5 10 16  1 |  f = 2
  0  0  0  1  3  2 21 |  g = 3

