
Options: -R -M 8 -N 8 -S 

J48 pruned tree
------------------

num-of-doors = four
|   width <= 64.2
|   |   normalized-losses <= 108: 0 (9.51/3.0)
|   |   normalized-losses > 108: 1 (9.03/0.49)
|   width > 64.2
|   |   make = alfa-romero: 0 (0.0)
|   |   make = audi: 1 (4.0/2.0)
|   |   make = bmw: 0 (5.0/1.0)
|   |   make = chevrolet: 0 (0.0)
|   |   make = dodge: -1 (1.0)
|   |   make = honda: 0 (1.0)
|   |   make = isuzu: 0 (0.0)
|   |   make = jaguar: 0 (2.0)
|   |   make = mazda: 0 (4.54)
|   |   make = mercedes-benz: -1 (3.0/1.0)
|   |   make = mercury: 0 (0.0)
|   |   make = mitsubishi: 1 (3.0/1.0)
|   |   make = nissan: 0 (4.0)
|   |   make = peugot: 0 (10.0)
|   |   make = plymouth: -1 (1.0)
|   |   make = porsche: 0 (0.0)
|   |   make = renault: 0 (1.0)
|   |   make = saab: 2 (2.0)
|   |   make = subaru: 0 (8.0)
|   |   make = toyota: -1 (13.0/6.0)
|   |   make = volkswagen: 2 (7.0/3.0)
|   |   make = volvo: -1 (10.0/3.0)
num-of-doors = two
|   city-mpg <= 22: 3 (30.0/10.0)
|   city-mpg > 22
|   |   bore <= 3.39: 1 (40.91/15.46)
|   |   bore > 3.39: 2 (11.0)

Number of Leaves  : 	27

Size of the tree : 	33


Time taken to build model: 0.05 seconds
Time taken to test model on training data: 0.01 seconds

=== Error on training data ===

Correctly Classified Instances         155               75.6098 %
Incorrectly Classified Instances        50               24.3902 %
Kappa statistic                          0.6871
Mean absolute error                      0.0983
Root mean squared error                  0.2206
Relative absolute error                 44.487  %
Root relative squared error             66.5041 %
Total Number of Instances              205     


=== Confusion Matrix ===

  a  b  c  d  e  f  g   <-- classified as
  0  0  0  0  0  0  0 |  a = -3
  0  0  3  0  0  0  0 |  b = -2
  0  0 21  0  1  0  0 |  c = -1
  0  0  8 46  5  3  5 |  d = 0
  0  0  0  4 45  0  5 |  e = 1
  0  0  0  0 11 20  1 |  f = 2
  0  0  0  0  4  0 23 |  g = 3



=== Stratified cross-validation ===

Correctly Classified Instances         137               66.8293 %
Incorrectly Classified Instances        68               33.1707 %
Kappa statistic                          0.56  
Mean absolute error                      0.1203
Root mean squared error                  0.2626
Relative absolute error                 54.4303 %
Root relative squared error             79.1104 %
Total Number of Instances              205     


=== Confusion Matrix ===

  a  b  c  d  e  f  g   <-- classified as
  0  0  0  0  0  0  0 |  a = -3
  0  0  3  0  0  0  0 |  b = -2
  0  0 14  5  3  0  0 |  c = -1
  0  0  1 56  3  3  4 |  d = 0
  0  0  1  8 41  1  3 |  e = 1
  0  0  0  5 17  7  3 |  f = 2
  0  0  1  0  6  1 19 |  g = 3

